2022-04-20 00:22:12 error: uncaughtException: this.userService is not a constructor
TypeError: this.userService is not a constructor
    at new MenusController (H:\workspace\博客\my-blog\admin-backend\src\controllers\menus.controller.ts:6:24)
    at new UsersRoute (H:\workspace\博客\my-blog\admin-backend\src\routes\menus.route.ts:11:28)
    at Object.<anonymous> (H:\workspace\博客\my-blog\admin-backend\src\routes\index.route.ts:6:70)
    at Module._compile (internal/modules/cjs/loader.js:999:30)
    at Module.m._compile (H:\workspace\博客\my-blog\node_modules\.pnpm\registry.npmmirror.com+ts-node@10.7.0_b1738d1eb0c8e687c0f1aa39c84932ef\node_modules\ts-node\src\index.ts:1455:23)
    at Module._extensions..js (internal/modules/cjs/loader.js:1027:10)
    at Object.require.extensions.<computed> [as .ts] (H:\workspace\博客\my-blog\node_modules\.pnpm\registry.npmmirror.com+ts-node@10.7.0_b1738d1eb0c8e687c0f1aa39c84932ef\node_modules\ts-node\src\index.ts:1458:12)
    at Module.load (internal/modules/cjs/loader.js:863:32)
    at Function.Module._load (internal/modules/cjs/loader.js:708:14)
    at Module.require (internal/modules/cjs/loader.js:887:19)
2022-04-20 00:22:24 error: uncaughtException: userService is not defined
ReferenceError: userService is not defined
    at new MenusController (H:\workspace\博客\my-blog\admin-backend\src\controllers\menus.controller.ts:6:28)
    at new UsersRoute (H:\workspace\博客\my-blog\admin-backend\src\routes\menus.route.ts:11:28)
    at Object.<anonymous> (H:\workspace\博客\my-blog\admin-backend\src\routes\index.route.ts:6:70)
    at Module._compile (internal/modules/cjs/loader.js:999:30)
    at Module.m._compile (H:\workspace\博客\my-blog\node_modules\.pnpm\registry.npmmirror.com+ts-node@10.7.0_b1738d1eb0c8e687c0f1aa39c84932ef\node_modules\ts-node\src\index.ts:1455:23)
    at Module._extensions..js (internal/modules/cjs/loader.js:1027:10)
    at Object.require.extensions.<computed> [as .ts] (H:\workspace\博客\my-blog\node_modules\.pnpm\registry.npmmirror.com+ts-node@10.7.0_b1738d1eb0c8e687c0f1aa39c84932ef\node_modules\ts-node\src\index.ts:1458:12)
    at Module.load (internal/modules/cjs/loader.js:863:32)
    at Function.Module._load (internal/modules/cjs/loader.js:708:14)
    at Module.require (internal/modules/cjs/loader.js:887:19)
2022-04-20 00:22:35 error: uncaughtException: userService is not defined
ReferenceError: userService is not defined
    at new MenusController (H:\workspace\博客\my-blog\admin-backend\src\controllers\menus.controller.ts:6:28)
    at new UsersRoute (H:\workspace\博客\my-blog\admin-backend\src\routes\menus.route.ts:11:28)
    at Object.<anonymous> (H:\workspace\博客\my-blog\admin-backend\src\routes\index.route.ts:6:70)
    at Module._compile (internal/modules/cjs/loader.js:999:30)
    at Module.m._compile (H:\workspace\博客\my-blog\node_modules\.pnpm\registry.npmmirror.com+ts-node@10.7.0_b1738d1eb0c8e687c0f1aa39c84932ef\node_modules\ts-node\src\index.ts:1455:23)
    at Module._extensions..js (internal/modules/cjs/loader.js:1027:10)
    at Object.require.extensions.<computed> [as .ts] (H:\workspace\博客\my-blog\node_modules\.pnpm\registry.npmmirror.com+ts-node@10.7.0_b1738d1eb0c8e687c0f1aa39c84932ef\node_modules\ts-node\src\index.ts:1458:12)
    at Module.load (internal/modules/cjs/loader.js:863:32)
    at Function.Module._load (internal/modules/cjs/loader.js:708:14)
    at Module.require (internal/modules/cjs/loader.js:887:19)
2022-04-20 00:22:39 error: uncaughtException: userService is not defined
ReferenceError: userService is not defined
    at new MenusController (H:\workspace\博客\my-blog\admin-backend\src\controllers\menus.controller.ts:6:28)
    at new UsersRoute (H:\workspace\博客\my-blog\admin-backend\src\routes\menus.route.ts:11:28)
    at Object.<anonymous> (H:\workspace\博客\my-blog\admin-backend\src\routes\index.route.ts:6:70)
    at Module._compile (internal/modules/cjs/loader.js:999:30)
    at Module.m._compile (H:\workspace\博客\my-blog\node_modules\.pnpm\registry.npmmirror.com+ts-node@10.7.0_b1738d1eb0c8e687c0f1aa39c84932ef\node_modules\ts-node\src\index.ts:1455:23)
    at Module._extensions..js (internal/modules/cjs/loader.js:1027:10)
    at Object.require.extensions.<computed> [as .ts] (H:\workspace\博客\my-blog\node_modules\.pnpm\registry.npmmirror.com+ts-node@10.7.0_b1738d1eb0c8e687c0f1aa39c84932ef\node_modules\ts-node\src\index.ts:1458:12)
    at Module.load (internal/modules/cjs/loader.js:863:32)
    at Function.Module._load (internal/modules/cjs/loader.js:708:14)
    at Module.require (internal/modules/cjs/loader.js:887:19)
2022-04-20 09:16:54 error: [GET] /menus >> StatusCode:: 401, Message:: Token身份无效!
