2022-04-18 00:04:32 info: =================================
2022-04-18 00:04:32 info: ======= ENV: development =======
2022-04-18 00:04:32 info: 🚀 App listening on the port 8000
2022-04-18 00:04:32 info: =================================
2022-04-18 00:04:33 info: 2ms Executed (default): SELECT 1+1 AS result
2022-04-18 00:04:33 info: 6ms Executed (default): CREATE TABLE IF NOT EXISTS `users` (`id` INTEGER auto_increment , `nickname` VARCHAR(64), `username` VARCHAR(45) NOT NULL UNIQUE, `password` VARCHAR(255) NOT NULL, `email` VARCHAR(128) NOT NULL UNIQUE, `gender` INTEGER, `avatar` VARCHAR(255), `mobile` INTEGER, `status` INTEGER DEFAULT 1, `deleted` INTEGER DEFAULT 0, `created_at` DATETIME NOT NULL, `updated_at` DATETIME NOT NULL, PRIMARY KEY (`id`)) ENGINE=InnoDB DEFAULT CHARSET=utf8mb4 COLLATE utf8mb4_general_ci;
2022-04-18 00:04:33 info: 11ms Executed (default): SHOW INDEX FROM `users`
2022-04-18 00:04:33 info: 3ms Executed (default): CREATE TABLE IF NOT EXISTS `roles` (`id` INTEGER auto_increment , `name` VARCHAR(64) NOT NULL, `code` VARCHAR(45) NOT NULL UNIQUE, `sort` INTEGER, `status` INTEGER DEFAULT 1, `deleted` INTEGER DEFAULT 0, `created_at` DATETIME NOT NULL, `updated_at` DATETIME NOT NULL, PRIMARY KEY (`id`)) ENGINE=InnoDB DEFAULT CHARSET=utf8mb4 COLLATE utf8mb4_general_ci;
2022-04-18 00:04:33 info: 4ms Executed (default): SHOW INDEX FROM `roles`
2022-04-18 00:04:33 info: 3ms Executed (default): CREATE TABLE IF NOT EXISTS `user_role` (`id` INTEGER auto_increment , `user_id` VARCHAR(64) NOT NULL, `role_id` VARCHAR(45) NOT NULL UNIQUE, `created_at` DATETIME NOT NULL, `updated_at` DATETIME NOT NULL, `user_model_id` INTEGER, `role_model_id` INTEGER, UNIQUE `user_role_RoleModelId_UserModelId_unique` (`user_model_id`, `role_model_id`), PRIMARY KEY (`id`), FOREIGN KEY (`user_id`) REFERENCES `users` (`id`), FOREIGN KEY (`role_id`) REFERENCES `roles` (`id`), FOREIGN KEY (`user_model_id`) REFERENCES `users` (`id`) ON DELETE CASCADE ON UPDATE CASCADE, FOREIGN KEY (`role_model_id`) REFERENCES `roles` (`id`) ON DELETE CASCADE ON UPDATE CASCADE) ENGINE=InnoDB DEFAULT CHARSET=utf8mb4 COLLATE utf8mb4_general_ci;
2022-04-18 00:04:33 info: 2ms Executed (default): SHOW INDEX FROM `user_role`
2022-04-18 00:08:28 info: =================================
2022-04-18 00:08:28 info: ======= ENV: development =======
2022-04-18 00:08:28 info: 🚀 App listening on the port 8000
2022-04-18 00:08:28 info: =================================
2022-04-18 00:08:28 info: 2ms Executed (default): SELECT 1+1 AS result
2022-04-18 00:08:28 info: 4ms Executed (default): CREATE TABLE IF NOT EXISTS `users` (`id` INTEGER auto_increment , `nickname` VARCHAR(64), `username` VARCHAR(45) NOT NULL UNIQUE, `password` VARCHAR(255) NOT NULL, `email` VARCHAR(128) NOT NULL UNIQUE, `gender` INTEGER, `avatar` VARCHAR(255), `mobile` INTEGER, `status` INTEGER DEFAULT 1, `deleted` INTEGER DEFAULT 0, `created_at` DATETIME NOT NULL, `updated_at` DATETIME NOT NULL, PRIMARY KEY (`id`)) ENGINE=InnoDB DEFAULT CHARSET=utf8mb4 COLLATE utf8mb4_general_ci;
2022-04-18 00:08:28 info: 9ms Executed (default): SHOW INDEX FROM `users`
2022-04-18 00:08:28 info: 3ms Executed (default): CREATE TABLE IF NOT EXISTS `roles` (`id` INTEGER auto_increment , `name` VARCHAR(64) NOT NULL, `code` VARCHAR(45) NOT NULL UNIQUE, `sort` INTEGER, `status` INTEGER DEFAULT 1, `deleted` INTEGER DEFAULT 0, `created_at` DATETIME NOT NULL, `updated_at` DATETIME NOT NULL, PRIMARY KEY (`id`)) ENGINE=InnoDB DEFAULT CHARSET=utf8mb4 COLLATE utf8mb4_general_ci;
2022-04-18 00:08:28 info: 3ms Executed (default): SHOW INDEX FROM `roles`
2022-04-18 00:08:28 info: 2ms Executed (default): CREATE TABLE IF NOT EXISTS `user_role` (`id` INTEGER auto_increment , `user_id` INTEGER NOT NULL, `role_id` INTEGER NOT NULL, `created_at` DATETIME NOT NULL, `updated_at` DATETIME NOT NULL, `user_model_id` INTEGER, `role_model_id` INTEGER, UNIQUE `user_role_RoleModelId_UserModelId_unique` (`user_model_id`, `role_model_id`), PRIMARY KEY (`id`), FOREIGN KEY (`user_id`) REFERENCES `users` (`id`), FOREIGN KEY (`role_id`) REFERENCES `roles` (`id`), FOREIGN KEY (`user_model_id`) REFERENCES `users` (`id`) ON DELETE CASCADE ON UPDATE CASCADE, FOREIGN KEY (`role_model_id`) REFERENCES `roles` (`id`) ON DELETE CASCADE ON UPDATE CASCADE) ENGINE=InnoDB DEFAULT CHARSET=utf8mb4 COLLATE utf8mb4_general_ci;
2022-04-18 00:08:28 info: 3ms Executed (default): SHOW INDEX FROM `user_role`
2022-04-18 00:08:34 info: 3ms Executed (default): SELECT `id`, `nickname`, `username`, `password`, `email`, `gender`, `avatar`, `mobile`, `status`, `deleted`, `created_at` AS `createdAt`, `updated_at` AS `updatedAt` FROM `users` AS `UserModel` WHERE `UserModel`.`username` = 'admin';
2022-04-18 00:08:34 info: [0mPOST /login [32m200[0m 186.269 ms - 282[0m
2022-04-18 00:08:42 info: 46ms Executed (default): SELECT `UserModel`.`id`, `UserModel`.`nickname`, `UserModel`.`username`, `UserModel`.`email`, `UserModel`.`gender`, `UserModel`.`avatar`, `UserModel`.`mobile`, `UserModel`.`status`, `UserModel`.`deleted`, `UserModel`.`created_at` AS `createdAt`, `UserModel`.`updated_at` AS `updatedAt`, `roles`.`id` AS `roles.id`, `roles`.`name` AS `roles.name`, `roles`.`code` AS `roles.code`, `roles`.`sort` AS `roles.sort`, `roles`.`status` AS `roles.status`, `roles`.`deleted` AS `roles.deleted`, `roles`.`created_at` AS `roles.createdAt`, `roles`.`updated_at` AS `roles.updatedAt` FROM `users` AS `UserModel` LEFT OUTER JOIN ( `user_role` AS `roles->UserRoleModel` INNER JOIN `roles` AS `roles` ON `roles`.`id` = `roles->UserRoleModel`.`role_model_id`) ON `UserModel`.`id` = `roles->UserRoleModel`.`user_model_id` WHERE `UserModel`.`id` = 1;
2022-04-18 00:12:38 info: =================================
2022-04-18 00:12:38 info: ======= ENV: development =======
2022-04-18 00:12:38 info: 🚀 App listening on the port 8000
2022-04-18 00:12:38 info: =================================
2022-04-18 00:12:38 info: 2ms Executed (default): SELECT 1+1 AS result
2022-04-18 00:12:38 info: 5ms Executed (default): CREATE TABLE IF NOT EXISTS `users` (`id` INTEGER auto_increment , `nickname` VARCHAR(64), `username` VARCHAR(45) NOT NULL UNIQUE, `password` VARCHAR(255) NOT NULL, `email` VARCHAR(128) NOT NULL UNIQUE, `gender` INTEGER, `avatar` VARCHAR(255), `mobile` INTEGER, `status` INTEGER DEFAULT 1, `deleted` INTEGER DEFAULT 0, `created_at` DATETIME NOT NULL, `updated_at` DATETIME NOT NULL, PRIMARY KEY (`id`)) ENGINE=InnoDB DEFAULT CHARSET=utf8mb4 COLLATE utf8mb4_general_ci;
2022-04-18 00:12:38 info: 8ms Executed (default): SHOW INDEX FROM `users`
2022-04-18 00:12:38 info: 2ms Executed (default): CREATE TABLE IF NOT EXISTS `roles` (`id` INTEGER auto_increment , `name` VARCHAR(64) NOT NULL, `code` VARCHAR(45) NOT NULL UNIQUE, `sort` INTEGER, `status` INTEGER DEFAULT 1, `deleted` INTEGER DEFAULT 0, `created_at` DATETIME NOT NULL, `updated_at` DATETIME NOT NULL, PRIMARY KEY (`id`)) ENGINE=InnoDB DEFAULT CHARSET=utf8mb4 COLLATE utf8mb4_general_ci;
2022-04-18 00:12:38 info: 3ms Executed (default): SHOW INDEX FROM `roles`
2022-04-18 00:12:38 info: 3ms Executed (default): CREATE TABLE IF NOT EXISTS `user_role` (`id` INTEGER auto_increment , `user_id` INTEGER NOT NULL, `role_id` INTEGER NOT NULL, `created_at` DATETIME NOT NULL, `updated_at` DATETIME NOT NULL, `user_model_id` INTEGER, `role_model_id` INTEGER, UNIQUE `user_role_RoleModelId_UserModelId_unique` (`user_model_id`, `role_model_id`), PRIMARY KEY (`id`), FOREIGN KEY (`user_id`) REFERENCES `users` (`username`), FOREIGN KEY (`role_id`) REFERENCES `roles` (`name`), FOREIGN KEY (`user_model_id`) REFERENCES `users` (`id`) ON DELETE CASCADE ON UPDATE CASCADE, FOREIGN KEY (`role_model_id`) REFERENCES `roles` (`id`) ON DELETE CASCADE ON UPDATE CASCADE) ENGINE=InnoDB DEFAULT CHARSET=utf8mb4 COLLATE utf8mb4_general_ci;
2022-04-18 00:12:38 info: 2ms Executed (default): SHOW INDEX FROM `user_role`
2022-04-18 00:12:43 info: 3ms Executed (default): SELECT `id`, `nickname`, `username`, `password`, `email`, `gender`, `avatar`, `mobile`, `status`, `deleted`, `created_at` AS `createdAt`, `updated_at` AS `updatedAt` FROM `users` AS `UserModel` WHERE `UserModel`.`username` = 'admin';
2022-04-18 00:12:43 info: [0mPOST /login [32m200[0m 153.200 ms - 282[0m
2022-04-18 00:12:47 info: 31ms Executed (default): SELECT `UserModel`.`id`, `UserModel`.`nickname`, `UserModel`.`username`, `UserModel`.`email`, `UserModel`.`gender`, `UserModel`.`avatar`, `UserModel`.`mobile`, `UserModel`.`status`, `UserModel`.`deleted`, `UserModel`.`created_at` AS `createdAt`, `UserModel`.`updated_at` AS `updatedAt`, `roles`.`id` AS `roles.id`, `roles`.`name` AS `roles.name`, `roles`.`code` AS `roles.code`, `roles`.`sort` AS `roles.sort`, `roles`.`status` AS `roles.status`, `roles`.`deleted` AS `roles.deleted`, `roles`.`created_at` AS `roles.createdAt`, `roles`.`updated_at` AS `roles.updatedAt` FROM `users` AS `UserModel` LEFT OUTER JOIN ( `user_role` AS `roles->UserRoleModel` INNER JOIN `roles` AS `roles` ON `roles`.`id` = `roles->UserRoleModel`.`role_model_id`) ON `UserModel`.`id` = `roles->UserRoleModel`.`user_model_id` WHERE `UserModel`.`id` = 1;
2022-04-18 00:12:50 error: [GET] /login-info >> StatusCode:: 500, Message:: Unknown column 'roles->UserRoleModel.role_model_id' in 'on clause'
2022-04-18 00:12:50 info: [0mGET /login-info [31m500[0m 6025.025 ms - 90[0m
2022-04-18 00:13:50 info: =================================
2022-04-18 00:13:50 info: ======= ENV: development =======
2022-04-18 00:13:50 info: 🚀 App listening on the port 8000
2022-04-18 00:13:50 info: =================================
2022-04-18 00:13:50 info: 1ms Executed (default): SELECT 1+1 AS result
2022-04-18 00:13:50 info: 4ms Executed (default): CREATE TABLE IF NOT EXISTS `users` (`id` INTEGER auto_increment , `nickname` VARCHAR(64), `username` VARCHAR(45) NOT NULL UNIQUE, `password` VARCHAR(255) NOT NULL, `email` VARCHAR(128) NOT NULL UNIQUE, `gender` INTEGER, `avatar` VARCHAR(255), `mobile` INTEGER, `status` INTEGER DEFAULT 1, `deleted` INTEGER DEFAULT 0, `created_at` DATETIME NOT NULL, `updated_at` DATETIME NOT NULL, PRIMARY KEY (`id`)) ENGINE=InnoDB DEFAULT CHARSET=utf8mb4 COLLATE utf8mb4_general_ci;
2022-04-18 00:13:50 info: 5ms Executed (default): SHOW INDEX FROM `users`
2022-04-18 00:13:50 info: 2ms Executed (default): CREATE TABLE IF NOT EXISTS `roles` (`id` INTEGER auto_increment , `name` VARCHAR(64) NOT NULL, `code` VARCHAR(45) NOT NULL UNIQUE, `sort` INTEGER, `status` INTEGER DEFAULT 1, `deleted` INTEGER DEFAULT 0, `created_at` DATETIME NOT NULL, `updated_at` DATETIME NOT NULL, PRIMARY KEY (`id`)) ENGINE=InnoDB DEFAULT CHARSET=utf8mb4 COLLATE utf8mb4_general_ci;
2022-04-18 00:13:50 info: 3ms Executed (default): SHOW INDEX FROM `roles`
2022-04-18 00:13:50 info: 2ms Executed (default): CREATE TABLE IF NOT EXISTS `user_role` (`id` INTEGER auto_increment , `user_id` INTEGER NOT NULL, `role_id` INTEGER NOT NULL, `created_at` DATETIME NOT NULL, `updated_at` DATETIME NOT NULL, `user_model_id` INTEGER, `role_model_id` INTEGER, UNIQUE `user_role_RoleModelId_UserModelId_unique` (`user_model_id`, `role_model_id`), PRIMARY KEY (`id`), FOREIGN KEY (`user_id`) REFERENCES `users` (`id`), FOREIGN KEY (`role_id`) REFERENCES `roles` (`id`), FOREIGN KEY (`user_model_id`) REFERENCES `users` (`id`) ON DELETE CASCADE ON UPDATE CASCADE, FOREIGN KEY (`role_model_id`) REFERENCES `roles` (`id`) ON DELETE CASCADE ON UPDATE CASCADE) ENGINE=InnoDB DEFAULT CHARSET=utf8mb4 COLLATE utf8mb4_general_ci;
2022-04-18 00:13:50 info: 1ms Executed (default): SHOW INDEX FROM `user_role`
2022-04-18 00:15:20 info: =================================
2022-04-18 00:15:20 info: ======= ENV: development =======
2022-04-18 00:15:20 info: 🚀 App listening on the port 8000
2022-04-18 00:15:20 info: =================================
2022-04-18 00:15:20 info: 2ms Executed (default): SELECT 1+1 AS result
2022-04-18 00:15:20 info: 3ms Executed (default): CREATE TABLE IF NOT EXISTS `users` (`id` INTEGER auto_increment , `nickname` VARCHAR(64), `username` VARCHAR(45) NOT NULL UNIQUE, `password` VARCHAR(255) NOT NULL, `email` VARCHAR(128) NOT NULL UNIQUE, `gender` INTEGER, `avatar` VARCHAR(255), `mobile` INTEGER, `status` INTEGER DEFAULT 1, `deleted` INTEGER DEFAULT 0, `created_at` DATETIME NOT NULL, `updated_at` DATETIME NOT NULL, PRIMARY KEY (`id`)) ENGINE=InnoDB DEFAULT CHARSET=utf8mb4 COLLATE utf8mb4_general_ci;
2022-04-18 00:15:20 info: 7ms Executed (default): SHOW INDEX FROM `users`
2022-04-18 00:15:20 info: 2ms Executed (default): CREATE TABLE IF NOT EXISTS `roles` (`id` INTEGER auto_increment , `name` VARCHAR(64) NOT NULL, `code` VARCHAR(45) NOT NULL UNIQUE, `sort` INTEGER, `status` INTEGER DEFAULT 1, `deleted` INTEGER DEFAULT 0, `created_at` DATETIME NOT NULL, `updated_at` DATETIME NOT NULL, PRIMARY KEY (`id`)) ENGINE=InnoDB DEFAULT CHARSET=utf8mb4 COLLATE utf8mb4_general_ci;
2022-04-18 00:15:20 info: 4ms Executed (default): SHOW INDEX FROM `roles`
2022-04-18 00:15:20 info: 3ms Executed (default): CREATE TABLE IF NOT EXISTS `user_role` (`id` INTEGER auto_increment , `user_id` INTEGER NOT NULL, `role_id` INTEGER NOT NULL, `created_at` DATETIME NOT NULL, `updated_at` DATETIME NOT NULL, `user_model_id` INTEGER, `role_model_id` INTEGER, UNIQUE `user_role_RoleModelId_UserModelId_unique` (`user_model_id`, `role_model_id`), PRIMARY KEY (`id`), FOREIGN KEY (`user_id`) REFERENCES `users` (`id`), FOREIGN KEY (`role_id`) REFERENCES `roles` (`id`), FOREIGN KEY (`user_model_id`) REFERENCES `users` (`id`) ON DELETE CASCADE ON UPDATE CASCADE, FOREIGN KEY (`role_model_id`) REFERENCES `roles` (`id`) ON DELETE CASCADE ON UPDATE CASCADE) ENGINE=InnoDB DEFAULT CHARSET=utf8mb4 COLLATE utf8mb4_general_ci;
2022-04-18 00:15:20 info: 4ms Executed (default): SHOW INDEX FROM `user_role`
2022-04-18 00:15:25 info: 2ms Executed (default): SELECT `id`, `nickname`, `username`, `password`, `email`, `gender`, `avatar`, `mobile`, `status`, `deleted`, `created_at` AS `createdAt`, `updated_at` AS `updatedAt` FROM `users` AS `UserModel` WHERE `UserModel`.`username` = 'admin';
2022-04-18 00:15:25 info: [0mPOST /login [32m200[0m 172.570 ms - 282[0m
2022-04-18 00:15:29 info: 41ms Executed (default): SELECT `UserModel`.`id`, `UserModel`.`nickname`, `UserModel`.`username`, `UserModel`.`email`, `UserModel`.`gender`, `UserModel`.`avatar`, `UserModel`.`mobile`, `UserModel`.`status`, `UserModel`.`deleted`, `UserModel`.`created_at` AS `createdAt`, `UserModel`.`updated_at` AS `updatedAt`, `roles`.`id` AS `roles.id`, `roles`.`name` AS `roles.name`, `roles`.`code` AS `roles.code`, `roles`.`sort` AS `roles.sort`, `roles`.`status` AS `roles.status`, `roles`.`deleted` AS `roles.deleted`, `roles`.`created_at` AS `roles.createdAt`, `roles`.`updated_at` AS `roles.updatedAt` FROM `users` AS `UserModel` LEFT OUTER JOIN ( `user_role` AS `roles->UserRoleModel` INNER JOIN `roles` AS `roles` ON `roles`.`id` = `roles->UserRoleModel`.`role_model_id`) ON `UserModel`.`id` = `roles->UserRoleModel`.`user_model_id` WHERE `UserModel`.`id` = 1;
2022-04-18 00:15:29 error: [GET] /login-info >> StatusCode:: 500, Message:: Unknown column 'roles->UserRoleModel.role_model_id' in 'on clause'
2022-04-18 00:15:29 info: [0mGET /login-info [31m500[0m 3619.105 ms - 90[0m
2022-04-18 00:15:48 info: =================================
2022-04-18 00:15:48 info: ======= ENV: development =======
2022-04-18 00:15:48 info: 🚀 App listening on the port 8000
2022-04-18 00:15:48 info: =================================
2022-04-18 00:15:48 info: 2ms Executed (default): SELECT 1+1 AS result
2022-04-18 00:15:48 info: 4ms Executed (default): CREATE TABLE IF NOT EXISTS `users` (`id` INTEGER auto_increment , `nickname` VARCHAR(64), `username` VARCHAR(45) NOT NULL UNIQUE, `password` VARCHAR(255) NOT NULL, `email` VARCHAR(128) NOT NULL UNIQUE, `gender` INTEGER, `avatar` VARCHAR(255), `mobile` INTEGER, `status` INTEGER DEFAULT 1, `deleted` INTEGER DEFAULT 0, `created_at` DATETIME NOT NULL, `updated_at` DATETIME NOT NULL, PRIMARY KEY (`id`)) ENGINE=InnoDB DEFAULT CHARSET=utf8mb4 COLLATE utf8mb4_general_ci;
2022-04-18 00:15:48 info: 12ms Executed (default): SHOW INDEX FROM `users`
2022-04-18 00:15:48 info: 3ms Executed (default): CREATE TABLE IF NOT EXISTS `roles` (`id` INTEGER auto_increment , `name` VARCHAR(64) NOT NULL, `code` VARCHAR(45) NOT NULL UNIQUE, `sort` INTEGER, `status` INTEGER DEFAULT 1, `deleted` INTEGER DEFAULT 0, `created_at` DATETIME NOT NULL, `updated_at` DATETIME NOT NULL, PRIMARY KEY (`id`)) ENGINE=InnoDB DEFAULT CHARSET=utf8mb4 COLLATE utf8mb4_general_ci;
2022-04-18 00:15:48 info: 3ms Executed (default): SHOW INDEX FROM `roles`
2022-04-18 00:15:48 info: 3ms Executed (default): CREATE TABLE IF NOT EXISTS `user_role` (`id` INTEGER auto_increment , `user_id` INTEGER NOT NULL, `role_id` INTEGER NOT NULL, `created_at` DATETIME NOT NULL, `updated_at` DATETIME NOT NULL, `user_model_id` INTEGER, `role_model_id` INTEGER, UNIQUE `user_role_RoleModelId_UserModelId_unique` (`user_model_id`, `role_model_id`), PRIMARY KEY (`id`), FOREIGN KEY (`user_id`) REFERENCES `users` (`id`), FOREIGN KEY (`role_id`) REFERENCES `roles` (`id`), FOREIGN KEY (`user_model_id`) REFERENCES `users` (`id`) ON DELETE CASCADE ON UPDATE CASCADE, FOREIGN KEY (`role_model_id`) REFERENCES `roles` (`id`) ON DELETE CASCADE ON UPDATE CASCADE) ENGINE=InnoDB DEFAULT CHARSET=utf8mb4 COLLATE utf8mb4_general_ci;
2022-04-18 00:15:48 info: 4ms Executed (default): SHOW INDEX FROM `user_role`
2022-04-18 00:19:41 info: 2ms Executed (default): SELECT 1+1 AS result
2022-04-18 00:20:36 info: =================================
2022-04-18 00:20:36 info: ======= ENV: development =======
2022-04-18 00:20:36 info: 🚀 App listening on the port 8000
2022-04-18 00:20:37 info: =================================
2022-04-18 00:20:37 info: 2ms Executed (default): SELECT 1+1 AS result
2022-04-18 00:20:37 info: 4ms Executed (default): CREATE TABLE IF NOT EXISTS `users` (`id` INTEGER auto_increment , `nickname` VARCHAR(64), `username` VARCHAR(45) NOT NULL UNIQUE, `password` VARCHAR(255) NOT NULL, `email` VARCHAR(128) NOT NULL UNIQUE, `gender` INTEGER, `avatar` VARCHAR(255), `mobile` INTEGER, `status` INTEGER DEFAULT 1, `deleted` INTEGER DEFAULT 0, `created_at` DATETIME NOT NULL, `updated_at` DATETIME NOT NULL, PRIMARY KEY (`id`)) ENGINE=InnoDB DEFAULT CHARSET=utf8mb4 COLLATE utf8mb4_general_ci;
2022-04-18 00:20:37 info: 5ms Executed (default): SHOW INDEX FROM `users`
2022-04-18 00:20:37 info: 3ms Executed (default): CREATE TABLE IF NOT EXISTS `roles` (`id` INTEGER auto_increment , `name` VARCHAR(64) NOT NULL, `code` VARCHAR(45) NOT NULL UNIQUE, `sort` INTEGER, `status` INTEGER DEFAULT 1, `deleted` INTEGER DEFAULT 0, `created_at` DATETIME NOT NULL, `updated_at` DATETIME NOT NULL, PRIMARY KEY (`id`)) ENGINE=InnoDB DEFAULT CHARSET=utf8mb4 COLLATE utf8mb4_general_ci;
2022-04-18 00:20:37 info: 4ms Executed (default): SHOW INDEX FROM `roles`
2022-04-18 00:20:37 info: 3ms Executed (default): CREATE TABLE IF NOT EXISTS `user_role` (`id` INTEGER auto_increment , `user_id` INTEGER NOT NULL, `role_id` INTEGER NOT NULL, `created_at` DATETIME NOT NULL, `updated_at` DATETIME NOT NULL, `user_model_id` INTEGER, `role_model_id` INTEGER, UNIQUE `user_role_RoleModelId_UserModelId_unique` (`user_model_id`, `role_model_id`), PRIMARY KEY (`id`), FOREIGN KEY (`user_id`) REFERENCES `users` (`id`), FOREIGN KEY (`role_id`) REFERENCES `roles` (`id`), FOREIGN KEY (`user_model_id`) REFERENCES `users` (`id`) ON DELETE CASCADE ON UPDATE CASCADE, FOREIGN KEY (`role_model_id`) REFERENCES `roles` (`id`) ON DELETE CASCADE ON UPDATE CASCADE) ENGINE=InnoDB DEFAULT CHARSET=utf8mb4 COLLATE utf8mb4_general_ci;
2022-04-18 00:20:37 info: 2ms Executed (default): SHOW INDEX FROM `user_role`
2022-04-18 00:21:08 info: =================================
2022-04-18 00:21:08 info: ======= ENV: development =======
2022-04-18 00:21:08 info: 🚀 App listening on the port 8000
2022-04-18 00:21:08 info: =================================
2022-04-18 00:21:08 info: 1ms Executed (default): SELECT 1+1 AS result
2022-04-18 00:21:08 info: 3ms Executed (default): CREATE TABLE IF NOT EXISTS `users` (`id` INTEGER auto_increment , `nickname` VARCHAR(64), `username` VARCHAR(45) NOT NULL UNIQUE, `password` VARCHAR(255) NOT NULL, `email` VARCHAR(128) NOT NULL UNIQUE, `gender` INTEGER, `avatar` VARCHAR(255), `mobile` INTEGER, `status` INTEGER DEFAULT 1, `deleted` INTEGER DEFAULT 0, `created_at` DATETIME NOT NULL, `updated_at` DATETIME NOT NULL, PRIMARY KEY (`id`)) ENGINE=InnoDB DEFAULT CHARSET=utf8mb4 COLLATE utf8mb4_general_ci;
2022-04-18 00:21:08 info: 5ms Executed (default): SHOW INDEX FROM `users`
2022-04-18 00:21:08 info: 3ms Executed (default): CREATE TABLE IF NOT EXISTS `roles` (`id` INTEGER auto_increment , `name` VARCHAR(64) NOT NULL, `code` VARCHAR(45) NOT NULL UNIQUE, `sort` INTEGER, `status` INTEGER DEFAULT 1, `deleted` INTEGER DEFAULT 0, `created_at` DATETIME NOT NULL, `updated_at` DATETIME NOT NULL, PRIMARY KEY (`id`)) ENGINE=InnoDB DEFAULT CHARSET=utf8mb4 COLLATE utf8mb4_general_ci;
2022-04-18 00:21:08 info: 2ms Executed (default): SHOW INDEX FROM `roles`
2022-04-18 00:21:08 info: 3ms Executed (default): CREATE TABLE IF NOT EXISTS `user_role` (`id` INTEGER auto_increment , `user_id` INTEGER NOT NULL, `role_id` INTEGER NOT NULL, `created_at` DATETIME NOT NULL, `updated_at` DATETIME NOT NULL, `user_model_id` INTEGER, `role_model_id` INTEGER, UNIQUE `id` (`user_model_id`, `role_model_id`), PRIMARY KEY (`id`), FOREIGN KEY (`user_id`) REFERENCES `users` (`id`), FOREIGN KEY (`role_id`) REFERENCES `roles` (`id`), FOREIGN KEY (`user_model_id`) REFERENCES `users` (`id`) ON DELETE CASCADE ON UPDATE CASCADE, FOREIGN KEY (`role_model_id`) REFERENCES `roles` (`id`) ON DELETE CASCADE ON UPDATE CASCADE) ENGINE=InnoDB DEFAULT CHARSET=utf8mb4 COLLATE utf8mb4_general_ci;
2022-04-18 00:21:08 info: 2ms Executed (default): SHOW INDEX FROM `user_role`
2022-04-18 00:21:22 info: 3ms Executed (default): SELECT `id`, `nickname`, `username`, `password`, `email`, `gender`, `avatar`, `mobile`, `status`, `deleted`, `created_at` AS `createdAt`, `updated_at` AS `updatedAt` FROM `users` AS `UserModel` WHERE `UserModel`.`username` = 'admin';
2022-04-18 00:21:22 info: [0mPOST /login [32m200[0m 150.845 ms - 282[0m
2022-04-18 00:21:25 info: 28ms Executed (default): SELECT `UserModel`.`id`, `UserModel`.`nickname`, `UserModel`.`username`, `UserModel`.`email`, `UserModel`.`gender`, `UserModel`.`avatar`, `UserModel`.`mobile`, `UserModel`.`status`, `UserModel`.`deleted`, `UserModel`.`created_at` AS `createdAt`, `UserModel`.`updated_at` AS `updatedAt`, `roles`.`id` AS `roles.id`, `roles`.`name` AS `roles.name`, `roles`.`code` AS `roles.code`, `roles`.`sort` AS `roles.sort`, `roles`.`status` AS `roles.status`, `roles`.`deleted` AS `roles.deleted`, `roles`.`created_at` AS `roles.createdAt`, `roles`.`updated_at` AS `roles.updatedAt` FROM `users` AS `UserModel` LEFT OUTER JOIN ( `user_role` AS `roles->UserRoleModel` INNER JOIN `roles` AS `roles` ON `roles`.`id` = `roles->UserRoleModel`.`role_model_id`) ON `UserModel`.`id` = `roles->UserRoleModel`.`user_model_id` WHERE `UserModel`.`id` = 1;
2022-04-18 00:21:28 error: [GET] /login-info >> StatusCode:: 500, Message:: Unknown column 'roles->UserRoleModel.role_model_id' in 'on clause'
2022-04-18 00:21:28 info: [0mGET /login-info [31m500[0m 6372.782 ms - 90[0m
2022-04-18 00:27:17 info: =================================
2022-04-18 00:27:17 info: ======= ENV: development =======
2022-04-18 00:27:17 info: 🚀 App listening on the port 8000
2022-04-18 00:27:17 info: =================================
2022-04-18 00:27:17 info: 2ms Executed (default): SELECT 1+1 AS result
2022-04-18 00:27:17 info: 2ms Executed (default): CREATE TABLE IF NOT EXISTS `users` (`id` INTEGER auto_increment , `nickname` VARCHAR(64), `username` VARCHAR(45) NOT NULL UNIQUE, `password` VARCHAR(255) NOT NULL, `email` VARCHAR(128) NOT NULL UNIQUE, `gender` INTEGER, `avatar` VARCHAR(255), `mobile` INTEGER, `status` INTEGER DEFAULT 1, `deleted` INTEGER DEFAULT 0, `created_at` DATETIME NOT NULL, `updated_at` DATETIME NOT NULL, PRIMARY KEY (`id`)) ENGINE=InnoDB DEFAULT CHARSET=utf8mb4 COLLATE utf8mb4_general_ci;
2022-04-18 00:27:17 info: 6ms Executed (default): SHOW INDEX FROM `users`
2022-04-18 00:27:17 info: 2ms Executed (default): CREATE TABLE IF NOT EXISTS `roles` (`id` INTEGER auto_increment , `name` VARCHAR(64) NOT NULL, `code` VARCHAR(45) NOT NULL UNIQUE, `sort` INTEGER, `status` INTEGER DEFAULT 1, `deleted` INTEGER DEFAULT 0, `created_at` DATETIME NOT NULL, `updated_at` DATETIME NOT NULL, PRIMARY KEY (`id`)) ENGINE=InnoDB DEFAULT CHARSET=utf8mb4 COLLATE utf8mb4_general_ci;
2022-04-18 00:27:17 info: 3ms Executed (default): SHOW INDEX FROM `roles`
2022-04-18 00:27:17 info: 86ms Executed (default): CREATE TABLE IF NOT EXISTS `UsersRoles` (`created_at` DATETIME NOT NULL, `updated_at` DATETIME NOT NULL, `user_model_id` INTEGER , `role_model_id` INTEGER , PRIMARY KEY (`user_model_id`, `role_model_id`), FOREIGN KEY (`user_model_id`) REFERENCES `users` (`id`) ON DELETE CASCADE ON UPDATE CASCADE, FOREIGN KEY (`role_model_id`) REFERENCES `roles` (`id`) ON DELETE CASCADE ON UPDATE CASCADE) ENGINE=InnoDB DEFAULT CHARSET=utf8mb4 COLLATE utf8mb4_general_ci;
2022-04-18 00:27:17 info: 9ms Executed (default): SHOW INDEX FROM `UsersRoles`
2022-04-18 00:27:26 info: 10ms Executed (default): SELECT `id`, `nickname`, `username`, `password`, `email`, `gender`, `avatar`, `mobile`, `status`, `deleted`, `created_at` AS `createdAt`, `updated_at` AS `updatedAt` FROM `users` AS `UserModel` WHERE `UserModel`.`username` = 'admin';
2022-04-18 00:27:26 info: [0mPOST /login [32m200[0m 180.933 ms - 282[0m
2022-04-18 00:27:29 error: [GET] /login-info >> StatusCode:: 500, Message:: RoleModel is associated to UserModel using an alias. You've included an alias (roles), but it does not match the alias(es) defined in your association (RoleModels).
2022-04-18 00:27:29 info: [0mGET /login-info [31m500[0m 3045.668 ms - 188[0m
2022-04-18 00:28:12 info: =================================
2022-04-18 00:28:12 info: ======= ENV: development =======
2022-04-18 00:28:12 info: 🚀 App listening on the port 8000
2022-04-18 00:28:12 info: =================================
2022-04-18 00:28:12 info: 0ms Executed (default): SELECT 1+1 AS result
2022-04-18 00:28:12 info: 2ms Executed (default): CREATE TABLE IF NOT EXISTS `users` (`id` INTEGER auto_increment , `nickname` VARCHAR(64), `username` VARCHAR(45) NOT NULL UNIQUE, `password` VARCHAR(255) NOT NULL, `email` VARCHAR(128) NOT NULL UNIQUE, `gender` INTEGER, `avatar` VARCHAR(255), `mobile` INTEGER, `status` INTEGER DEFAULT 1, `deleted` INTEGER DEFAULT 0, `created_at` DATETIME NOT NULL, `updated_at` DATETIME NOT NULL, PRIMARY KEY (`id`)) ENGINE=InnoDB DEFAULT CHARSET=utf8mb4 COLLATE utf8mb4_general_ci;
2022-04-18 00:28:12 info: 4ms Executed (default): SHOW INDEX FROM `users`
2022-04-18 00:28:12 info: 4ms Executed (default): CREATE TABLE IF NOT EXISTS `roles` (`id` INTEGER auto_increment , `name` VARCHAR(64) NOT NULL, `code` VARCHAR(45) NOT NULL UNIQUE, `sort` INTEGER, `status` INTEGER DEFAULT 1, `deleted` INTEGER DEFAULT 0, `created_at` DATETIME NOT NULL, `updated_at` DATETIME NOT NULL, PRIMARY KEY (`id`)) ENGINE=InnoDB DEFAULT CHARSET=utf8mb4 COLLATE utf8mb4_general_ci;
2022-04-18 00:28:12 info: 1ms Executed (default): SHOW INDEX FROM `roles`
2022-04-18 00:28:12 info: 3ms Executed (default): CREATE TABLE IF NOT EXISTS `UsersRoles` (`created_at` DATETIME NOT NULL, `updated_at` DATETIME NOT NULL, `user_model_id` INTEGER , `role_model_id` INTEGER , PRIMARY KEY (`user_model_id`, `role_model_id`), FOREIGN KEY (`user_model_id`) REFERENCES `users` (`id`) ON DELETE CASCADE ON UPDATE CASCADE, FOREIGN KEY (`role_model_id`) REFERENCES `roles` (`id`) ON DELETE CASCADE ON UPDATE CASCADE) ENGINE=InnoDB DEFAULT CHARSET=utf8mb4 COLLATE utf8mb4_general_ci;
2022-04-18 00:28:12 info: 1ms Executed (default): SHOW INDEX FROM `UsersRoles`
2022-04-18 00:29:05 info: =================================
2022-04-18 00:29:05 info: ======= ENV: development =======
2022-04-18 00:29:05 info: 🚀 App listening on the port 8000
2022-04-18 00:29:05 info: =================================
2022-04-18 00:29:05 info: 1ms Executed (default): SELECT 1+1 AS result
2022-04-18 00:29:05 info: 2ms Executed (default): CREATE TABLE IF NOT EXISTS `users` (`id` INTEGER auto_increment , `nickname` VARCHAR(64), `username` VARCHAR(45) NOT NULL UNIQUE, `password` VARCHAR(255) NOT NULL, `email` VARCHAR(128) NOT NULL UNIQUE, `gender` INTEGER, `avatar` VARCHAR(255), `mobile` INTEGER, `status` INTEGER DEFAULT 1, `deleted` INTEGER DEFAULT 0, `created_at` DATETIME NOT NULL, `updated_at` DATETIME NOT NULL, PRIMARY KEY (`id`)) ENGINE=InnoDB DEFAULT CHARSET=utf8mb4 COLLATE utf8mb4_general_ci;
2022-04-18 00:29:05 info: 5ms Executed (default): SHOW INDEX FROM `users`
2022-04-18 00:29:05 info: 2ms Executed (default): CREATE TABLE IF NOT EXISTS `roles` (`id` INTEGER auto_increment , `name` VARCHAR(64) NOT NULL, `code` VARCHAR(45) NOT NULL UNIQUE, `sort` INTEGER, `status` INTEGER DEFAULT 1, `deleted` INTEGER DEFAULT 0, `created_at` DATETIME NOT NULL, `updated_at` DATETIME NOT NULL, PRIMARY KEY (`id`)) ENGINE=InnoDB DEFAULT CHARSET=utf8mb4 COLLATE utf8mb4_general_ci;
2022-04-18 00:29:05 info: 2ms Executed (default): SHOW INDEX FROM `roles`
2022-04-18 00:29:05 info: 2ms Executed (default): CREATE TABLE IF NOT EXISTS `UsersRoles` (`created_at` DATETIME NOT NULL, `updated_at` DATETIME NOT NULL, `user_model_id` INTEGER , `role_model_id` INTEGER , PRIMARY KEY (`user_model_id`, `role_model_id`), FOREIGN KEY (`user_model_id`) REFERENCES `users` (`id`) ON DELETE CASCADE ON UPDATE CASCADE, FOREIGN KEY (`role_model_id`) REFERENCES `roles` (`id`) ON DELETE CASCADE ON UPDATE CASCADE) ENGINE=InnoDB DEFAULT CHARSET=utf8mb4 COLLATE utf8mb4_general_ci;
2022-04-18 00:29:05 info: 2ms Executed (default): SHOW INDEX FROM `UsersRoles`
2022-04-18 00:30:03 info: =================================
2022-04-18 00:30:03 info: ======= ENV: development =======
2022-04-18 00:30:03 info: 🚀 App listening on the port 8000
2022-04-18 00:30:03 info: =================================
2022-04-18 00:30:03 info: 1ms Executed (default): SELECT 1+1 AS result
2022-04-18 00:30:03 info: 3ms Executed (default): CREATE TABLE IF NOT EXISTS `users` (`id` INTEGER auto_increment , `nickname` VARCHAR(64), `username` VARCHAR(45) NOT NULL UNIQUE, `password` VARCHAR(255) NOT NULL, `email` VARCHAR(128) NOT NULL UNIQUE, `gender` INTEGER, `avatar` VARCHAR(255), `mobile` INTEGER, `status` INTEGER DEFAULT 1, `deleted` INTEGER DEFAULT 0, `created_at` DATETIME NOT NULL, `updated_at` DATETIME NOT NULL, PRIMARY KEY (`id`)) ENGINE=InnoDB DEFAULT CHARSET=utf8mb4 COLLATE utf8mb4_general_ci;
2022-04-18 00:30:03 info: 4ms Executed (default): SHOW INDEX FROM `users`
2022-04-18 00:30:03 info: 2ms Executed (default): CREATE TABLE IF NOT EXISTS `roles` (`id` INTEGER auto_increment , `name` VARCHAR(64) NOT NULL, `code` VARCHAR(45) NOT NULL UNIQUE, `sort` INTEGER, `status` INTEGER DEFAULT 1, `deleted` INTEGER DEFAULT 0, `created_at` DATETIME NOT NULL, `updated_at` DATETIME NOT NULL, PRIMARY KEY (`id`)) ENGINE=InnoDB DEFAULT CHARSET=utf8mb4 COLLATE utf8mb4_general_ci;
2022-04-18 00:30:03 info: 1ms Executed (default): SHOW INDEX FROM `roles`
2022-04-18 00:30:03 info: 2ms Executed (default): CREATE TABLE IF NOT EXISTS `UsersRoles` (`created_at` DATETIME NOT NULL, `updated_at` DATETIME NOT NULL, `role_model_id` INTEGER , `role_id` INTEGER , PRIMARY KEY (`role_model_id`, `role_id`), FOREIGN KEY (`role_model_id`) REFERENCES `roles` (`id`) ON DELETE CASCADE ON UPDATE CASCADE, FOREIGN KEY (`role_id`) REFERENCES `users` (`id`) ON DELETE CASCADE ON UPDATE CASCADE) ENGINE=InnoDB DEFAULT CHARSET=utf8mb4 COLLATE utf8mb4_general_ci;
2022-04-18 00:30:03 info: 2ms Executed (default): SHOW INDEX FROM `UsersRoles`
2022-04-18 00:30:41 info: =================================
2022-04-18 00:30:41 info: ======= ENV: development =======
2022-04-18 00:30:41 info: 🚀 App listening on the port 8000
2022-04-18 00:30:41 info: =================================
2022-04-18 00:30:41 info: 1ms Executed (default): SELECT 1+1 AS result
2022-04-18 00:30:41 info: 10ms Executed (default): CREATE TABLE IF NOT EXISTS `users` (`id` INTEGER auto_increment , `nickname` VARCHAR(64), `username` VARCHAR(45) NOT NULL UNIQUE, `password` VARCHAR(255) NOT NULL, `email` VARCHAR(128) NOT NULL UNIQUE, `gender` INTEGER, `avatar` VARCHAR(255), `mobile` INTEGER, `status` INTEGER DEFAULT 1, `deleted` INTEGER DEFAULT 0, `created_at` DATETIME NOT NULL, `updated_at` DATETIME NOT NULL, PRIMARY KEY (`id`)) ENGINE=InnoDB DEFAULT CHARSET=utf8mb4 COLLATE utf8mb4_general_ci;
2022-04-18 00:30:41 info: 4ms Executed (default): SHOW INDEX FROM `users`
2022-04-18 00:30:41 info: 3ms Executed (default): CREATE TABLE IF NOT EXISTS `roles` (`id` INTEGER auto_increment , `name` VARCHAR(64) NOT NULL, `code` VARCHAR(45) NOT NULL UNIQUE, `sort` INTEGER, `status` INTEGER DEFAULT 1, `deleted` INTEGER DEFAULT 0, `created_at` DATETIME NOT NULL, `updated_at` DATETIME NOT NULL, PRIMARY KEY (`id`)) ENGINE=InnoDB DEFAULT CHARSET=utf8mb4 COLLATE utf8mb4_general_ci;
2022-04-18 00:30:41 info: 2ms Executed (default): SHOW INDEX FROM `roles`
2022-04-18 00:30:41 info: 33ms Executed (default): CREATE TABLE IF NOT EXISTS `UsersRoles` (`created_at` DATETIME NOT NULL, `updated_at` DATETIME NOT NULL, `role_model_id` INTEGER , `role_id` INTEGER , PRIMARY KEY (`role_model_id`, `role_id`), FOREIGN KEY (`role_model_id`) REFERENCES `roles` (`id`) ON DELETE CASCADE ON UPDATE CASCADE, FOREIGN KEY (`role_id`) REFERENCES `users` (`id`) ON DELETE CASCADE ON UPDATE CASCADE) ENGINE=InnoDB DEFAULT CHARSET=utf8mb4 COLLATE utf8mb4_general_ci;
2022-04-18 00:30:41 info: 6ms Executed (default): SHOW INDEX FROM `UsersRoles`
2022-04-18 00:31:06 info: =================================
2022-04-18 00:31:06 info: ======= ENV: development =======
2022-04-18 00:31:06 info: 🚀 App listening on the port 8000
2022-04-18 00:31:06 info: =================================
2022-04-18 00:31:06 info: 1ms Executed (default): SELECT 1+1 AS result
2022-04-18 00:31:06 info: 4ms Executed (default): CREATE TABLE IF NOT EXISTS `users` (`id` INTEGER auto_increment , `nickname` VARCHAR(64), `username` VARCHAR(45) NOT NULL UNIQUE, `password` VARCHAR(255) NOT NULL, `email` VARCHAR(128) NOT NULL UNIQUE, `gender` INTEGER, `avatar` VARCHAR(255), `mobile` INTEGER, `status` INTEGER DEFAULT 1, `deleted` INTEGER DEFAULT 0, `created_at` DATETIME NOT NULL, `updated_at` DATETIME NOT NULL, PRIMARY KEY (`id`)) ENGINE=InnoDB DEFAULT CHARSET=utf8mb4 COLLATE utf8mb4_general_ci;
2022-04-18 00:31:06 info: 3ms Executed (default): SHOW INDEX FROM `users`
2022-04-18 00:31:06 info: 3ms Executed (default): CREATE TABLE IF NOT EXISTS `roles` (`id` INTEGER auto_increment , `name` VARCHAR(64) NOT NULL, `code` VARCHAR(45) NOT NULL UNIQUE, `sort` INTEGER, `status` INTEGER DEFAULT 1, `deleted` INTEGER DEFAULT 0, `created_at` DATETIME NOT NULL, `updated_at` DATETIME NOT NULL, PRIMARY KEY (`id`)) ENGINE=InnoDB DEFAULT CHARSET=utf8mb4 COLLATE utf8mb4_general_ci;
2022-04-18 00:31:06 info: 2ms Executed (default): SHOW INDEX FROM `roles`
2022-04-18 00:31:06 info: 3ms Executed (default): CREATE TABLE IF NOT EXISTS `UsersRoles` (`created_at` DATETIME NOT NULL, `updated_at` DATETIME NOT NULL, `role_model_id` INTEGER , `role_id` INTEGER , PRIMARY KEY (`role_model_id`, `role_id`), FOREIGN KEY (`role_model_id`) REFERENCES `roles` (`id`) ON DELETE CASCADE ON UPDATE CASCADE, FOREIGN KEY (`role_id`) REFERENCES `users` (`id`) ON DELETE CASCADE ON UPDATE CASCADE) ENGINE=InnoDB DEFAULT CHARSET=utf8mb4 COLLATE utf8mb4_general_ci;
2022-04-18 00:31:06 info: 2ms Executed (default): SHOW INDEX FROM `UsersRoles`
2022-04-18 00:31:34 info: =================================
2022-04-18 00:31:34 info: ======= ENV: development =======
2022-04-18 00:31:34 info: 🚀 App listening on the port 8000
2022-04-18 00:31:34 info: =================================
2022-04-18 00:31:34 info: 1ms Executed (default): SELECT 1+1 AS result
2022-04-18 00:31:34 info: 2ms Executed (default): CREATE TABLE IF NOT EXISTS `users` (`id` INTEGER auto_increment , `nickname` VARCHAR(64), `username` VARCHAR(45) NOT NULL UNIQUE, `password` VARCHAR(255) NOT NULL, `email` VARCHAR(128) NOT NULL UNIQUE, `gender` INTEGER, `avatar` VARCHAR(255), `mobile` INTEGER, `status` INTEGER DEFAULT 1, `deleted` INTEGER DEFAULT 0, `created_at` DATETIME NOT NULL, `updated_at` DATETIME NOT NULL, PRIMARY KEY (`id`)) ENGINE=InnoDB DEFAULT CHARSET=utf8mb4 COLLATE utf8mb4_general_ci;
2022-04-18 00:31:34 info: 3ms Executed (default): SHOW INDEX FROM `users`
2022-04-18 00:31:34 info: 2ms Executed (default): CREATE TABLE IF NOT EXISTS `roles` (`id` INTEGER auto_increment , `name` VARCHAR(64) NOT NULL, `code` VARCHAR(45) NOT NULL UNIQUE, `sort` INTEGER, `status` INTEGER DEFAULT 1, `deleted` INTEGER DEFAULT 0, `created_at` DATETIME NOT NULL, `updated_at` DATETIME NOT NULL, PRIMARY KEY (`id`)) ENGINE=InnoDB DEFAULT CHARSET=utf8mb4 COLLATE utf8mb4_general_ci;
2022-04-18 00:31:34 info: 1ms Executed (default): SHOW INDEX FROM `roles`
2022-04-18 00:31:34 info: 2ms Executed (default): CREATE TABLE IF NOT EXISTS `UsersRoles` (`created_at` DATETIME NOT NULL, `updated_at` DATETIME NOT NULL, `role_model_id` INTEGER , `role_id` INTEGER , PRIMARY KEY (`role_model_id`, `role_id`), FOREIGN KEY (`role_model_id`) REFERENCES `roles` (`id`) ON DELETE CASCADE ON UPDATE CASCADE, FOREIGN KEY (`role_id`) REFERENCES `users` (`id`) ON DELETE CASCADE ON UPDATE CASCADE) ENGINE=InnoDB DEFAULT CHARSET=utf8mb4 COLLATE utf8mb4_general_ci;
2022-04-18 00:31:34 info: 2ms Executed (default): SHOW INDEX FROM `UsersRoles`
2022-04-18 00:31:47 info: =================================
2022-04-18 00:31:47 info: ======= ENV: development =======
2022-04-18 00:31:47 info: 🚀 App listening on the port 8000
2022-04-18 00:31:47 info: =================================
2022-04-18 00:31:47 info: 1ms Executed (default): SELECT 1+1 AS result
2022-04-18 00:31:47 info: 5ms Executed (default): CREATE TABLE IF NOT EXISTS `users` (`id` INTEGER auto_increment , `nickname` VARCHAR(64), `username` VARCHAR(45) NOT NULL UNIQUE, `password` VARCHAR(255) NOT NULL, `email` VARCHAR(128) NOT NULL UNIQUE, `gender` INTEGER, `avatar` VARCHAR(255), `mobile` INTEGER, `status` INTEGER DEFAULT 1, `deleted` INTEGER DEFAULT 0, `created_at` DATETIME NOT NULL, `updated_at` DATETIME NOT NULL, PRIMARY KEY (`id`)) ENGINE=InnoDB DEFAULT CHARSET=utf8mb4 COLLATE utf8mb4_general_ci;
2022-04-18 00:31:47 info: 4ms Executed (default): SHOW INDEX FROM `users`
2022-04-18 00:31:47 info: 3ms Executed (default): CREATE TABLE IF NOT EXISTS `roles` (`id` INTEGER auto_increment , `name` VARCHAR(64) NOT NULL, `code` VARCHAR(45) NOT NULL UNIQUE, `sort` INTEGER, `status` INTEGER DEFAULT 1, `deleted` INTEGER DEFAULT 0, `created_at` DATETIME NOT NULL, `updated_at` DATETIME NOT NULL, PRIMARY KEY (`id`)) ENGINE=InnoDB DEFAULT CHARSET=utf8mb4 COLLATE utf8mb4_general_ci;
2022-04-18 00:31:47 info: 2ms Executed (default): SHOW INDEX FROM `roles`
2022-04-18 00:31:47 info: 30ms Executed (default): CREATE TABLE IF NOT EXISTS `UsersRoles` (`created_at` DATETIME NOT NULL, `updated_at` DATETIME NOT NULL, `role_model_id` INTEGER , `role_id` INTEGER , PRIMARY KEY (`role_model_id`, `role_id`), FOREIGN KEY (`role_model_id`) REFERENCES `roles` (`id`) ON DELETE CASCADE ON UPDATE CASCADE, FOREIGN KEY (`role_id`) REFERENCES `users` (`id`) ON DELETE CASCADE ON UPDATE CASCADE) ENGINE=InnoDB DEFAULT CHARSET=utf8mb4 COLLATE utf8mb4_general_ci;
2022-04-18 00:31:47 info: 8ms Executed (default): SHOW INDEX FROM `UsersRoles`
2022-04-18 00:32:47 info: =================================
2022-04-18 00:32:47 info: ======= ENV: development =======
2022-04-18 00:32:47 info: 🚀 App listening on the port 8000
2022-04-18 00:32:47 info: =================================
2022-04-18 00:32:48 info: 1ms Executed (default): SELECT 1+1 AS result
2022-04-18 00:32:48 info: 5ms Executed (default): CREATE TABLE IF NOT EXISTS `users` (`id` INTEGER auto_increment , `nickname` VARCHAR(64), `username` VARCHAR(45) NOT NULL UNIQUE, `password` VARCHAR(255) NOT NULL, `email` VARCHAR(128) NOT NULL UNIQUE, `gender` INTEGER, `avatar` VARCHAR(255), `mobile` INTEGER, `status` INTEGER DEFAULT 1, `deleted` INTEGER DEFAULT 0, `created_at` DATETIME NOT NULL, `updated_at` DATETIME NOT NULL, PRIMARY KEY (`id`)) ENGINE=InnoDB DEFAULT CHARSET=utf8mb4 COLLATE utf8mb4_general_ci;
2022-04-18 00:32:48 info: 3ms Executed (default): SHOW INDEX FROM `users`
2022-04-18 00:32:48 info: 3ms Executed (default): CREATE TABLE IF NOT EXISTS `roles` (`id` INTEGER auto_increment , `name` VARCHAR(64) NOT NULL, `code` VARCHAR(45) NOT NULL UNIQUE, `sort` INTEGER, `status` INTEGER DEFAULT 1, `deleted` INTEGER DEFAULT 0, `created_at` DATETIME NOT NULL, `updated_at` DATETIME NOT NULL, PRIMARY KEY (`id`)) ENGINE=InnoDB DEFAULT CHARSET=utf8mb4 COLLATE utf8mb4_general_ci;
2022-04-18 00:32:48 info: 2ms Executed (default): SHOW INDEX FROM `roles`
2022-04-18 00:32:48 info: 2ms Executed (default): CREATE TABLE IF NOT EXISTS `UsersRoles` (`created_at` DATETIME NOT NULL, `updated_at` DATETIME NOT NULL, `user_model_id` INTEGER , `role_model_id` INTEGER , PRIMARY KEY (`user_model_id`, `role_model_id`), FOREIGN KEY (`user_model_id`) REFERENCES `users` (`id`) ON DELETE CASCADE ON UPDATE CASCADE, FOREIGN KEY (`role_model_id`) REFERENCES `roles` (`id`) ON DELETE CASCADE ON UPDATE CASCADE) ENGINE=InnoDB DEFAULT CHARSET=utf8mb4 COLLATE utf8mb4_general_ci;
2022-04-18 00:32:48 info: 2ms Executed (default): SHOW INDEX FROM `UsersRoles`
2022-04-18 00:33:01 info: =================================
2022-04-18 00:33:01 info: ======= ENV: development =======
2022-04-18 00:33:01 info: 🚀 App listening on the port 8000
2022-04-18 00:33:01 info: =================================
2022-04-18 00:33:01 info: 2ms Executed (default): SELECT 1+1 AS result
2022-04-18 00:33:01 info: 4ms Executed (default): CREATE TABLE IF NOT EXISTS `users` (`id` INTEGER auto_increment , `nickname` VARCHAR(64), `username` VARCHAR(45) NOT NULL UNIQUE, `password` VARCHAR(255) NOT NULL, `email` VARCHAR(128) NOT NULL UNIQUE, `gender` INTEGER, `avatar` VARCHAR(255), `mobile` INTEGER, `status` INTEGER DEFAULT 1, `deleted` INTEGER DEFAULT 0, `created_at` DATETIME NOT NULL, `updated_at` DATETIME NOT NULL, PRIMARY KEY (`id`)) ENGINE=InnoDB DEFAULT CHARSET=utf8mb4 COLLATE utf8mb4_general_ci;
2022-04-18 00:33:01 info: 3ms Executed (default): SHOW INDEX FROM `users`
2022-04-18 00:33:01 info: 3ms Executed (default): CREATE TABLE IF NOT EXISTS `roles` (`id` INTEGER auto_increment , `name` VARCHAR(64) NOT NULL, `code` VARCHAR(45) NOT NULL UNIQUE, `sort` INTEGER, `status` INTEGER DEFAULT 1, `deleted` INTEGER DEFAULT 0, `created_at` DATETIME NOT NULL, `updated_at` DATETIME NOT NULL, PRIMARY KEY (`id`)) ENGINE=InnoDB DEFAULT CHARSET=utf8mb4 COLLATE utf8mb4_general_ci;
2022-04-18 00:33:01 info: 2ms Executed (default): SHOW INDEX FROM `roles`
2022-04-18 00:33:01 info: 38ms Executed (default): CREATE TABLE IF NOT EXISTS `UsersRoles` (`created_at` DATETIME NOT NULL, `updated_at` DATETIME NOT NULL, `user_model_id` INTEGER , `role_model_id` INTEGER , PRIMARY KEY (`user_model_id`, `role_model_id`), FOREIGN KEY (`user_model_id`) REFERENCES `users` (`id`) ON DELETE CASCADE ON UPDATE CASCADE, FOREIGN KEY (`role_model_id`) REFERENCES `roles` (`id`) ON DELETE CASCADE ON UPDATE CASCADE) ENGINE=InnoDB DEFAULT CHARSET=utf8mb4 COLLATE utf8mb4_general_ci;
2022-04-18 00:33:01 info: 7ms Executed (default): SHOW INDEX FROM `UsersRoles`
2022-04-18 00:34:23 info: =================================
2022-04-18 00:34:23 info: ======= ENV: development =======
2022-04-18 00:34:23 info: 🚀 App listening on the port 8000
2022-04-18 00:34:23 info: =================================
2022-04-18 00:34:23 info: 1ms Executed (default): SELECT 1+1 AS result
2022-04-18 00:34:23 info: 4ms Executed (default): CREATE TABLE IF NOT EXISTS `users` (`id` INTEGER auto_increment , `nickname` VARCHAR(64), `username` VARCHAR(45) NOT NULL UNIQUE, `password` VARCHAR(255) NOT NULL, `email` VARCHAR(128) NOT NULL UNIQUE, `gender` INTEGER, `avatar` VARCHAR(255), `mobile` INTEGER, `status` INTEGER DEFAULT 1, `deleted` INTEGER DEFAULT 0, `created_at` DATETIME NOT NULL, `updated_at` DATETIME NOT NULL, PRIMARY KEY (`id`)) ENGINE=InnoDB DEFAULT CHARSET=utf8mb4 COLLATE utf8mb4_general_ci;
2022-04-18 00:34:23 info: 2ms Executed (default): SHOW INDEX FROM `users`
2022-04-18 00:34:23 info: 3ms Executed (default): CREATE TABLE IF NOT EXISTS `roles` (`id` INTEGER auto_increment , `name` VARCHAR(64) NOT NULL, `code` VARCHAR(45) NOT NULL UNIQUE, `sort` INTEGER, `status` INTEGER DEFAULT 1, `deleted` INTEGER DEFAULT 0, `created_at` DATETIME NOT NULL, `updated_at` DATETIME NOT NULL, PRIMARY KEY (`id`)) ENGINE=InnoDB DEFAULT CHARSET=utf8mb4 COLLATE utf8mb4_general_ci;
2022-04-18 00:34:23 info: 2ms Executed (default): SHOW INDEX FROM `roles`
2022-04-18 00:34:23 info: 27ms Executed (default): CREATE TABLE IF NOT EXISTS `UsersRoles` (`user_model_id` INTEGER , `role_model_id` INTEGER , PRIMARY KEY (`user_model_id`, `role_model_id`), FOREIGN KEY (`user_model_id`) REFERENCES `users` (`id`) ON DELETE CASCADE ON UPDATE CASCADE, FOREIGN KEY (`role_model_id`) REFERENCES `roles` (`id`) ON DELETE CASCADE ON UPDATE CASCADE) ENGINE=InnoDB DEFAULT CHARSET=utf8mb4 COLLATE utf8mb4_general_ci;
2022-04-18 00:34:23 info: 7ms Executed (default): SHOW INDEX FROM `UsersRoles`
2022-04-18 00:35:11 info: 8ms Executed (default): SELECT `id`, `nickname`, `username`, `password`, `email`, `gender`, `avatar`, `mobile`, `status`, `deleted`, `created_at` AS `createdAt`, `updated_at` AS `updatedAt` FROM `users` AS `UserModel` WHERE `UserModel`.`username` = 'admin';
2022-04-18 00:35:11 info: [0mPOST /login [32m200[0m 109.792 ms - 282[0m
2022-04-18 00:35:11 error: [GET] /login-info >> StatusCode:: 500, Message:: RoleModel is associated to UserModel using an alias. You've included an alias (roles), but it does not match the alias(es) defined in your association (user_role).
2022-04-18 00:35:11 info: [0mGET /login-info [31m500[0m 7.075 ms - 187[0m
2022-04-18 00:35:47 info: =================================
2022-04-18 00:35:47 info: ======= ENV: development =======
2022-04-18 00:35:47 info: 🚀 App listening on the port 8000
2022-04-18 00:35:47 info: =================================
2022-04-18 00:35:47 info: 1ms Executed (default): SELECT 1+1 AS result
2022-04-18 00:35:47 info: 3ms Executed (default): CREATE TABLE IF NOT EXISTS `users` (`id` INTEGER auto_increment , `nickname` VARCHAR(64), `username` VARCHAR(45) NOT NULL UNIQUE, `password` VARCHAR(255) NOT NULL, `email` VARCHAR(128) NOT NULL UNIQUE, `gender` INTEGER, `avatar` VARCHAR(255), `mobile` INTEGER, `status` INTEGER DEFAULT 1, `deleted` INTEGER DEFAULT 0, `created_at` DATETIME NOT NULL, `updated_at` DATETIME NOT NULL, PRIMARY KEY (`id`)) ENGINE=InnoDB DEFAULT CHARSET=utf8mb4 COLLATE utf8mb4_general_ci;
2022-04-18 00:35:47 info: 4ms Executed (default): SHOW INDEX FROM `users`
2022-04-18 00:35:47 info: 3ms Executed (default): CREATE TABLE IF NOT EXISTS `roles` (`id` INTEGER auto_increment , `name` VARCHAR(64) NOT NULL, `code` VARCHAR(45) NOT NULL UNIQUE, `sort` INTEGER, `status` INTEGER DEFAULT 1, `deleted` INTEGER DEFAULT 0, `created_at` DATETIME NOT NULL, `updated_at` DATETIME NOT NULL, PRIMARY KEY (`id`)) ENGINE=InnoDB DEFAULT CHARSET=utf8mb4 COLLATE utf8mb4_general_ci;
2022-04-18 00:35:47 info: 2ms Executed (default): SHOW INDEX FROM `roles`
2022-04-18 00:35:47 info: 2ms Executed (default): CREATE TABLE IF NOT EXISTS `UsersRoles` (`user_model_id` INTEGER , `role_model_id` INTEGER , PRIMARY KEY (`user_model_id`, `role_model_id`), FOREIGN KEY (`user_model_id`) REFERENCES `users` (`id`) ON DELETE CASCADE ON UPDATE CASCADE, FOREIGN KEY (`role_model_id`) REFERENCES `roles` (`id`) ON DELETE CASCADE ON UPDATE CASCADE) ENGINE=InnoDB DEFAULT CHARSET=utf8mb4 COLLATE utf8mb4_general_ci;
2022-04-18 00:35:47 info: 3ms Executed (default): SHOW INDEX FROM `UsersRoles`
2022-04-18 00:35:53 info: 2ms Executed (default): SELECT `id`, `nickname`, `username`, `password`, `email`, `gender`, `avatar`, `mobile`, `status`, `deleted`, `created_at` AS `createdAt`, `updated_at` AS `updatedAt` FROM `users` AS `UserModel` WHERE `UserModel`.`username` = 'admin';
2022-04-18 00:35:53 info: [0mPOST /login [32m200[0m 110.856 ms - 282[0m
2022-04-18 00:35:53 info: 2ms Executed (default): SELECT `UserModel`.`id`, `UserModel`.`nickname`, `UserModel`.`username`, `UserModel`.`email`, `UserModel`.`gender`, `UserModel`.`avatar`, `UserModel`.`mobile`, `UserModel`.`status`, `UserModel`.`deleted`, `UserModel`.`created_at` AS `createdAt`, `UserModel`.`updated_at` AS `updatedAt`, `roles`.`id` AS `roles.id`, `roles`.`name` AS `roles.name`, `roles`.`code` AS `roles.code`, `roles`.`sort` AS `roles.sort`, `roles`.`status` AS `roles.status`, `roles`.`deleted` AS `roles.deleted`, `roles`.`created_at` AS `roles.createdAt`, `roles`.`updated_at` AS `roles.updatedAt` FROM `users` AS `UserModel` LEFT OUTER JOIN ( `UsersRoles` AS `roles->UsersRoles` INNER JOIN `roles` AS `roles` ON `roles`.`id` = `roles->UsersRoles`.`role_model_id`) ON `UserModel`.`id` = `roles->UsersRoles`.`user_model_id` WHERE `UserModel`.`id` = 1;
2022-04-18 00:35:53 info: [0mGET /login-info [32m200[0m 10.815 ms - 585[0m
2022-04-18 00:35:53 info: [0mGET /youlai-admin/api/v2/menus/route [33m404[0m 2.482 ms - 170[0m
2022-04-18 00:38:00 info: =================================
2022-04-18 00:38:00 info: ======= ENV: development =======
2022-04-18 00:38:00 info: 🚀 App listening on the port 8000
2022-04-18 00:38:00 info: =================================
2022-04-18 00:38:00 info: 1ms Executed (default): SELECT 1+1 AS result
2022-04-18 00:38:00 info: 3ms Executed (default): CREATE TABLE IF NOT EXISTS `users` (`id` INTEGER auto_increment , `nickname` VARCHAR(64), `username` VARCHAR(45) NOT NULL UNIQUE, `password` VARCHAR(255) NOT NULL, `email` VARCHAR(128) NOT NULL UNIQUE, `gender` INTEGER, `avatar` VARCHAR(255), `mobile` INTEGER, `status` INTEGER DEFAULT 1, `deleted` INTEGER DEFAULT 0, `created_at` DATETIME NOT NULL, `updated_at` DATETIME NOT NULL, PRIMARY KEY (`id`)) ENGINE=InnoDB DEFAULT CHARSET=utf8mb4 COLLATE utf8mb4_general_ci;
2022-04-18 00:38:00 info: 3ms Executed (default): SHOW INDEX FROM `users`
2022-04-18 00:38:00 info: 2ms Executed (default): CREATE TABLE IF NOT EXISTS `roles` (`id` INTEGER auto_increment , `name` VARCHAR(64) NOT NULL, `code` VARCHAR(45) NOT NULL UNIQUE, `sort` INTEGER, `status` INTEGER DEFAULT 1, `deleted` INTEGER DEFAULT 0, `created_at` DATETIME NOT NULL, `updated_at` DATETIME NOT NULL, PRIMARY KEY (`id`)) ENGINE=InnoDB DEFAULT CHARSET=utf8mb4 COLLATE utf8mb4_general_ci;
2022-04-18 00:38:00 info: 3ms Executed (default): SHOW INDEX FROM `roles`
2022-04-18 00:38:00 info: 2ms Executed (default): CREATE TABLE IF NOT EXISTS `UsersRoles` (`user_model_id` INTEGER , `role_model_id` INTEGER , PRIMARY KEY (`user_model_id`, `role_model_id`), FOREIGN KEY (`user_model_id`) REFERENCES `users` (`id`) ON DELETE CASCADE ON UPDATE CASCADE, FOREIGN KEY (`role_model_id`) REFERENCES `roles` (`id`) ON DELETE CASCADE ON UPDATE CASCADE) ENGINE=InnoDB DEFAULT CHARSET=utf8mb4 COLLATE utf8mb4_general_ci;
2022-04-18 00:38:00 info: 2ms Executed (default): SHOW INDEX FROM `UsersRoles`
2022-04-18 00:38:18 info: =================================
2022-04-18 00:38:18 info: ======= ENV: development =======
2022-04-18 00:38:18 info: 🚀 App listening on the port 8000
2022-04-18 00:38:18 info: =================================
2022-04-18 00:38:19 info: 0ms Executed (default): SELECT 1+1 AS result
2022-04-18 00:38:19 info: 2ms Executed (default): CREATE TABLE IF NOT EXISTS `users` (`id` INTEGER auto_increment , `nickname` VARCHAR(64), `username` VARCHAR(45) NOT NULL UNIQUE, `password` VARCHAR(255) NOT NULL, `email` VARCHAR(128) NOT NULL UNIQUE, `gender` INTEGER, `avatar` VARCHAR(255), `mobile` INTEGER, `status` INTEGER DEFAULT 1, `deleted` INTEGER DEFAULT 0, `created_at` DATETIME NOT NULL, `updated_at` DATETIME NOT NULL, PRIMARY KEY (`id`)) ENGINE=InnoDB DEFAULT CHARSET=utf8mb4 COLLATE utf8mb4_general_ci;
2022-04-18 00:38:19 info: 3ms Executed (default): SHOW INDEX FROM `users`
2022-04-18 00:38:19 info: 2ms Executed (default): CREATE TABLE IF NOT EXISTS `roles` (`id` INTEGER auto_increment , `name` VARCHAR(64) NOT NULL, `code` VARCHAR(45) NOT NULL UNIQUE, `sort` INTEGER, `status` INTEGER DEFAULT 1, `deleted` INTEGER DEFAULT 0, `created_at` DATETIME NOT NULL, `updated_at` DATETIME NOT NULL, PRIMARY KEY (`id`)) ENGINE=InnoDB DEFAULT CHARSET=utf8mb4 COLLATE utf8mb4_general_ci;
2022-04-18 00:38:19 info: 2ms Executed (default): SHOW INDEX FROM `roles`
2022-04-18 00:38:19 info: 3ms Executed (default): CREATE TABLE IF NOT EXISTS `UsersRoles` (`user_model_id` INTEGER , `role_model_id` INTEGER , PRIMARY KEY (`user_model_id`, `role_model_id`), FOREIGN KEY (`user_model_id`) REFERENCES `users` (`id`) ON DELETE CASCADE ON UPDATE CASCADE, FOREIGN KEY (`role_model_id`) REFERENCES `roles` (`id`) ON DELETE CASCADE ON UPDATE CASCADE) ENGINE=InnoDB DEFAULT CHARSET=utf8mb4 COLLATE utf8mb4_general_ci;
2022-04-18 00:38:19 info: 2ms Executed (default): SHOW INDEX FROM `UsersRoles`
2022-04-18 00:38:30 info: =================================
2022-04-18 00:38:30 info: ======= ENV: development =======
2022-04-18 00:38:30 info: 🚀 App listening on the port 8000
2022-04-18 00:38:30 info: =================================
2022-04-18 00:38:30 info: 2ms Executed (default): SELECT 1+1 AS result
2022-04-18 00:38:30 info: 4ms Executed (default): CREATE TABLE IF NOT EXISTS `users` (`id` INTEGER auto_increment , `nickname` VARCHAR(64), `username` VARCHAR(45) NOT NULL UNIQUE, `password` VARCHAR(255) NOT NULL, `email` VARCHAR(128) NOT NULL UNIQUE, `gender` INTEGER, `avatar` VARCHAR(255), `mobile` INTEGER, `status` INTEGER DEFAULT 1, `deleted` INTEGER DEFAULT 0, `created_at` DATETIME NOT NULL, `updated_at` DATETIME NOT NULL, PRIMARY KEY (`id`)) ENGINE=InnoDB DEFAULT CHARSET=utf8mb4 COLLATE utf8mb4_general_ci;
2022-04-18 00:38:30 info: 3ms Executed (default): SHOW INDEX FROM `users`
2022-04-18 00:38:30 info: 2ms Executed (default): CREATE TABLE IF NOT EXISTS `roles` (`id` INTEGER auto_increment , `name` VARCHAR(64) NOT NULL, `code` VARCHAR(45) NOT NULL UNIQUE, `sort` INTEGER, `status` INTEGER DEFAULT 1, `deleted` INTEGER DEFAULT 0, `created_at` DATETIME NOT NULL, `updated_at` DATETIME NOT NULL, PRIMARY KEY (`id`)) ENGINE=InnoDB DEFAULT CHARSET=utf8mb4 COLLATE utf8mb4_general_ci;
2022-04-18 00:38:30 info: 2ms Executed (default): SHOW INDEX FROM `roles`
2022-04-18 00:38:30 info: 3ms Executed (default): CREATE TABLE IF NOT EXISTS `UsersRoles` (`user_model_id` INTEGER , `role_model_id` INTEGER , PRIMARY KEY (`user_model_id`, `role_model_id`), FOREIGN KEY (`user_model_id`) REFERENCES `users` (`id`) ON DELETE CASCADE ON UPDATE CASCADE, FOREIGN KEY (`role_model_id`) REFERENCES `roles` (`id`) ON DELETE CASCADE ON UPDATE CASCADE) ENGINE=InnoDB DEFAULT CHARSET=utf8mb4 COLLATE utf8mb4_general_ci;
2022-04-18 00:38:30 info: 2ms Executed (default): SHOW INDEX FROM `UsersRoles`
2022-04-18 00:39:03 info: =================================
2022-04-18 00:39:03 info: ======= ENV: development =======
2022-04-18 00:39:03 info: 🚀 App listening on the port 8000
2022-04-18 00:39:03 info: =================================
2022-04-18 00:39:03 info: 1ms Executed (default): SELECT 1+1 AS result
2022-04-18 00:39:03 info: 2ms Executed (default): CREATE TABLE IF NOT EXISTS `users` (`id` INTEGER auto_increment , `nickname` VARCHAR(64), `username` VARCHAR(45) NOT NULL UNIQUE, `password` VARCHAR(255) NOT NULL, `email` VARCHAR(128) NOT NULL UNIQUE, `gender` INTEGER, `avatar` VARCHAR(255), `mobile` INTEGER, `status` INTEGER DEFAULT 1, `deleted` INTEGER DEFAULT 0, `created_at` DATETIME NOT NULL, `updated_at` DATETIME NOT NULL, PRIMARY KEY (`id`)) ENGINE=InnoDB DEFAULT CHARSET=utf8mb4 COLLATE utf8mb4_general_ci;
2022-04-18 00:39:03 info: 4ms Executed (default): SHOW INDEX FROM `users`
2022-04-18 00:39:03 info: 2ms Executed (default): CREATE TABLE IF NOT EXISTS `roles` (`id` INTEGER auto_increment , `name` VARCHAR(64) NOT NULL, `code` VARCHAR(45) NOT NULL UNIQUE, `sort` INTEGER, `status` INTEGER DEFAULT 1, `deleted` INTEGER DEFAULT 0, `created_at` DATETIME NOT NULL, `updated_at` DATETIME NOT NULL, PRIMARY KEY (`id`)) ENGINE=InnoDB DEFAULT CHARSET=utf8mb4 COLLATE utf8mb4_general_ci;
2022-04-18 00:39:03 info: 2ms Executed (default): SHOW INDEX FROM `roles`
2022-04-18 00:39:03 info: 5ms Executed (default): CREATE TABLE IF NOT EXISTS `UsersRoles` (`user_model_id` INTEGER , `role_model_id` INTEGER , PRIMARY KEY (`user_model_id`, `role_model_id`), FOREIGN KEY (`user_model_id`) REFERENCES `users` (`id`) ON DELETE CASCADE ON UPDATE CASCADE, FOREIGN KEY (`role_model_id`) REFERENCES `roles` (`id`) ON DELETE CASCADE ON UPDATE CASCADE) ENGINE=InnoDB DEFAULT CHARSET=utf8mb4 COLLATE utf8mb4_general_ci;
2022-04-18 00:39:03 info: 3ms Executed (default): SHOW INDEX FROM `UsersRoles`
2022-04-18 00:39:14 info: =================================
2022-04-18 00:39:14 info: ======= ENV: development =======
2022-04-18 00:39:14 info: 🚀 App listening on the port 8000
2022-04-18 00:39:14 info: =================================
2022-04-18 00:39:14 info: 1ms Executed (default): SELECT 1+1 AS result
2022-04-18 00:39:14 info: 2ms Executed (default): CREATE TABLE IF NOT EXISTS `users` (`id` INTEGER auto_increment , `nickname` VARCHAR(64), `username` VARCHAR(45) NOT NULL UNIQUE, `password` VARCHAR(255) NOT NULL, `email` VARCHAR(128) NOT NULL UNIQUE, `gender` INTEGER, `avatar` VARCHAR(255), `mobile` INTEGER, `status` INTEGER DEFAULT 1, `deleted` INTEGER DEFAULT 0, `created_at` DATETIME NOT NULL, `updated_at` DATETIME NOT NULL, PRIMARY KEY (`id`)) ENGINE=InnoDB DEFAULT CHARSET=utf8mb4 COLLATE utf8mb4_general_ci;
2022-04-18 00:39:14 info: 4ms Executed (default): SHOW INDEX FROM `users`
2022-04-18 00:39:14 info: 3ms Executed (default): CREATE TABLE IF NOT EXISTS `roles` (`id` INTEGER auto_increment , `name` VARCHAR(64) NOT NULL, `code` VARCHAR(45) NOT NULL UNIQUE, `sort` INTEGER, `status` INTEGER DEFAULT 1, `deleted` INTEGER DEFAULT 0, `created_at` DATETIME NOT NULL, `updated_at` DATETIME NOT NULL, PRIMARY KEY (`id`)) ENGINE=InnoDB DEFAULT CHARSET=utf8mb4 COLLATE utf8mb4_general_ci;
2022-04-18 00:39:14 info: 2ms Executed (default): SHOW INDEX FROM `roles`
2022-04-18 00:39:14 info: 2ms Executed (default): CREATE TABLE IF NOT EXISTS `UsersRoles` (`user_model_id` INTEGER , `role_model_id` INTEGER , PRIMARY KEY (`user_model_id`, `role_model_id`), FOREIGN KEY (`user_model_id`) REFERENCES `users` (`id`) ON DELETE CASCADE ON UPDATE CASCADE, FOREIGN KEY (`role_model_id`) REFERENCES `roles` (`id`) ON DELETE CASCADE ON UPDATE CASCADE) ENGINE=InnoDB DEFAULT CHARSET=utf8mb4 COLLATE utf8mb4_general_ci;
2022-04-18 00:39:14 info: 2ms Executed (default): SHOW INDEX FROM `UsersRoles`
2022-04-18 00:39:22 info: =================================
2022-04-18 00:39:22 info: ======= ENV: development =======
2022-04-18 00:39:22 info: 🚀 App listening on the port 8000
2022-04-18 00:39:22 info: =================================
2022-04-18 00:39:22 info: 1ms Executed (default): SELECT 1+1 AS result
2022-04-18 00:39:22 info: 2ms Executed (default): CREATE TABLE IF NOT EXISTS `users` (`id` INTEGER auto_increment , `nickname` VARCHAR(64), `username` VARCHAR(45) NOT NULL UNIQUE, `password` VARCHAR(255) NOT NULL, `email` VARCHAR(128) NOT NULL UNIQUE, `gender` INTEGER, `avatar` VARCHAR(255), `mobile` INTEGER, `status` INTEGER DEFAULT 1, `deleted` INTEGER DEFAULT 0, `created_at` DATETIME NOT NULL, `updated_at` DATETIME NOT NULL, PRIMARY KEY (`id`)) ENGINE=InnoDB DEFAULT CHARSET=utf8mb4 COLLATE utf8mb4_general_ci;
2022-04-18 00:39:22 info: 5ms Executed (default): SHOW INDEX FROM `users`
2022-04-18 00:39:22 info: 3ms Executed (default): CREATE TABLE IF NOT EXISTS `roles` (`id` INTEGER auto_increment , `name` VARCHAR(64) NOT NULL, `code` VARCHAR(45) NOT NULL UNIQUE, `sort` INTEGER, `status` INTEGER DEFAULT 1, `deleted` INTEGER DEFAULT 0, `created_at` DATETIME NOT NULL, `updated_at` DATETIME NOT NULL, PRIMARY KEY (`id`)) ENGINE=InnoDB DEFAULT CHARSET=utf8mb4 COLLATE utf8mb4_general_ci;
2022-04-18 00:39:22 info: 3ms Executed (default): SHOW INDEX FROM `roles`
2022-04-18 00:39:22 info: 2ms Executed (default): CREATE TABLE IF NOT EXISTS `UsersRoles` (`user_model_id` INTEGER , `role_model_id` INTEGER , PRIMARY KEY (`user_model_id`, `role_model_id`), FOREIGN KEY (`user_model_id`) REFERENCES `users` (`id`) ON DELETE CASCADE ON UPDATE CASCADE, FOREIGN KEY (`role_model_id`) REFERENCES `roles` (`id`) ON DELETE CASCADE ON UPDATE CASCADE) ENGINE=InnoDB DEFAULT CHARSET=utf8mb4 COLLATE utf8mb4_general_ci;
2022-04-18 00:39:22 info: 3ms Executed (default): SHOW INDEX FROM `UsersRoles`
2022-04-18 00:39:27 info: =================================
2022-04-18 00:39:27 info: ======= ENV: development =======
2022-04-18 00:39:27 info: 🚀 App listening on the port 8000
2022-04-18 00:39:27 info: =================================
2022-04-18 00:39:27 info: 1ms Executed (default): SELECT 1+1 AS result
2022-04-18 00:39:27 info: 2ms Executed (default): CREATE TABLE IF NOT EXISTS `users` (`id` INTEGER auto_increment , `nickname` VARCHAR(64), `username` VARCHAR(45) NOT NULL UNIQUE, `password` VARCHAR(255) NOT NULL, `email` VARCHAR(128) NOT NULL UNIQUE, `gender` INTEGER, `avatar` VARCHAR(255), `mobile` INTEGER, `status` INTEGER DEFAULT 1, `deleted` INTEGER DEFAULT 0, `created_at` DATETIME NOT NULL, `updated_at` DATETIME NOT NULL, PRIMARY KEY (`id`)) ENGINE=InnoDB DEFAULT CHARSET=utf8mb4 COLLATE utf8mb4_general_ci;
2022-04-18 00:39:27 info: 3ms Executed (default): SHOW INDEX FROM `users`
2022-04-18 00:39:27 info: 2ms Executed (default): CREATE TABLE IF NOT EXISTS `roles` (`id` INTEGER auto_increment , `name` VARCHAR(64) NOT NULL, `code` VARCHAR(45) NOT NULL UNIQUE, `sort` INTEGER, `status` INTEGER DEFAULT 1, `deleted` INTEGER DEFAULT 0, `created_at` DATETIME NOT NULL, `updated_at` DATETIME NOT NULL, PRIMARY KEY (`id`)) ENGINE=InnoDB DEFAULT CHARSET=utf8mb4 COLLATE utf8mb4_general_ci;
2022-04-18 00:39:27 info: 1ms Executed (default): SHOW INDEX FROM `roles`
2022-04-18 00:39:27 info: 3ms Executed (default): CREATE TABLE IF NOT EXISTS `UsersRoles` (`user_model_id` INTEGER , `role_model_id` INTEGER , PRIMARY KEY (`user_model_id`, `role_model_id`), FOREIGN KEY (`user_model_id`) REFERENCES `users` (`id`) ON DELETE CASCADE ON UPDATE CASCADE, FOREIGN KEY (`role_model_id`) REFERENCES `roles` (`id`) ON DELETE CASCADE ON UPDATE CASCADE) ENGINE=InnoDB DEFAULT CHARSET=utf8mb4 COLLATE utf8mb4_general_ci;
2022-04-18 00:39:27 info: 3ms Executed (default): SHOW INDEX FROM `UsersRoles`
2022-04-18 00:39:37 info: =================================
2022-04-18 00:39:37 info: ======= ENV: development =======
2022-04-18 00:39:37 info: 🚀 App listening on the port 8000
2022-04-18 00:39:37 info: =================================
2022-04-18 00:39:37 info: 1ms Executed (default): SELECT 1+1 AS result
2022-04-18 00:39:37 info: 3ms Executed (default): CREATE TABLE IF NOT EXISTS `users` (`id` INTEGER auto_increment , `nickname` VARCHAR(64), `username` VARCHAR(45) NOT NULL UNIQUE, `password` VARCHAR(255) NOT NULL, `email` VARCHAR(128) NOT NULL UNIQUE, `gender` INTEGER, `avatar` VARCHAR(255), `mobile` INTEGER, `status` INTEGER DEFAULT 1, `deleted` INTEGER DEFAULT 0, `created_at` DATETIME NOT NULL, `updated_at` DATETIME NOT NULL, PRIMARY KEY (`id`)) ENGINE=InnoDB DEFAULT CHARSET=utf8mb4 COLLATE utf8mb4_general_ci;
2022-04-18 00:39:37 info: 3ms Executed (default): SHOW INDEX FROM `users`
2022-04-18 00:39:37 info: 2ms Executed (default): CREATE TABLE IF NOT EXISTS `roles` (`id` INTEGER auto_increment , `name` VARCHAR(64) NOT NULL, `code` VARCHAR(45) NOT NULL UNIQUE, `sort` INTEGER, `status` INTEGER DEFAULT 1, `deleted` INTEGER DEFAULT 0, `created_at` DATETIME NOT NULL, `updated_at` DATETIME NOT NULL, PRIMARY KEY (`id`)) ENGINE=InnoDB DEFAULT CHARSET=utf8mb4 COLLATE utf8mb4_general_ci;
2022-04-18 00:39:37 info: 3ms Executed (default): SHOW INDEX FROM `roles`
2022-04-18 00:39:37 info: 2ms Executed (default): CREATE TABLE IF NOT EXISTS `UsersRoles` (`user_model_id` INTEGER , `role_model_id` INTEGER , PRIMARY KEY (`user_model_id`, `role_model_id`), FOREIGN KEY (`user_model_id`) REFERENCES `users` (`id`) ON DELETE CASCADE ON UPDATE CASCADE, FOREIGN KEY (`role_model_id`) REFERENCES `roles` (`id`) ON DELETE CASCADE ON UPDATE CASCADE) ENGINE=InnoDB DEFAULT CHARSET=utf8mb4 COLLATE utf8mb4_general_ci;
2022-04-18 00:39:37 info: 2ms Executed (default): SHOW INDEX FROM `UsersRoles`
2022-04-18 00:39:58 info: =================================
2022-04-18 00:39:58 info: ======= ENV: development =======
2022-04-18 00:39:58 info: 🚀 App listening on the port 8000
2022-04-18 00:39:58 info: =================================
2022-04-18 00:39:58 info: 1ms Executed (default): SELECT 1+1 AS result
2022-04-18 00:39:58 info: 3ms Executed (default): CREATE TABLE IF NOT EXISTS `users` (`id` INTEGER auto_increment , `nickname` VARCHAR(64), `username` VARCHAR(45) NOT NULL UNIQUE, `password` VARCHAR(255) NOT NULL, `email` VARCHAR(128) NOT NULL UNIQUE, `gender` INTEGER, `avatar` VARCHAR(255), `mobile` INTEGER, `status` INTEGER DEFAULT 1, `deleted` INTEGER DEFAULT 0, `created_at` DATETIME NOT NULL, `updated_at` DATETIME NOT NULL, PRIMARY KEY (`id`)) ENGINE=InnoDB DEFAULT CHARSET=utf8mb4 COLLATE utf8mb4_general_ci;
2022-04-18 00:39:58 info: 3ms Executed (default): SHOW INDEX FROM `users`
2022-04-18 00:39:58 info: 2ms Executed (default): CREATE TABLE IF NOT EXISTS `roles` (`id` INTEGER auto_increment , `name` VARCHAR(64) NOT NULL, `code` VARCHAR(45) NOT NULL UNIQUE, `sort` INTEGER, `status` INTEGER DEFAULT 1, `deleted` INTEGER DEFAULT 0, `created_at` DATETIME NOT NULL, `updated_at` DATETIME NOT NULL, PRIMARY KEY (`id`)) ENGINE=InnoDB DEFAULT CHARSET=utf8mb4 COLLATE utf8mb4_general_ci;
2022-04-18 00:39:58 info: 3ms Executed (default): SHOW INDEX FROM `roles`
2022-04-18 00:39:58 info: 2ms Executed (default): CREATE TABLE IF NOT EXISTS `UsersRoles` (`user_model_id` INTEGER , `role_model_id` INTEGER , PRIMARY KEY (`user_model_id`, `role_model_id`), FOREIGN KEY (`user_model_id`) REFERENCES `users` (`id`) ON DELETE CASCADE ON UPDATE CASCADE, FOREIGN KEY (`role_model_id`) REFERENCES `roles` (`id`) ON DELETE CASCADE ON UPDATE CASCADE) ENGINE=InnoDB DEFAULT CHARSET=utf8mb4 COLLATE utf8mb4_general_ci;
2022-04-18 00:39:58 info: 2ms Executed (default): SHOW INDEX FROM `UsersRoles`
2022-04-18 00:40:59 info: =================================
2022-04-18 00:40:59 info: ======= ENV: development =======
2022-04-18 00:40:59 info: 🚀 App listening on the port 8000
2022-04-18 00:40:59 info: =================================
2022-04-18 00:40:59 info: 1ms Executed (default): SELECT 1+1 AS result
2022-04-18 00:40:59 info: 3ms Executed (default): CREATE TABLE IF NOT EXISTS `users` (`id` INTEGER auto_increment , `nickname` VARCHAR(64), `username` VARCHAR(45) NOT NULL UNIQUE, `password` VARCHAR(255) NOT NULL, `email` VARCHAR(128) NOT NULL UNIQUE, `gender` INTEGER, `avatar` VARCHAR(255), `mobile` INTEGER, `status` INTEGER DEFAULT 1, `deleted` INTEGER DEFAULT 0, `created_at` DATETIME NOT NULL, `updated_at` DATETIME NOT NULL, PRIMARY KEY (`id`)) ENGINE=InnoDB DEFAULT CHARSET=utf8mb4 COLLATE utf8mb4_general_ci;
2022-04-18 00:40:59 info: 3ms Executed (default): SHOW INDEX FROM `users`
2022-04-18 00:40:59 info: 2ms Executed (default): CREATE TABLE IF NOT EXISTS `roles` (`id` INTEGER auto_increment , `name` VARCHAR(64) NOT NULL, `code` VARCHAR(45) NOT NULL UNIQUE, `sort` INTEGER, `status` INTEGER DEFAULT 1, `deleted` INTEGER DEFAULT 0, `created_at` DATETIME NOT NULL, `updated_at` DATETIME NOT NULL, PRIMARY KEY (`id`)) ENGINE=InnoDB DEFAULT CHARSET=utf8mb4 COLLATE utf8mb4_general_ci;
2022-04-18 00:40:59 info: 2ms Executed (default): SHOW INDEX FROM `roles`
2022-04-18 00:40:59 info: 2ms Executed (default): CREATE TABLE IF NOT EXISTS `UsersRoles` (`user_model_id` INTEGER , `role_model_id` INTEGER , PRIMARY KEY (`user_model_id`, `role_model_id`), FOREIGN KEY (`user_model_id`) REFERENCES `users` (`id`) ON DELETE CASCADE ON UPDATE CASCADE, FOREIGN KEY (`role_model_id`) REFERENCES `roles` (`id`) ON DELETE CASCADE ON UPDATE CASCADE) ENGINE=InnoDB DEFAULT CHARSET=utf8mb4 COLLATE utf8mb4_general_ci;
2022-04-18 00:40:59 info: 1ms Executed (default): SHOW INDEX FROM `UsersRoles`
2022-04-18 00:41:35 info: 2ms Executed (default): SELECT `id`, `nickname`, `username`, `password`, `email`, `gender`, `avatar`, `mobile`, `status`, `deleted`, `created_at` AS `createdAt`, `updated_at` AS `updatedAt` FROM `users` AS `UserModel` WHERE `UserModel`.`username` = 'admin';
2022-04-18 00:41:35 info: [0mPOST /login [32m200[0m 114.285 ms - 282[0m
2022-04-18 00:41:35 info: 2ms Executed (default): SELECT `UserModel`.`id`, `UserModel`.`nickname`, `UserModel`.`username`, `UserModel`.`email`, `UserModel`.`gender`, `UserModel`.`avatar`, `UserModel`.`mobile`, `UserModel`.`status`, `UserModel`.`deleted`, `UserModel`.`created_at` AS `createdAt`, `UserModel`.`updated_at` AS `updatedAt`, `roles`.`id` AS `roles.id`, `roles`.`name` AS `roles.name`, `roles`.`code` AS `roles.code`, `roles`.`sort` AS `roles.sort`, `roles`.`status` AS `roles.status`, `roles`.`deleted` AS `roles.deleted`, `roles`.`created_at` AS `roles.createdAt`, `roles`.`updated_at` AS `roles.updatedAt` FROM `users` AS `UserModel` LEFT OUTER JOIN ( `UsersRoles` AS `roles->UsersRoles` INNER JOIN `roles` AS `roles` ON `roles`.`id` = `roles->UsersRoles`.`role_model_id`) ON `UserModel`.`id` = `roles->UsersRoles`.`user_model_id` WHERE `UserModel`.`id` = 1;
2022-04-18 00:41:35 info: [0mGET /login-info [36m304[0m 14.489 ms - -[0m
2022-04-18 00:41:35 info: [0mGET /menus [33m404[0m 9.050 ms - 144[0m
2022-04-18 00:45:43 info: 1ms Executed (default): SELECT 1+1 AS result
2022-04-18 00:46:17 info: 1ms Executed (default): SELECT 1+1 AS result
2022-04-18 00:46:26 info: 1ms Executed (default): SELECT 1+1 AS result
2022-04-18 00:46:43 info: =================================
2022-04-18 00:46:43 info: ======= ENV: development =======
2022-04-18 00:46:43 info: 🚀 App listening on the port 8000
2022-04-18 00:46:43 info: =================================
2022-04-18 00:46:43 info: 1ms Executed (default): SELECT 1+1 AS result
2022-04-18 00:46:43 info: 2ms Executed (default): CREATE TABLE IF NOT EXISTS `users` (`id` INTEGER auto_increment , `nickname` VARCHAR(64), `username` VARCHAR(45) NOT NULL UNIQUE, `password` VARCHAR(255) NOT NULL, `email` VARCHAR(128) NOT NULL UNIQUE, `gender` INTEGER, `avatar` VARCHAR(255), `mobile` INTEGER, `status` INTEGER DEFAULT 1, `deleted` INTEGER DEFAULT 0, `created_at` DATETIME NOT NULL, `updated_at` DATETIME NOT NULL, PRIMARY KEY (`id`)) ENGINE=InnoDB DEFAULT CHARSET=utf8mb4 COLLATE utf8mb4_general_ci;
2022-04-18 00:46:43 info: 3ms Executed (default): SHOW INDEX FROM `users`
2022-04-18 00:46:43 info: 2ms Executed (default): CREATE TABLE IF NOT EXISTS `roles` (`id` INTEGER auto_increment , `name` VARCHAR(64) NOT NULL, `code` VARCHAR(45) NOT NULL UNIQUE, `sort` INTEGER, `status` INTEGER DEFAULT 1, `deleted` INTEGER DEFAULT 0, `created_at` DATETIME NOT NULL, `updated_at` DATETIME NOT NULL, PRIMARY KEY (`id`)) ENGINE=InnoDB DEFAULT CHARSET=utf8mb4 COLLATE utf8mb4_general_ci;
2022-04-18 00:46:43 info: 2ms Executed (default): SHOW INDEX FROM `roles`
2022-04-18 00:46:43 info: 2ms Executed (default): CREATE TABLE IF NOT EXISTS `UsersRoles` (`user_model_id` INTEGER , `role_model_id` INTEGER , PRIMARY KEY (`user_model_id`, `role_model_id`), FOREIGN KEY (`user_model_id`) REFERENCES `users` (`id`) ON DELETE CASCADE ON UPDATE CASCADE, FOREIGN KEY (`role_model_id`) REFERENCES `roles` (`id`) ON DELETE CASCADE ON UPDATE CASCADE) ENGINE=InnoDB DEFAULT CHARSET=utf8mb4 COLLATE utf8mb4_general_ci;
2022-04-18 00:46:43 info: 2ms Executed (default): SHOW INDEX FROM `UsersRoles`
2022-04-18 00:47:28 info: 1ms Executed (default): SELECT 1+1 AS result
2022-04-18 00:47:44 info: =================================
2022-04-18 00:47:44 info: ======= ENV: development =======
2022-04-18 00:47:44 info: 🚀 App listening on the port 8000
2022-04-18 00:47:44 info: =================================
2022-04-18 00:47:44 info: 2ms Executed (default): SELECT 1+1 AS result
2022-04-18 00:47:44 info: 3ms Executed (default): CREATE TABLE IF NOT EXISTS `users` (`id` INTEGER auto_increment , `nickname` VARCHAR(64), `username` VARCHAR(45) NOT NULL UNIQUE, `password` VARCHAR(255) NOT NULL, `email` VARCHAR(128) NOT NULL UNIQUE, `gender` INTEGER, `avatar` VARCHAR(255), `mobile` INTEGER, `status` INTEGER DEFAULT 1, `deleted` INTEGER DEFAULT 0, `created_at` DATETIME NOT NULL, `updated_at` DATETIME NOT NULL, PRIMARY KEY (`id`)) ENGINE=InnoDB DEFAULT CHARSET=utf8mb4 COLLATE utf8mb4_general_ci;
2022-04-18 00:47:44 info: 3ms Executed (default): SHOW INDEX FROM `users`
2022-04-18 00:47:44 info: 2ms Executed (default): CREATE TABLE IF NOT EXISTS `roles` (`id` INTEGER auto_increment , `name` VARCHAR(64) NOT NULL, `code` VARCHAR(45) NOT NULL UNIQUE, `sort` INTEGER, `status` INTEGER DEFAULT 1, `deleted` INTEGER DEFAULT 0, `created_at` DATETIME NOT NULL, `updated_at` DATETIME NOT NULL, PRIMARY KEY (`id`)) ENGINE=InnoDB DEFAULT CHARSET=utf8mb4 COLLATE utf8mb4_general_ci;
2022-04-18 00:47:44 info: 2ms Executed (default): SHOW INDEX FROM `roles`
2022-04-18 00:47:44 info: 2ms Executed (default): CREATE TABLE IF NOT EXISTS `UsersRoles` (`user_model_id` INTEGER , `role_model_id` INTEGER , PRIMARY KEY (`user_model_id`, `role_model_id`), FOREIGN KEY (`user_model_id`) REFERENCES `users` (`id`) ON DELETE CASCADE ON UPDATE CASCADE, FOREIGN KEY (`role_model_id`) REFERENCES `roles` (`id`) ON DELETE CASCADE ON UPDATE CASCADE) ENGINE=InnoDB DEFAULT CHARSET=utf8mb4 COLLATE utf8mb4_general_ci;
2022-04-18 00:47:44 info: 2ms Executed (default): SHOW INDEX FROM `UsersRoles`
2022-04-18 00:47:52 info: =================================
2022-04-18 00:47:52 info: ======= ENV: development =======
2022-04-18 00:47:52 info: 🚀 App listening on the port 8000
2022-04-18 00:47:52 info: =================================
2022-04-18 00:47:52 info: 1ms Executed (default): SELECT 1+1 AS result
2022-04-18 00:47:52 info: 2ms Executed (default): CREATE TABLE IF NOT EXISTS `users` (`id` INTEGER auto_increment , `nickname` VARCHAR(64), `username` VARCHAR(45) NOT NULL UNIQUE, `password` VARCHAR(255) NOT NULL, `email` VARCHAR(128) NOT NULL UNIQUE, `gender` INTEGER, `avatar` VARCHAR(255), `mobile` INTEGER, `status` INTEGER DEFAULT 1, `deleted` INTEGER DEFAULT 0, `created_at` DATETIME NOT NULL, `updated_at` DATETIME NOT NULL, PRIMARY KEY (`id`)) ENGINE=InnoDB DEFAULT CHARSET=utf8mb4 COLLATE utf8mb4_general_ci;
2022-04-18 00:47:52 info: 3ms Executed (default): SHOW INDEX FROM `users`
2022-04-18 00:47:52 info: 2ms Executed (default): CREATE TABLE IF NOT EXISTS `roles` (`id` INTEGER auto_increment , `name` VARCHAR(64) NOT NULL, `code` VARCHAR(45) NOT NULL UNIQUE, `sort` INTEGER, `status` INTEGER DEFAULT 1, `deleted` INTEGER DEFAULT 0, `created_at` DATETIME NOT NULL, `updated_at` DATETIME NOT NULL, PRIMARY KEY (`id`)) ENGINE=InnoDB DEFAULT CHARSET=utf8mb4 COLLATE utf8mb4_general_ci;
2022-04-18 00:47:52 info: 2ms Executed (default): SHOW INDEX FROM `roles`
2022-04-18 00:47:52 info: 1ms Executed (default): CREATE TABLE IF NOT EXISTS `UsersRoles` (`user_model_id` INTEGER , `role_model_id` INTEGER , PRIMARY KEY (`user_model_id`, `role_model_id`), FOREIGN KEY (`user_model_id`) REFERENCES `users` (`id`) ON DELETE CASCADE ON UPDATE CASCADE, FOREIGN KEY (`role_model_id`) REFERENCES `roles` (`id`) ON DELETE CASCADE ON UPDATE CASCADE) ENGINE=InnoDB DEFAULT CHARSET=utf8mb4 COLLATE utf8mb4_general_ci;
2022-04-18 00:47:52 info: 2ms Executed (default): SHOW INDEX FROM `UsersRoles`
2022-04-18 00:47:59 info: 2ms Executed (default): SELECT `id`, `nickname`, `username`, `password`, `email`, `gender`, `avatar`, `mobile`, `status`, `deleted`, `created_at` AS `createdAt`, `updated_at` AS `updatedAt` FROM `users` AS `UserModel` WHERE `UserModel`.`username` = 'admin';
2022-04-18 00:47:59 info: [0mPOST /login [32m200[0m 96.926 ms - 282[0m
2022-04-18 00:47:59 info: 4ms Executed (default): SELECT `UserModel`.`id`, `UserModel`.`nickname`, `UserModel`.`username`, `UserModel`.`email`, `UserModel`.`gender`, `UserModel`.`avatar`, `UserModel`.`mobile`, `UserModel`.`status`, `UserModel`.`deleted`, `UserModel`.`created_at` AS `createdAt`, `UserModel`.`updated_at` AS `updatedAt`, `roles`.`id` AS `roles.id`, `roles`.`name` AS `roles.name`, `roles`.`code` AS `roles.code`, `roles`.`sort` AS `roles.sort`, `roles`.`status` AS `roles.status`, `roles`.`deleted` AS `roles.deleted`, `roles`.`created_at` AS `roles.createdAt`, `roles`.`updated_at` AS `roles.updatedAt` FROM `users` AS `UserModel` LEFT OUTER JOIN ( `UsersRoles` AS `roles->UsersRoles` INNER JOIN `roles` AS `roles` ON `roles`.`id` = `roles->UsersRoles`.`role_model_id`) ON `UserModel`.`id` = `roles->UsersRoles`.`user_model_id` WHERE `UserModel`.`id` = 1;
2022-04-18 00:47:59 info: [0mGET /login-info [36m304[0m 30.782 ms - -[0m
2022-04-18 00:47:59 info: [0mGET /menus [32m200[0m 1.539 ms - 46[0m
2022-04-18 00:48:53 info: 3ms Executed (default): SELECT `UserModel`.`id`, `UserModel`.`nickname`, `UserModel`.`username`, `UserModel`.`email`, `UserModel`.`gender`, `UserModel`.`avatar`, `UserModel`.`mobile`, `UserModel`.`status`, `UserModel`.`deleted`, `UserModel`.`created_at` AS `createdAt`, `UserModel`.`updated_at` AS `updatedAt`, `roles`.`id` AS `roles.id`, `roles`.`name` AS `roles.name`, `roles`.`code` AS `roles.code`, `roles`.`sort` AS `roles.sort`, `roles`.`status` AS `roles.status`, `roles`.`deleted` AS `roles.deleted`, `roles`.`created_at` AS `roles.createdAt`, `roles`.`updated_at` AS `roles.updatedAt` FROM `users` AS `UserModel` LEFT OUTER JOIN ( `UsersRoles` AS `roles->UsersRoles` INNER JOIN `roles` AS `roles` ON `roles`.`id` = `roles->UsersRoles`.`role_model_id`) ON `UserModel`.`id` = `roles->UsersRoles`.`user_model_id` WHERE `UserModel`.`id` = 1;
2022-04-18 00:48:53 info: [0mGET /login-info [36m304[0m 24.903 ms - -[0m
2022-04-18 00:48:54 info: [0mGET /menus [36m304[0m 0.807 ms - -[0m
