2022-04-15 00:00:08 info: =================================
2022-04-15 00:00:08 info: ======= ENV: development =======
2022-04-15 00:00:08 info: 🚀 App listening on the port 8000
2022-04-15 00:00:08 info: =================================
2022-04-15 00:00:08 info: 1ms Executed (default): SELECT 1+1 AS result
2022-04-15 00:00:08 info: 2ms Executed (default): CREATE TABLE IF NOT EXISTS `users` (`id` INTEGER auto_increment , `user_id` VARCHAR(45) NOT NULL UNIQUE, `email` VARCHAR(45) NOT NULL UNIQUE, `password` VARCHAR(255) NOT NULL, `created_at` DATETIME NOT NULL, `updated_at` DATETIME NOT NULL, PRIMARY KEY (`id`)) ENGINE=InnoDB DEFAULT CHARSET=utf8mb4 COLLATE utf8mb4_general_ci;
2022-04-15 00:00:08 info: 2ms Executed (default): SHOW INDEX FROM `users`
2022-04-15 00:04:00 info: =================================
2022-04-15 00:04:00 info: ======= ENV: development =======
2022-04-15 00:04:00 info: 🚀 App listening on the port 8000
2022-04-15 00:04:00 info: =================================
2022-04-15 00:04:00 info: 1ms Executed (default): SELECT 1+1 AS result
2022-04-15 00:04:00 info: 2ms Executed (default): CREATE TABLE IF NOT EXISTS `users` (`id` INTEGER auto_increment , `user_id` VARCHAR(45) NOT NULL UNIQUE, `email` VARCHAR(45) NOT NULL UNIQUE, `password` VARCHAR(255) NOT NULL, `created_at` DATETIME NOT NULL, `updated_at` DATETIME NOT NULL, PRIMARY KEY (`id`)) ENGINE=InnoDB DEFAULT CHARSET=utf8mb4 COLLATE utf8mb4_general_ci;
2022-04-15 00:04:00 info: 3ms Executed (default): SHOW INDEX FROM `users`
2022-04-15 00:33:54 info: 1ms Executed (default): SELECT 1+1 AS result
2022-04-15 00:33:54 info: 3ms Executed (default): CREATE TABLE IF NOT EXISTS `users` (`id` INTEGER auto_increment , `user_id` VARCHAR(45) NOT NULL UNIQUE, `email` VARCHAR(45) NOT NULL UNIQUE, `password` VARCHAR(255) NOT NULL, `created_at` DATETIME NOT NULL, `updated_at` DATETIME NOT NULL, PRIMARY KEY (`id`)) ENGINE=InnoDB DEFAULT CHARSET=utf8mb4 COLLATE utf8mb4_general_ci;
2022-04-15 00:33:54 info: 4ms Executed (default): SHOW INDEX FROM `users`
2022-04-15 00:34:04 error: [POST] /login >> StatusCode:: 400, Message:: username must be a string
2022-04-15 00:34:04 info: [0mPOST /login [33m400[0m 42.724 ms - 37[0m
2022-04-15 00:34:21 error: [POST] /login >> StatusCode:: 400, Message:: email must be an email
2022-04-15 00:34:21 info: [0mPOST /login [33m400[0m 3.739 ms - 36[0m
2022-04-15 00:43:49 info: =================================
2022-04-15 00:43:49 info: ======= ENV: development =======
2022-04-15 00:43:49 info: 🚀 App listening on the port 8000
2022-04-15 00:43:49 info: =================================
2022-04-15 00:43:49 info: 1ms Executed (default): SELECT 1+1 AS result
2022-04-15 00:43:49 info: 3ms Executed (default): CREATE TABLE IF NOT EXISTS `users` (`id` INTEGER auto_increment , `user_id` VARCHAR(45) NOT NULL UNIQUE, `email` VARCHAR(45) NOT NULL UNIQUE, `password` VARCHAR(255) NOT NULL, `created_at` DATETIME NOT NULL, `updated_at` DATETIME NOT NULL, PRIMARY KEY (`id`)) ENGINE=InnoDB DEFAULT CHARSET=utf8mb4 COLLATE utf8mb4_general_ci;
2022-04-15 00:43:49 info: 4ms Executed (default): SHOW INDEX FROM `users`
2022-04-15 00:43:50 info: 1ms Executed (default): SELECT 1+1 AS result
2022-04-15 00:43:50 info: 2ms Executed (default): CREATE TABLE IF NOT EXISTS `users` (`id` INTEGER auto_increment , `user_id` VARCHAR(45) NOT NULL UNIQUE, `email` VARCHAR(45) NOT NULL UNIQUE, `password` VARCHAR(255) NOT NULL, `created_at` DATETIME NOT NULL, `updated_at` DATETIME NOT NULL, PRIMARY KEY (`id`)) ENGINE=InnoDB DEFAULT CHARSET=utf8mb4 COLLATE utf8mb4_general_ci;
2022-04-15 00:43:50 info: 3ms Executed (default): SHOW INDEX FROM `users`
2022-04-15 00:44:02 info: 1ms Executed (default): SELECT 1+1 AS result
2022-04-15 00:44:02 info: 2ms Executed (default): CREATE TABLE IF NOT EXISTS `users` (`id` INTEGER auto_increment , `user_id` VARCHAR(45) NOT NULL UNIQUE, `email` VARCHAR(45) NOT NULL UNIQUE, `password` VARCHAR(255) NOT NULL, `created_at` DATETIME NOT NULL, `updated_at` DATETIME NOT NULL, PRIMARY KEY (`id`)) ENGINE=InnoDB DEFAULT CHARSET=utf8mb4 COLLATE utf8mb4_general_ci;
2022-04-15 00:44:02 info: 3ms Executed (default): SHOW INDEX FROM `users`
2022-04-15 00:44:05 error: [POST] /login >> StatusCode:: 400, Message:: email must be an email
2022-04-15 00:44:05 info: [0mPOST /login [33m400[0m 41.020 ms - 36[0m
