2022-04-20 00:17:18 info: =================================
2022-04-20 00:17:18 info: ======= ENV: development =======
2022-04-20 00:17:18 info: 🚀 App listening on the port 8000
2022-04-20 00:17:18 info: =================================
2022-04-20 00:17:18 info: 0ms Executed (default): SELECT 1+1 AS result
2022-04-20 00:17:18 info: 2ms Executed (default): CREATE TABLE IF NOT EXISTS `users` (`id` INTEGER auto_increment , `nickname` VARCHAR(64), `username` VARCHAR(45) NOT NULL UNIQUE, `password` VARCHAR(255) NOT NULL, `email` VARCHAR(128) NOT NULL UNIQUE, `gender` INTEGER, `avatar` VARCHAR(255), `mobile` INTEGER, `status` INTEGER DEFAULT 1, `deleted` INTEGER DEFAULT 0, `created_at` DATETIME NOT NULL, `updated_at` DATETIME NOT NULL, PRIMARY KEY (`id`)) ENGINE=InnoDB DEFAULT CHARSET=utf8mb4 COLLATE utf8mb4_general_ci;
2022-04-20 00:17:18 info: 3ms Executed (default): SHOW INDEX FROM `users`
2022-04-20 00:17:18 info: 2ms Executed (default): CREATE TABLE IF NOT EXISTS `roles` (`id` INTEGER auto_increment , `name` VARCHAR(64) NOT NULL, `menu_id` INTEGER NOT NULL, `url_perm` VARCHAR(128), `btn_perm` VARCHAR(128), `created_at` DATETIME NOT NULL, `updated_at` DATETIME NOT NULL, PRIMARY KEY (`id`)) ENGINE=InnoDB DEFAULT CHARSET=utf8mb4 COLLATE utf8mb4_general_ci;
2022-04-20 00:17:18 info: 2ms Executed (default): SHOW INDEX FROM `roles`
2022-04-20 00:17:18 info: 33ms Executed (default): CREATE TABLE IF NOT EXISTS `Users_Roles` (`user_model_id` INTEGER , `role_model_id` INTEGER , PRIMARY KEY (`user_model_id`, `role_model_id`), FOREIGN KEY (`user_model_id`) REFERENCES `users` (`id`) ON DELETE CASCADE ON UPDATE CASCADE, FOREIGN KEY (`role_model_id`) REFERENCES `roles` (`id`) ON DELETE CASCADE ON UPDATE CASCADE) ENGINE=InnoDB DEFAULT CHARSET=utf8mb4 COLLATE utf8mb4_general_ci;
2022-04-20 00:17:18 info: 6ms Executed (default): SHOW INDEX FROM `Users_Roles`
2022-04-20 00:17:18 info: 30ms Executed (default): CREATE TABLE IF NOT EXISTS `Roles_Menus` (`role_model_id` INTEGER , `menu_model_id` INTEGER , PRIMARY KEY (`role_model_id`, `menu_model_id`), FOREIGN KEY (`role_model_id`) REFERENCES `roles` (`id`) ON DELETE CASCADE ON UPDATE CASCADE, FOREIGN KEY (`menu_model_id`) REFERENCES `roles` (`id`) ON DELETE CASCADE ON UPDATE CASCADE) ENGINE=InnoDB DEFAULT CHARSET=utf8mb4 COLLATE utf8mb4_general_ci;
2022-04-20 00:17:18 info: 7ms Executed (default): SHOW INDEX FROM `Roles_Menus`
2022-04-20 00:17:18 info: 29ms Executed (default): CREATE TABLE IF NOT EXISTS `Roles_Permissions` (`role_model_id` INTEGER , `permission_model_id` INTEGER , PRIMARY KEY (`role_model_id`, `permission_model_id`), FOREIGN KEY (`role_model_id`) REFERENCES `roles` (`id`) ON DELETE CASCADE ON UPDATE CASCADE, FOREIGN KEY (`permission_model_id`) REFERENCES `roles` (`id`) ON DELETE CASCADE ON UPDATE CASCADE) ENGINE=InnoDB DEFAULT CHARSET=utf8mb4 COLLATE utf8mb4_general_ci;
2022-04-20 00:17:18 info: 7ms Executed (default): SHOW INDEX FROM `Roles_Permissions`
2022-04-20 00:18:16 info: =================================
2022-04-20 00:18:16 info: ======= ENV: development =======
2022-04-20 00:18:16 info: 🚀 App listening on the port 8000
2022-04-20 00:18:16 info: =================================
2022-04-20 00:18:16 info: 1ms Executed (default): SELECT 1+1 AS result
2022-04-20 00:18:16 info: 7ms Executed (default): CREATE TABLE IF NOT EXISTS `users` (`id` INTEGER auto_increment , `nickname` VARCHAR(64), `username` VARCHAR(45) NOT NULL UNIQUE, `password` VARCHAR(255) NOT NULL, `email` VARCHAR(128) NOT NULL UNIQUE, `gender` INTEGER, `avatar` VARCHAR(255), `mobile` INTEGER, `status` INTEGER DEFAULT 1, `deleted` INTEGER DEFAULT 0, `created_at` DATETIME NOT NULL, `updated_at` DATETIME NOT NULL, PRIMARY KEY (`id`)) ENGINE=InnoDB DEFAULT CHARSET=utf8mb4 COLLATE utf8mb4_general_ci;
2022-04-20 00:18:16 info: 6ms Executed (default): SHOW INDEX FROM `users`
2022-04-20 00:18:16 info: 5ms Executed (default): CREATE TABLE IF NOT EXISTS `roles` (`id` INTEGER auto_increment , `name` VARCHAR(64) NOT NULL, `menu_id` INTEGER NOT NULL, `url_perm` VARCHAR(128), `btn_perm` VARCHAR(128), `created_at` DATETIME NOT NULL, `updated_at` DATETIME NOT NULL, PRIMARY KEY (`id`)) ENGINE=InnoDB DEFAULT CHARSET=utf8mb4 COLLATE utf8mb4_general_ci;
2022-04-20 00:18:16 info: 4ms Executed (default): SHOW INDEX FROM `roles`
2022-04-20 00:18:16 info: 3ms Executed (default): CREATE TABLE IF NOT EXISTS `Users_Roles` (`user_model_id` INTEGER , `role_model_id` INTEGER , PRIMARY KEY (`user_model_id`, `role_model_id`), FOREIGN KEY (`user_model_id`) REFERENCES `users` (`id`) ON DELETE CASCADE ON UPDATE CASCADE, FOREIGN KEY (`role_model_id`) REFERENCES `roles` (`id`) ON DELETE CASCADE ON UPDATE CASCADE) ENGINE=InnoDB DEFAULT CHARSET=utf8mb4 COLLATE utf8mb4_general_ci;
2022-04-20 00:18:16 info: 2ms Executed (default): SHOW INDEX FROM `Users_Roles`
2022-04-20 00:18:16 info: 2ms Executed (default): CREATE TABLE IF NOT EXISTS `Roles_Menus` (`role_model_id` INTEGER , `menu_model_id` INTEGER , PRIMARY KEY (`role_model_id`, `menu_model_id`), FOREIGN KEY (`role_model_id`) REFERENCES `roles` (`id`) ON DELETE CASCADE ON UPDATE CASCADE, FOREIGN KEY (`menu_model_id`) REFERENCES `roles` (`id`) ON DELETE CASCADE ON UPDATE CASCADE) ENGINE=InnoDB DEFAULT CHARSET=utf8mb4 COLLATE utf8mb4_general_ci;
2022-04-20 00:18:16 info: 2ms Executed (default): SHOW INDEX FROM `Roles_Menus`
2022-04-20 00:18:16 info: 3ms Executed (default): CREATE TABLE IF NOT EXISTS `Roles_Permissions` (`role_model_id` INTEGER , `permission_model_id` INTEGER , PRIMARY KEY (`role_model_id`, `permission_model_id`), FOREIGN KEY (`role_model_id`) REFERENCES `roles` (`id`) ON DELETE CASCADE ON UPDATE CASCADE, FOREIGN KEY (`permission_model_id`) REFERENCES `roles` (`id`) ON DELETE CASCADE ON UPDATE CASCADE) ENGINE=InnoDB DEFAULT CHARSET=utf8mb4 COLLATE utf8mb4_general_ci;
2022-04-20 00:18:16 info: 1ms Executed (default): SHOW INDEX FROM `Roles_Permissions`
2022-04-20 00:18:28 info: =================================
2022-04-20 00:18:28 info: ======= ENV: development =======
2022-04-20 00:18:28 info: 🚀 App listening on the port 8000
2022-04-20 00:18:28 info: =================================
2022-04-20 00:18:28 info: 1ms Executed (default): SELECT 1+1 AS result
2022-04-20 00:18:28 info: 3ms Executed (default): CREATE TABLE IF NOT EXISTS `users` (`id` INTEGER auto_increment , `nickname` VARCHAR(64), `username` VARCHAR(45) NOT NULL UNIQUE, `password` VARCHAR(255) NOT NULL, `email` VARCHAR(128) NOT NULL UNIQUE, `gender` INTEGER, `avatar` VARCHAR(255), `mobile` INTEGER, `status` INTEGER DEFAULT 1, `deleted` INTEGER DEFAULT 0, `created_at` DATETIME NOT NULL, `updated_at` DATETIME NOT NULL, PRIMARY KEY (`id`)) ENGINE=InnoDB DEFAULT CHARSET=utf8mb4 COLLATE utf8mb4_general_ci;
2022-04-20 00:18:28 info: 2ms Executed (default): SHOW INDEX FROM `users`
2022-04-20 00:18:28 info: 2ms Executed (default): CREATE TABLE IF NOT EXISTS `roles` (`id` INTEGER auto_increment , `name` VARCHAR(64) NOT NULL, `menu_id` INTEGER NOT NULL, `url_perm` VARCHAR(128), `btn_perm` VARCHAR(128), `created_at` DATETIME NOT NULL, `updated_at` DATETIME NOT NULL, PRIMARY KEY (`id`)) ENGINE=InnoDB DEFAULT CHARSET=utf8mb4 COLLATE utf8mb4_general_ci;
2022-04-20 00:18:28 info: 2ms Executed (default): SHOW INDEX FROM `roles`
2022-04-20 00:18:28 info: 1ms Executed (default): CREATE TABLE IF NOT EXISTS `Users_Roles` (`user_model_id` INTEGER , `role_model_id` INTEGER , PRIMARY KEY (`user_model_id`, `role_model_id`), FOREIGN KEY (`user_model_id`) REFERENCES `users` (`id`) ON DELETE CASCADE ON UPDATE CASCADE, FOREIGN KEY (`role_model_id`) REFERENCES `roles` (`id`) ON DELETE CASCADE ON UPDATE CASCADE) ENGINE=InnoDB DEFAULT CHARSET=utf8mb4 COLLATE utf8mb4_general_ci;
2022-04-20 00:18:28 info: 2ms Executed (default): SHOW INDEX FROM `Users_Roles`
2022-04-20 00:18:29 info: 2ms Executed (default): CREATE TABLE IF NOT EXISTS `Roles_Menus` (`role_model_id` INTEGER , `menu_model_id` INTEGER , PRIMARY KEY (`role_model_id`, `menu_model_id`), FOREIGN KEY (`role_model_id`) REFERENCES `roles` (`id`) ON DELETE CASCADE ON UPDATE CASCADE, FOREIGN KEY (`menu_model_id`) REFERENCES `roles` (`id`) ON DELETE CASCADE ON UPDATE CASCADE) ENGINE=InnoDB DEFAULT CHARSET=utf8mb4 COLLATE utf8mb4_general_ci;
2022-04-20 00:18:29 info: 1ms Executed (default): SHOW INDEX FROM `Roles_Menus`
2022-04-20 00:18:29 info: 2ms Executed (default): CREATE TABLE IF NOT EXISTS `Roles_Permissions` (`role_model_id` INTEGER , `permission_model_id` INTEGER , PRIMARY KEY (`role_model_id`, `permission_model_id`), FOREIGN KEY (`role_model_id`) REFERENCES `roles` (`id`) ON DELETE CASCADE ON UPDATE CASCADE, FOREIGN KEY (`permission_model_id`) REFERENCES `roles` (`id`) ON DELETE CASCADE ON UPDATE CASCADE) ENGINE=InnoDB DEFAULT CHARSET=utf8mb4 COLLATE utf8mb4_general_ci;
2022-04-20 00:18:29 info: 1ms Executed (default): SHOW INDEX FROM `Roles_Permissions`
2022-04-20 00:18:41 info: =================================
2022-04-20 00:18:41 info: ======= ENV: development =======
2022-04-20 00:18:41 info: 🚀 App listening on the port 8000
2022-04-20 00:18:41 info: =================================
2022-04-20 00:18:41 info: 1ms Executed (default): SELECT 1+1 AS result
2022-04-20 00:18:41 info: 3ms Executed (default): CREATE TABLE IF NOT EXISTS `users` (`id` INTEGER auto_increment , `nickname` VARCHAR(64), `username` VARCHAR(45) NOT NULL UNIQUE, `password` VARCHAR(255) NOT NULL, `email` VARCHAR(128) NOT NULL UNIQUE, `gender` INTEGER, `avatar` VARCHAR(255), `mobile` INTEGER, `status` INTEGER DEFAULT 1, `deleted` INTEGER DEFAULT 0, `created_at` DATETIME NOT NULL, `updated_at` DATETIME NOT NULL, PRIMARY KEY (`id`)) ENGINE=InnoDB DEFAULT CHARSET=utf8mb4 COLLATE utf8mb4_general_ci;
2022-04-20 00:18:41 info: 3ms Executed (default): SHOW INDEX FROM `users`
2022-04-20 00:18:41 info: 2ms Executed (default): CREATE TABLE IF NOT EXISTS `roles` (`id` INTEGER auto_increment , `name` VARCHAR(64) NOT NULL, `menu_id` INTEGER NOT NULL, `url_perm` VARCHAR(128), `btn_perm` VARCHAR(128), `created_at` DATETIME NOT NULL, `updated_at` DATETIME NOT NULL, PRIMARY KEY (`id`)) ENGINE=InnoDB DEFAULT CHARSET=utf8mb4 COLLATE utf8mb4_general_ci;
2022-04-20 00:18:41 info: 2ms Executed (default): SHOW INDEX FROM `roles`
2022-04-20 00:18:41 info: 2ms Executed (default): CREATE TABLE IF NOT EXISTS `Users_Roles` (`user_model_id` INTEGER , `role_model_id` INTEGER , PRIMARY KEY (`user_model_id`, `role_model_id`), FOREIGN KEY (`user_model_id`) REFERENCES `users` (`id`) ON DELETE CASCADE ON UPDATE CASCADE, FOREIGN KEY (`role_model_id`) REFERENCES `roles` (`id`) ON DELETE CASCADE ON UPDATE CASCADE) ENGINE=InnoDB DEFAULT CHARSET=utf8mb4 COLLATE utf8mb4_general_ci;
2022-04-20 00:18:41 info: 1ms Executed (default): SHOW INDEX FROM `Users_Roles`
2022-04-20 00:18:41 info: 2ms Executed (default): CREATE TABLE IF NOT EXISTS `Roles_Menus` (`role_model_id` INTEGER , `menu_model_id` INTEGER , PRIMARY KEY (`role_model_id`, `menu_model_id`), FOREIGN KEY (`role_model_id`) REFERENCES `roles` (`id`) ON DELETE CASCADE ON UPDATE CASCADE, FOREIGN KEY (`menu_model_id`) REFERENCES `roles` (`id`) ON DELETE CASCADE ON UPDATE CASCADE) ENGINE=InnoDB DEFAULT CHARSET=utf8mb4 COLLATE utf8mb4_general_ci;
2022-04-20 00:18:41 info: 2ms Executed (default): SHOW INDEX FROM `Roles_Menus`
2022-04-20 00:18:41 info: 2ms Executed (default): CREATE TABLE IF NOT EXISTS `Roles_Permissions` (`role_model_id` INTEGER , `permission_model_id` INTEGER , PRIMARY KEY (`role_model_id`, `permission_model_id`), FOREIGN KEY (`role_model_id`) REFERENCES `roles` (`id`) ON DELETE CASCADE ON UPDATE CASCADE, FOREIGN KEY (`permission_model_id`) REFERENCES `roles` (`id`) ON DELETE CASCADE ON UPDATE CASCADE) ENGINE=InnoDB DEFAULT CHARSET=utf8mb4 COLLATE utf8mb4_general_ci;
2022-04-20 00:18:41 info: 2ms Executed (default): SHOW INDEX FROM `Roles_Permissions`
2022-04-20 00:20:55 info: =================================
2022-04-20 00:20:55 info: ======= ENV: development =======
2022-04-20 00:20:55 info: 🚀 App listening on the port 8000
2022-04-20 00:20:55 info: =================================
2022-04-20 00:20:55 info: 1ms Executed (default): SELECT 1+1 AS result
2022-04-20 00:20:55 info: 2ms Executed (default): CREATE TABLE IF NOT EXISTS `users` (`id` INTEGER auto_increment , `nickname` VARCHAR(64), `username` VARCHAR(45) NOT NULL UNIQUE, `password` VARCHAR(255) NOT NULL, `email` VARCHAR(128) NOT NULL UNIQUE, `gender` INTEGER, `avatar` VARCHAR(255), `mobile` INTEGER, `status` INTEGER DEFAULT 1, `deleted` INTEGER DEFAULT 0, `created_at` DATETIME NOT NULL, `updated_at` DATETIME NOT NULL, PRIMARY KEY (`id`)) ENGINE=InnoDB DEFAULT CHARSET=utf8mb4 COLLATE utf8mb4_general_ci;
2022-04-20 00:20:55 info: 3ms Executed (default): SHOW INDEX FROM `users`
2022-04-20 00:20:55 info: 2ms Executed (default): CREATE TABLE IF NOT EXISTS `roles` (`id` INTEGER auto_increment , `name` VARCHAR(64) NOT NULL, `menu_id` INTEGER NOT NULL, `url_perm` VARCHAR(128), `btn_perm` VARCHAR(128), `created_at` DATETIME NOT NULL, `updated_at` DATETIME NOT NULL, PRIMARY KEY (`id`)) ENGINE=InnoDB DEFAULT CHARSET=utf8mb4 COLLATE utf8mb4_general_ci;
2022-04-20 00:20:55 info: 2ms Executed (default): SHOW INDEX FROM `roles`
2022-04-20 00:20:55 info: 2ms Executed (default): CREATE TABLE IF NOT EXISTS `Users_Roles` (`user_model_id` INTEGER , `role_model_id` INTEGER , PRIMARY KEY (`user_model_id`, `role_model_id`), FOREIGN KEY (`user_model_id`) REFERENCES `users` (`id`) ON DELETE CASCADE ON UPDATE CASCADE, FOREIGN KEY (`role_model_id`) REFERENCES `roles` (`id`) ON DELETE CASCADE ON UPDATE CASCADE) ENGINE=InnoDB DEFAULT CHARSET=utf8mb4 COLLATE utf8mb4_general_ci;
2022-04-20 00:20:55 info: 2ms Executed (default): SHOW INDEX FROM `Users_Roles`
2022-04-20 00:20:55 info: 2ms Executed (default): CREATE TABLE IF NOT EXISTS `Roles_Menus` (`role_model_id` INTEGER , `menu_model_id` INTEGER , PRIMARY KEY (`role_model_id`, `menu_model_id`), FOREIGN KEY (`role_model_id`) REFERENCES `roles` (`id`) ON DELETE CASCADE ON UPDATE CASCADE, FOREIGN KEY (`menu_model_id`) REFERENCES `roles` (`id`) ON DELETE CASCADE ON UPDATE CASCADE) ENGINE=InnoDB DEFAULT CHARSET=utf8mb4 COLLATE utf8mb4_general_ci;
2022-04-20 00:20:55 info: 1ms Executed (default): SHOW INDEX FROM `Roles_Menus`
2022-04-20 00:20:55 info: 2ms Executed (default): CREATE TABLE IF NOT EXISTS `Roles_Permissions` (`role_model_id` INTEGER , `permission_model_id` INTEGER , PRIMARY KEY (`role_model_id`, `permission_model_id`), FOREIGN KEY (`role_model_id`) REFERENCES `roles` (`id`) ON DELETE CASCADE ON UPDATE CASCADE, FOREIGN KEY (`permission_model_id`) REFERENCES `roles` (`id`) ON DELETE CASCADE ON UPDATE CASCADE) ENGINE=InnoDB DEFAULT CHARSET=utf8mb4 COLLATE utf8mb4_general_ci;
2022-04-20 00:20:55 info: 1ms Executed (default): SHOW INDEX FROM `Roles_Permissions`
2022-04-20 00:21:39 info: =================================
2022-04-20 00:21:39 info: ======= ENV: development =======
2022-04-20 00:21:39 info: 🚀 App listening on the port 8000
2022-04-20 00:21:39 info: =================================
2022-04-20 00:21:39 info: 1ms Executed (default): SELECT 1+1 AS result
2022-04-20 00:21:39 info: 2ms Executed (default): CREATE TABLE IF NOT EXISTS `users` (`id` INTEGER auto_increment , `nickname` VARCHAR(64), `username` VARCHAR(45) NOT NULL UNIQUE, `password` VARCHAR(255) NOT NULL, `email` VARCHAR(128) NOT NULL UNIQUE, `gender` INTEGER, `avatar` VARCHAR(255), `mobile` INTEGER, `status` INTEGER DEFAULT 1, `deleted` INTEGER DEFAULT 0, `created_at` DATETIME NOT NULL, `updated_at` DATETIME NOT NULL, PRIMARY KEY (`id`)) ENGINE=InnoDB DEFAULT CHARSET=utf8mb4 COLLATE utf8mb4_general_ci;
2022-04-20 00:21:39 info: 2ms Executed (default): SHOW INDEX FROM `users`
2022-04-20 00:21:39 info: 2ms Executed (default): CREATE TABLE IF NOT EXISTS `roles` (`id` INTEGER auto_increment , `name` VARCHAR(64) NOT NULL, `menu_id` INTEGER NOT NULL, `url_perm` VARCHAR(128), `btn_perm` VARCHAR(128), `created_at` DATETIME NOT NULL, `updated_at` DATETIME NOT NULL, PRIMARY KEY (`id`)) ENGINE=InnoDB DEFAULT CHARSET=utf8mb4 COLLATE utf8mb4_general_ci;
2022-04-20 00:21:39 info: 2ms Executed (default): SHOW INDEX FROM `roles`
2022-04-20 00:21:39 info: 2ms Executed (default): CREATE TABLE IF NOT EXISTS `Users_Roles` (`user_model_id` INTEGER , `role_model_id` INTEGER , PRIMARY KEY (`user_model_id`, `role_model_id`), FOREIGN KEY (`user_model_id`) REFERENCES `users` (`id`) ON DELETE CASCADE ON UPDATE CASCADE, FOREIGN KEY (`role_model_id`) REFERENCES `roles` (`id`) ON DELETE CASCADE ON UPDATE CASCADE) ENGINE=InnoDB DEFAULT CHARSET=utf8mb4 COLLATE utf8mb4_general_ci;
2022-04-20 00:21:39 info: 2ms Executed (default): SHOW INDEX FROM `Users_Roles`
2022-04-20 00:21:39 info: 1ms Executed (default): CREATE TABLE IF NOT EXISTS `Roles_Menus` (`role_model_id` INTEGER , `menu_model_id` INTEGER , PRIMARY KEY (`role_model_id`, `menu_model_id`), FOREIGN KEY (`role_model_id`) REFERENCES `roles` (`id`) ON DELETE CASCADE ON UPDATE CASCADE, FOREIGN KEY (`menu_model_id`) REFERENCES `roles` (`id`) ON DELETE CASCADE ON UPDATE CASCADE) ENGINE=InnoDB DEFAULT CHARSET=utf8mb4 COLLATE utf8mb4_general_ci;
2022-04-20 00:21:39 info: 2ms Executed (default): SHOW INDEX FROM `Roles_Menus`
2022-04-20 00:21:39 info: 1ms Executed (default): CREATE TABLE IF NOT EXISTS `Roles_Permissions` (`role_model_id` INTEGER , `permission_model_id` INTEGER , PRIMARY KEY (`role_model_id`, `permission_model_id`), FOREIGN KEY (`role_model_id`) REFERENCES `roles` (`id`) ON DELETE CASCADE ON UPDATE CASCADE, FOREIGN KEY (`permission_model_id`) REFERENCES `roles` (`id`) ON DELETE CASCADE ON UPDATE CASCADE) ENGINE=InnoDB DEFAULT CHARSET=utf8mb4 COLLATE utf8mb4_general_ci;
2022-04-20 00:21:39 info: 2ms Executed (default): SHOW INDEX FROM `Roles_Permissions`
2022-04-20 00:22:12 info: 1ms Executed (default): SELECT 1+1 AS result
2022-04-20 00:22:24 info: 1ms Executed (default): SELECT 1+1 AS result
2022-04-20 00:22:35 info: 1ms Executed (default): SELECT 1+1 AS result
2022-04-20 00:22:40 info: 0ms Executed (default): SELECT 1+1 AS result
2022-04-20 00:23:24 info: =================================
2022-04-20 00:23:24 info: ======= ENV: development =======
2022-04-20 00:23:24 info: 🚀 App listening on the port 8000
2022-04-20 00:23:24 info: =================================
2022-04-20 00:23:24 info: 1ms Executed (default): SELECT 1+1 AS result
2022-04-20 00:23:24 info: 2ms Executed (default): CREATE TABLE IF NOT EXISTS `users` (`id` INTEGER auto_increment , `nickname` VARCHAR(64), `username` VARCHAR(45) NOT NULL UNIQUE, `password` VARCHAR(255) NOT NULL, `email` VARCHAR(128) NOT NULL UNIQUE, `gender` INTEGER, `avatar` VARCHAR(255), `mobile` INTEGER, `status` INTEGER DEFAULT 1, `deleted` INTEGER DEFAULT 0, `created_at` DATETIME NOT NULL, `updated_at` DATETIME NOT NULL, PRIMARY KEY (`id`)) ENGINE=InnoDB DEFAULT CHARSET=utf8mb4 COLLATE utf8mb4_general_ci;
2022-04-20 00:23:24 info: 3ms Executed (default): SHOW INDEX FROM `users`
2022-04-20 00:23:24 info: 2ms Executed (default): CREATE TABLE IF NOT EXISTS `roles` (`id` INTEGER auto_increment , `name` VARCHAR(64) NOT NULL, `menu_id` INTEGER NOT NULL, `url_perm` VARCHAR(128), `btn_perm` VARCHAR(128), `created_at` DATETIME NOT NULL, `updated_at` DATETIME NOT NULL, PRIMARY KEY (`id`)) ENGINE=InnoDB DEFAULT CHARSET=utf8mb4 COLLATE utf8mb4_general_ci;
2022-04-20 00:23:24 info: 2ms Executed (default): SHOW INDEX FROM `roles`
2022-04-20 00:23:24 info: 2ms Executed (default): CREATE TABLE IF NOT EXISTS `Users_Roles` (`user_model_id` INTEGER , `role_model_id` INTEGER , PRIMARY KEY (`user_model_id`, `role_model_id`), FOREIGN KEY (`user_model_id`) REFERENCES `users` (`id`) ON DELETE CASCADE ON UPDATE CASCADE, FOREIGN KEY (`role_model_id`) REFERENCES `roles` (`id`) ON DELETE CASCADE ON UPDATE CASCADE) ENGINE=InnoDB DEFAULT CHARSET=utf8mb4 COLLATE utf8mb4_general_ci;
2022-04-20 00:23:24 info: 1ms Executed (default): SHOW INDEX FROM `Users_Roles`
2022-04-20 00:23:24 info: 2ms Executed (default): CREATE TABLE IF NOT EXISTS `Roles_Menus` (`role_model_id` INTEGER , `menu_model_id` INTEGER , PRIMARY KEY (`role_model_id`, `menu_model_id`), FOREIGN KEY (`role_model_id`) REFERENCES `roles` (`id`) ON DELETE CASCADE ON UPDATE CASCADE, FOREIGN KEY (`menu_model_id`) REFERENCES `roles` (`id`) ON DELETE CASCADE ON UPDATE CASCADE) ENGINE=InnoDB DEFAULT CHARSET=utf8mb4 COLLATE utf8mb4_general_ci;
2022-04-20 00:23:24 info: 1ms Executed (default): SHOW INDEX FROM `Roles_Menus`
2022-04-20 00:23:24 info: 2ms Executed (default): CREATE TABLE IF NOT EXISTS `Roles_Permissions` (`role_model_id` INTEGER , `permission_model_id` INTEGER , PRIMARY KEY (`role_model_id`, `permission_model_id`), FOREIGN KEY (`role_model_id`) REFERENCES `roles` (`id`) ON DELETE CASCADE ON UPDATE CASCADE, FOREIGN KEY (`permission_model_id`) REFERENCES `roles` (`id`) ON DELETE CASCADE ON UPDATE CASCADE) ENGINE=InnoDB DEFAULT CHARSET=utf8mb4 COLLATE utf8mb4_general_ci;
2022-04-20 00:23:24 info: 2ms Executed (default): SHOW INDEX FROM `Roles_Permissions`
2022-04-20 00:23:32 info: =================================
2022-04-20 00:23:32 info: ======= ENV: development =======
2022-04-20 00:23:32 info: 🚀 App listening on the port 8000
2022-04-20 00:23:32 info: =================================
2022-04-20 00:23:32 info: 1ms Executed (default): SELECT 1+1 AS result
2022-04-20 00:23:32 info: 2ms Executed (default): CREATE TABLE IF NOT EXISTS `users` (`id` INTEGER auto_increment , `nickname` VARCHAR(64), `username` VARCHAR(45) NOT NULL UNIQUE, `password` VARCHAR(255) NOT NULL, `email` VARCHAR(128) NOT NULL UNIQUE, `gender` INTEGER, `avatar` VARCHAR(255), `mobile` INTEGER, `status` INTEGER DEFAULT 1, `deleted` INTEGER DEFAULT 0, `created_at` DATETIME NOT NULL, `updated_at` DATETIME NOT NULL, PRIMARY KEY (`id`)) ENGINE=InnoDB DEFAULT CHARSET=utf8mb4 COLLATE utf8mb4_general_ci;
2022-04-20 00:23:32 info: 2ms Executed (default): SHOW INDEX FROM `users`
2022-04-20 00:23:32 info: 1ms Executed (default): CREATE TABLE IF NOT EXISTS `roles` (`id` INTEGER auto_increment , `name` VARCHAR(64) NOT NULL, `menu_id` INTEGER NOT NULL, `url_perm` VARCHAR(128), `btn_perm` VARCHAR(128), `created_at` DATETIME NOT NULL, `updated_at` DATETIME NOT NULL, PRIMARY KEY (`id`)) ENGINE=InnoDB DEFAULT CHARSET=utf8mb4 COLLATE utf8mb4_general_ci;
2022-04-20 00:23:32 info: 1ms Executed (default): SHOW INDEX FROM `roles`
2022-04-20 00:23:32 info: 2ms Executed (default): CREATE TABLE IF NOT EXISTS `Users_Roles` (`user_model_id` INTEGER , `role_model_id` INTEGER , PRIMARY KEY (`user_model_id`, `role_model_id`), FOREIGN KEY (`user_model_id`) REFERENCES `users` (`id`) ON DELETE CASCADE ON UPDATE CASCADE, FOREIGN KEY (`role_model_id`) REFERENCES `roles` (`id`) ON DELETE CASCADE ON UPDATE CASCADE) ENGINE=InnoDB DEFAULT CHARSET=utf8mb4 COLLATE utf8mb4_general_ci;
2022-04-20 00:23:32 info: 1ms Executed (default): SHOW INDEX FROM `Users_Roles`
2022-04-20 00:23:32 info: 2ms Executed (default): CREATE TABLE IF NOT EXISTS `Roles_Menus` (`role_model_id` INTEGER , `menu_model_id` INTEGER , PRIMARY KEY (`role_model_id`, `menu_model_id`), FOREIGN KEY (`role_model_id`) REFERENCES `roles` (`id`) ON DELETE CASCADE ON UPDATE CASCADE, FOREIGN KEY (`menu_model_id`) REFERENCES `roles` (`id`) ON DELETE CASCADE ON UPDATE CASCADE) ENGINE=InnoDB DEFAULT CHARSET=utf8mb4 COLLATE utf8mb4_general_ci;
2022-04-20 00:23:32 info: 2ms Executed (default): SHOW INDEX FROM `Roles_Menus`
2022-04-20 00:23:32 info: 2ms Executed (default): CREATE TABLE IF NOT EXISTS `Roles_Permissions` (`role_model_id` INTEGER , `permission_model_id` INTEGER , PRIMARY KEY (`role_model_id`, `permission_model_id`), FOREIGN KEY (`role_model_id`) REFERENCES `roles` (`id`) ON DELETE CASCADE ON UPDATE CASCADE, FOREIGN KEY (`permission_model_id`) REFERENCES `roles` (`id`) ON DELETE CASCADE ON UPDATE CASCADE) ENGINE=InnoDB DEFAULT CHARSET=utf8mb4 COLLATE utf8mb4_general_ci;
2022-04-20 00:23:32 info: 1ms Executed (default): SHOW INDEX FROM `Roles_Permissions`
2022-04-20 00:23:43 info: =================================
2022-04-20 00:23:43 info: ======= ENV: development =======
2022-04-20 00:23:43 info: 🚀 App listening on the port 8000
2022-04-20 00:23:43 info: =================================
2022-04-20 00:23:43 info: 1ms Executed (default): SELECT 1+1 AS result
2022-04-20 00:23:43 info: 2ms Executed (default): CREATE TABLE IF NOT EXISTS `users` (`id` INTEGER auto_increment , `nickname` VARCHAR(64), `username` VARCHAR(45) NOT NULL UNIQUE, `password` VARCHAR(255) NOT NULL, `email` VARCHAR(128) NOT NULL UNIQUE, `gender` INTEGER, `avatar` VARCHAR(255), `mobile` INTEGER, `status` INTEGER DEFAULT 1, `deleted` INTEGER DEFAULT 0, `created_at` DATETIME NOT NULL, `updated_at` DATETIME NOT NULL, PRIMARY KEY (`id`)) ENGINE=InnoDB DEFAULT CHARSET=utf8mb4 COLLATE utf8mb4_general_ci;
2022-04-20 00:23:43 info: 2ms Executed (default): SHOW INDEX FROM `users`
2022-04-20 00:23:43 info: 2ms Executed (default): CREATE TABLE IF NOT EXISTS `roles` (`id` INTEGER auto_increment , `name` VARCHAR(64) NOT NULL, `menu_id` INTEGER NOT NULL, `url_perm` VARCHAR(128), `btn_perm` VARCHAR(128), `created_at` DATETIME NOT NULL, `updated_at` DATETIME NOT NULL, PRIMARY KEY (`id`)) ENGINE=InnoDB DEFAULT CHARSET=utf8mb4 COLLATE utf8mb4_general_ci;
2022-04-20 00:23:43 info: 2ms Executed (default): SHOW INDEX FROM `roles`
2022-04-20 00:23:43 info: 2ms Executed (default): CREATE TABLE IF NOT EXISTS `Users_Roles` (`user_model_id` INTEGER , `role_model_id` INTEGER , PRIMARY KEY (`user_model_id`, `role_model_id`), FOREIGN KEY (`user_model_id`) REFERENCES `users` (`id`) ON DELETE CASCADE ON UPDATE CASCADE, FOREIGN KEY (`role_model_id`) REFERENCES `roles` (`id`) ON DELETE CASCADE ON UPDATE CASCADE) ENGINE=InnoDB DEFAULT CHARSET=utf8mb4 COLLATE utf8mb4_general_ci;
2022-04-20 00:23:43 info: 2ms Executed (default): SHOW INDEX FROM `Users_Roles`
2022-04-20 00:23:43 info: 2ms Executed (default): CREATE TABLE IF NOT EXISTS `Roles_Menus` (`role_model_id` INTEGER , `menu_model_id` INTEGER , PRIMARY KEY (`role_model_id`, `menu_model_id`), FOREIGN KEY (`role_model_id`) REFERENCES `roles` (`id`) ON DELETE CASCADE ON UPDATE CASCADE, FOREIGN KEY (`menu_model_id`) REFERENCES `roles` (`id`) ON DELETE CASCADE ON UPDATE CASCADE) ENGINE=InnoDB DEFAULT CHARSET=utf8mb4 COLLATE utf8mb4_general_ci;
2022-04-20 00:23:43 info: 2ms Executed (default): SHOW INDEX FROM `Roles_Menus`
2022-04-20 00:23:43 info: 2ms Executed (default): CREATE TABLE IF NOT EXISTS `Roles_Permissions` (`role_model_id` INTEGER , `permission_model_id` INTEGER , PRIMARY KEY (`role_model_id`, `permission_model_id`), FOREIGN KEY (`role_model_id`) REFERENCES `roles` (`id`) ON DELETE CASCADE ON UPDATE CASCADE, FOREIGN KEY (`permission_model_id`) REFERENCES `roles` (`id`) ON DELETE CASCADE ON UPDATE CASCADE) ENGINE=InnoDB DEFAULT CHARSET=utf8mb4 COLLATE utf8mb4_general_ci;
2022-04-20 00:23:43 info: 2ms Executed (default): SHOW INDEX FROM `Roles_Permissions`
2022-04-20 00:25:12 info: =================================
2022-04-20 00:25:12 info: ======= ENV: development =======
2022-04-20 00:25:12 info: 🚀 App listening on the port 8000
2022-04-20 00:25:12 info: =================================
2022-04-20 00:25:12 info: 2ms Executed (default): SELECT 1+1 AS result
2022-04-20 00:25:12 info: 5ms Executed (default): CREATE TABLE IF NOT EXISTS `users` (`id` INTEGER auto_increment , `nickname` VARCHAR(64), `username` VARCHAR(45) NOT NULL UNIQUE, `password` VARCHAR(255) NOT NULL, `email` VARCHAR(128) NOT NULL UNIQUE, `gender` INTEGER, `avatar` VARCHAR(255), `mobile` INTEGER, `status` INTEGER DEFAULT 1, `deleted` INTEGER DEFAULT 0, `created_at` DATETIME NOT NULL, `updated_at` DATETIME NOT NULL, PRIMARY KEY (`id`)) ENGINE=InnoDB DEFAULT CHARSET=utf8mb4 COLLATE utf8mb4_general_ci;
2022-04-20 00:25:12 info: 3ms Executed (default): SHOW INDEX FROM `users`
2022-04-20 00:25:12 info: 3ms Executed (default): CREATE TABLE IF NOT EXISTS `roles` (`id` INTEGER auto_increment , `name` VARCHAR(64) NOT NULL, `menu_id` INTEGER NOT NULL, `url_perm` VARCHAR(128), `btn_perm` VARCHAR(128), `created_at` DATETIME NOT NULL, `updated_at` DATETIME NOT NULL, PRIMARY KEY (`id`)) ENGINE=InnoDB DEFAULT CHARSET=utf8mb4 COLLATE utf8mb4_general_ci;
2022-04-20 00:25:12 info: 2ms Executed (default): SHOW INDEX FROM `roles`
2022-04-20 00:25:12 info: 2ms Executed (default): CREATE TABLE IF NOT EXISTS `Users_Roles` (`user_model_id` INTEGER , `role_model_id` INTEGER , PRIMARY KEY (`user_model_id`, `role_model_id`), FOREIGN KEY (`user_model_id`) REFERENCES `users` (`id`) ON DELETE CASCADE ON UPDATE CASCADE, FOREIGN KEY (`role_model_id`) REFERENCES `roles` (`id`) ON DELETE CASCADE ON UPDATE CASCADE) ENGINE=InnoDB DEFAULT CHARSET=utf8mb4 COLLATE utf8mb4_general_ci;
2022-04-20 00:25:12 info: 2ms Executed (default): SHOW INDEX FROM `Users_Roles`
2022-04-20 00:25:12 info: 2ms Executed (default): CREATE TABLE IF NOT EXISTS `Roles_Menus` (`role_model_id` INTEGER , `menu_model_id` INTEGER , PRIMARY KEY (`role_model_id`, `menu_model_id`), FOREIGN KEY (`role_model_id`) REFERENCES `roles` (`id`) ON DELETE CASCADE ON UPDATE CASCADE, FOREIGN KEY (`menu_model_id`) REFERENCES `roles` (`id`) ON DELETE CASCADE ON UPDATE CASCADE) ENGINE=InnoDB DEFAULT CHARSET=utf8mb4 COLLATE utf8mb4_general_ci;
2022-04-20 00:25:12 info: 2ms Executed (default): SHOW INDEX FROM `Roles_Menus`
2022-04-20 00:25:12 info: 3ms Executed (default): CREATE TABLE IF NOT EXISTS `Roles_Permissions` (`role_model_id` INTEGER , `permission_model_id` INTEGER , PRIMARY KEY (`role_model_id`, `permission_model_id`), FOREIGN KEY (`role_model_id`) REFERENCES `roles` (`id`) ON DELETE CASCADE ON UPDATE CASCADE, FOREIGN KEY (`permission_model_id`) REFERENCES `roles` (`id`) ON DELETE CASCADE ON UPDATE CASCADE) ENGINE=InnoDB DEFAULT CHARSET=utf8mb4 COLLATE utf8mb4_general_ci;
2022-04-20 00:25:12 info: 2ms Executed (default): SHOW INDEX FROM `Roles_Permissions`
2022-04-20 09:16:54 error: [GET] /menus >> StatusCode:: 401, Message:: Token身份无效!
2022-04-20 09:16:54 info: [0mGET /menus [33m401[0m 8.394 ms - 42[0m
2022-04-20 09:17:31 info: 3ms Executed (default): SELECT `id`, `nickname`, `username`, `password`, `email`, `gender`, `avatar`, `mobile`, `status`, `deleted`, `created_at` AS `createdAt`, `updated_at` AS `updatedAt` FROM `users` AS `UserModel` WHERE `UserModel`.`username` = 'admin';
2022-04-20 09:17:31 info: [0mPOST /login [32m200[0m 124.197 ms - 282[0m
2022-04-20 09:17:31 info: 4ms Executed (default): SELECT `UserModel`.`id`, `UserModel`.`nickname`, `UserModel`.`username`, `UserModel`.`email`, `UserModel`.`gender`, `UserModel`.`avatar`, `UserModel`.`mobile`, `UserModel`.`status`, `UserModel`.`deleted`, `UserModel`.`created_at` AS `createdAt`, `UserModel`.`updated_at` AS `updatedAt`, `roles`.`id` AS `roles.id`, `roles`.`name` AS `roles.name`, `roles`.`code` AS `roles.code`, `roles`.`sort` AS `roles.sort`, `roles`.`status` AS `roles.status`, `roles`.`deleted` AS `roles.deleted`, `roles`.`created_at` AS `roles.createdAt`, `roles`.`updated_at` AS `roles.updatedAt` FROM `users` AS `UserModel` LEFT OUTER JOIN ( `Users_Roles` AS `roles->Users_Roles` INNER JOIN `roles` AS `roles` ON `roles`.`id` = `roles->Users_Roles`.`role_model_id`) ON `UserModel`.`id` = `roles->Users_Roles`.`user_model_id` WHERE `UserModel`.`id` = 1;
2022-04-20 09:17:31 info: [0mGET /login-info [32m200[0m 16.460 ms - 585[0m
2022-04-20 09:17:31 info: [0mGET /menus [32m200[0m 3.583 ms - 46[0m
2022-04-20 09:19:21 info: [0mGET /menus [32m200[0m 1.481 ms - 46[0m
2022-04-20 22:51:46 info: =================================
2022-04-20 22:51:46 info: ======= ENV: production =======
2022-04-20 22:51:46 info: 🚀 App listening on the port 8000
2022-04-20 22:51:46 info: =================================
