2022-04-16 14:20:56 info: =================================
2022-04-16 14:20:56 info: ======= ENV: development =======
2022-04-16 14:20:56 info: ðŸš€ App listening on the port 8000
2022-04-16 14:20:56 info: =================================
2022-04-16 14:20:56 info: 2ms Executed (default): SELECT 1+1 AS result
2022-04-16 14:20:56 info: 41ms Executed (default): CREATE TABLE IF NOT EXISTS `users` (`id` INTEGER auto_increment , `username` VARCHAR(45) NOT NULL UNIQUE, `email` VARCHAR(45) NOT NULL UNIQUE, `password` VARCHAR(255) NOT NULL, `created_at` DATETIME NOT NULL, `updated_at` DATETIME NOT NULL, PRIMARY KEY (`id`)) ENGINE=InnoDB DEFAULT CHARSET=utf8mb4 COLLATE utf8mb4_general_ci;
2022-04-16 14:20:56 info: 18ms Executed (default): SHOW INDEX FROM `users`
2022-04-16 14:22:46 info: =================================
2022-04-16 14:22:46 info: ======= ENV: development =======
2022-04-16 14:22:46 info: ðŸš€ App listening on the port 8000
2022-04-16 14:22:46 info: =================================
2022-04-16 14:23:30 info: =================================
2022-04-16 14:23:30 info: ======= ENV: development =======
2022-04-16 14:23:30 info: ðŸš€ App listening on the port 8000
2022-04-16 14:23:30 info: =================================
2022-04-16 14:23:30 info: 1ms Executed (default): SELECT 1+1 AS result
2022-04-16 14:23:30 info: 61ms Executed (default): CREATE TABLE IF NOT EXISTS `users` (`id` INTEGER auto_increment , `username` VARCHAR(45) NOT NULL UNIQUE, `email` VARCHAR(45) NOT NULL UNIQUE, `password` VARCHAR(255) NOT NULL, `created_at` DATETIME NOT NULL, `updated_at` DATETIME NOT NULL, PRIMARY KEY (`id`)) ENGINE=InnoDB DEFAULT CHARSET=utf8mb4 COLLATE utf8mb4_general_ci;
2022-04-16 14:23:30 info: 12ms Executed (default): SHOW INDEX FROM `users`
2022-04-16 14:27:27 error: [POST] /signup >> StatusCode:: 400, Message:: Unexpected token ' in JSON at position 78
2022-04-16 14:27:27 info: [0mPOST /signup [33m400[0m 36.985 ms - 55[0m
2022-04-16 14:27:42 info: 4ms Executed (default): SELECT `id`, `username`, `email`, `password`, `created_at` AS `createdAt`, `updated_at` AS `updatedAt` FROM `users` AS `UserModel` WHERE `UserModel`.`username` = 'admin';
2022-04-16 14:27:42 info: 1ms Executed (default): SELECT `id`, `username`, `email`, `password`, `created_at` AS `createdAt`, `updated_at` AS `updatedAt` FROM `users` AS `UserModel` WHERE `UserModel`.`email` = 'u.veixwo@qq.com';
2022-04-16 14:27:42 info: 11ms Executed (default): INSERT INTO `users` (`id`,`username`,`email`,`password`,`created_at`,`updated_at`) VALUES (DEFAULT,?,?,?,?,?); "admin", "u.veixwo@qq.com", "$2b$10$/2Q5sQQOcwuEYfawe3blr.AGlVtbHpZ/mfC5RP0uj3vj/6rWAaDcW", "2022-04-16 15:27:42", "2022-04-16 15:27:42"
2022-04-16 14:27:42 info: [0mPOST /signup [32m201[0m 108.431 ms - 233[0m
2022-04-16 14:28:12 error: [POST] /login >> StatusCode:: 400, Message:: email must be an email
2022-04-16 14:28:12 info: [0mPOST /login [33m400[0m 1.889 ms - 36[0m
2022-04-16 14:28:23 info: =================================
2022-04-16 14:28:23 info: ======= ENV: development =======
2022-04-16 14:28:23 info: ðŸš€ App listening on the port 8000
2022-04-16 14:28:23 info: =================================
2022-04-16 14:28:23 info: 1ms Executed (default): SELECT 1+1 AS result
2022-04-16 14:28:23 info: 3ms Executed (default): CREATE TABLE IF NOT EXISTS `users` (`id` INTEGER auto_increment , `username` VARCHAR(45) NOT NULL UNIQUE, `email` VARCHAR(45) NOT NULL UNIQUE, `password` VARCHAR(255) NOT NULL, `created_at` DATETIME NOT NULL, `updated_at` DATETIME NOT NULL, PRIMARY KEY (`id`)) ENGINE=InnoDB DEFAULT CHARSET=utf8mb4 COLLATE utf8mb4_general_ci;
2022-04-16 14:28:23 info: 10ms Executed (default): SHOW INDEX FROM `users`
2022-04-16 14:28:44 error: [POST] /login >> StatusCode:: 400, Message:: email must be an email
2022-04-16 14:28:44 info: [0mPOST /login [33m400[0m 31.344 ms - 36[0m
2022-04-16 14:29:30 info: 1ms Executed (default): SELECT 1+1 AS result
2022-04-16 14:29:37 info: =================================
2022-04-16 14:29:37 info: ======= ENV: development =======
2022-04-16 14:29:37 info: ðŸš€ App listening on the port 8000
2022-04-16 14:29:37 info: =================================
2022-04-16 14:29:37 info: 1ms Executed (default): SELECT 1+1 AS result
2022-04-16 14:29:37 info: 3ms Executed (default): CREATE TABLE IF NOT EXISTS `users` (`id` INTEGER auto_increment , `username` VARCHAR(45) NOT NULL UNIQUE, `email` VARCHAR(45) NOT NULL UNIQUE, `password` VARCHAR(255) NOT NULL, `created_at` DATETIME NOT NULL, `updated_at` DATETIME NOT NULL, PRIMARY KEY (`id`)) ENGINE=InnoDB DEFAULT CHARSET=utf8mb4 COLLATE utf8mb4_general_ci;
2022-04-16 14:29:37 info: 6ms Executed (default): SHOW INDEX FROM `users`
2022-04-16 14:29:40 info: 2ms Executed (default): SELECT `id`, `username`, `email`, `password`, `created_at` AS `createdAt`, `updated_at` AS `updatedAt` FROM `users` AS `UserModel` WHERE `UserModel`.`username` = 'admin';
2022-04-16 14:29:40 info: [0mPOST /login [32m200[0m 104.261 ms - 232[0m
2022-04-16 14:30:15 info: =================================
2022-04-16 14:30:15 info: ======= ENV: development =======
2022-04-16 14:30:15 info: ðŸš€ App listening on the port 8000
2022-04-16 14:30:15 info: =================================
2022-04-16 14:30:15 info: 1ms Executed (default): SELECT 1+1 AS result
2022-04-16 14:30:15 info: 2ms Executed (default): CREATE TABLE IF NOT EXISTS `users` (`id` INTEGER auto_increment , `username` VARCHAR(45) NOT NULL UNIQUE, `email` VARCHAR(45) NOT NULL UNIQUE, `password` VARCHAR(255) NOT NULL, `created_at` DATETIME NOT NULL, `updated_at` DATETIME NOT NULL, PRIMARY KEY (`id`)) ENGINE=InnoDB DEFAULT CHARSET=utf8mb4 COLLATE utf8mb4_general_ci;
2022-04-16 14:30:15 info: 3ms Executed (default): SHOW INDEX FROM `users`
2022-04-16 15:16:25 info: =================================
2022-04-16 15:16:25 info: ======= ENV: development =======
2022-04-16 15:16:25 info: ðŸš€ App listening on the port 8000
2022-04-16 15:16:25 info: =================================
2022-04-16 15:16:25 info: 1ms Executed (default): SELECT 1+1 AS result
2022-04-16 15:16:25 info: 4ms Executed (default): CREATE TABLE IF NOT EXISTS `users` (`id` INTEGER auto_increment , `username` VARCHAR(45) NOT NULL UNIQUE, `email` VARCHAR(45) NOT NULL UNIQUE, `password` VARCHAR(255) NOT NULL, `created_at` DATETIME NOT NULL, `updated_at` DATETIME NOT NULL, PRIMARY KEY (`id`)) ENGINE=InnoDB DEFAULT CHARSET=utf8mb4 COLLATE utf8mb4_general_ci;
2022-04-16 15:16:25 info: 6ms Executed (default): SHOW INDEX FROM `users`
2022-04-16 15:31:36 info: 5ms Executed (default): SELECT `id`, `username`, `email`, `password`, `created_at` AS `createdAt`, `updated_at` AS `updatedAt` FROM `users` AS `UserModel` WHERE `UserModel`.`username` = 'admin';
2022-04-16 15:31:36 error: [POST] /signup >> StatusCode:: 409, Message:: ç”¨æˆ·åå·²å­˜åœ¨
2022-04-16 15:31:36 info: [0mPOST /signup [33m409[0m 178.115 ms - 32[0m
2022-04-16 15:31:41 info: 1ms Executed (default): SELECT `id`, `username`, `email`, `password`, `created_at` AS `createdAt`, `updated_at` AS `updatedAt` FROM `users` AS `UserModel` WHERE `UserModel`.`username` = 'admin';
2022-04-16 15:31:42 info: [0mPOST /login [32m200[0m 153.286 ms - 232[0m
2022-04-16 15:34:42 info: =================================
2022-04-16 15:34:42 info: ======= ENV: development =======
2022-04-16 15:34:42 info: ðŸš€ App listening on the port 8000
2022-04-16 15:34:42 info: =================================
2022-04-16 15:34:42 info: 1ms Executed (default): SELECT 1+1 AS result
2022-04-16 15:34:42 info: 3ms Executed (default): CREATE TABLE IF NOT EXISTS `users` (`id` INTEGER auto_increment , `username` VARCHAR(45) NOT NULL UNIQUE, `email` VARCHAR(45) NOT NULL UNIQUE, `password` VARCHAR(255) NOT NULL, `created_at` DATETIME NOT NULL, `updated_at` DATETIME NOT NULL, PRIMARY KEY (`id`)) ENGINE=InnoDB DEFAULT CHARSET=utf8mb4 COLLATE utf8mb4_general_ci;
2022-04-16 15:34:42 info: 4ms Executed (default): SHOW INDEX FROM `users`
2022-04-16 15:34:55 info: 4ms Executed (default): SELECT `id`, `username`, `email`, `password`, `created_at` AS `createdAt`, `updated_at` AS `updatedAt` FROM `users` AS `UserModel` WHERE `UserModel`.`username` = 'admin';
2022-04-16 15:34:55 info: cookie
2022-04-16 15:34:55 info: [0mPOST /login [32m200[0m 226.172 ms - 232[0m
2022-04-16 15:34:59 info: 4ms Executed (default): SELECT `id`, `username`, `email`, `password`, `created_at` AS `createdAt`, `updated_at` AS `updatedAt` FROM `users` AS `UserModel` WHERE `UserModel`.`username` = 'admin';
2022-04-16 15:34:59 info: cookie
2022-04-16 15:34:59 info: [0mPOST /login [32m200[0m 241.693 ms - 232[0m
2022-04-16 15:35:10 info: =================================
2022-04-16 15:35:10 info: ======= ENV: development =======
2022-04-16 15:35:10 info: ðŸš€ App listening on the port 8000
2022-04-16 15:35:10 info: =================================
2022-04-16 15:35:10 info: 1ms Executed (default): SELECT 1+1 AS result
2022-04-16 15:35:10 info: 2ms Executed (default): CREATE TABLE IF NOT EXISTS `users` (`id` INTEGER auto_increment , `username` VARCHAR(45) NOT NULL UNIQUE, `email` VARCHAR(45) NOT NULL UNIQUE, `password` VARCHAR(255) NOT NULL, `created_at` DATETIME NOT NULL, `updated_at` DATETIME NOT NULL, PRIMARY KEY (`id`)) ENGINE=InnoDB DEFAULT CHARSET=utf8mb4 COLLATE utf8mb4_general_ci;
2022-04-16 15:35:10 info: 5ms Executed (default): SHOW INDEX FROM `users`
2022-04-16 15:35:12 info: 3ms Executed (default): SELECT `id`, `username`, `email`, `password`, `created_at` AS `createdAt`, `updated_at` AS `updatedAt` FROM `users` AS `UserModel` WHERE `UserModel`.`username` = 'admin';
2022-04-16 15:35:12 info: cookie
2022-04-16 15:35:12 info: [0mPOST /login [32m200[0m 234.177 ms - 232[0m
2022-04-16 15:35:19 info: 5ms Executed (default): SELECT `id`, `username`, `email`, `password`, `created_at` AS `createdAt`, `updated_at` AS `updatedAt` FROM `users` AS `UserModel` WHERE `UserModel`.`username` = 'admin';
2022-04-16 15:35:19 info: cookie
2022-04-16 15:35:19 info: [0mPOST /login [32m200[0m 269.743 ms - 232[0m
2022-04-16 15:35:55 info: =================================
2022-04-16 15:35:55 info: ======= ENV: development =======
2022-04-16 15:35:55 info: ðŸš€ App listening on the port 8000
2022-04-16 15:35:55 info: =================================
2022-04-16 15:35:55 info: 1ms Executed (default): SELECT 1+1 AS result
2022-04-16 15:35:55 info: 3ms Executed (default): CREATE TABLE IF NOT EXISTS `users` (`id` INTEGER auto_increment , `username` VARCHAR(45) NOT NULL UNIQUE, `email` VARCHAR(45) NOT NULL UNIQUE, `password` VARCHAR(255) NOT NULL, `created_at` DATETIME NOT NULL, `updated_at` DATETIME NOT NULL, PRIMARY KEY (`id`)) ENGINE=InnoDB DEFAULT CHARSET=utf8mb4 COLLATE utf8mb4_general_ci;
2022-04-16 15:35:55 info: 9ms Executed (default): SHOW INDEX FROM `users`
2022-04-16 15:35:58 info: 4ms Executed (default): SELECT `id`, `username`, `email`, `password`, `created_at` AS `createdAt`, `updated_at` AS `updatedAt` FROM `users` AS `UserModel` WHERE `UserModel`.`username` = 'admin';
2022-04-16 15:35:58 info: cookie----
2022-04-16 15:35:58 info: [0mPOST /login [32m200[0m 247.499 ms - 232[0m
2022-04-16 15:42:06 info: =================================
2022-04-16 15:42:06 info: ======= ENV: development =======
2022-04-16 15:42:06 info: ðŸš€ App listening on the port 8000
2022-04-16 15:42:06 info: =================================
2022-04-16 15:42:06 info: 2ms Executed (default): SELECT 1+1 AS result
2022-04-16 15:42:06 info: 3ms Executed (default): CREATE TABLE IF NOT EXISTS `users` (`id` INTEGER auto_increment , `username` VARCHAR(45) NOT NULL UNIQUE, `email` VARCHAR(45) NOT NULL UNIQUE, `password` VARCHAR(255) NOT NULL, `created_at` DATETIME NOT NULL, `updated_at` DATETIME NOT NULL, PRIMARY KEY (`id`)) ENGINE=InnoDB DEFAULT CHARSET=utf8mb4 COLLATE utf8mb4_general_ci;
2022-04-16 15:42:06 info: 6ms Executed (default): SHOW INDEX FROM `users`
2022-04-16 15:42:30 info: 5ms Executed (default): SELECT `id`, `username`, `email`, `password`, `created_at` AS `createdAt`, `updated_at` AS `updatedAt` FROM `users` AS `UserModel` WHERE `UserModel`.`username` = 'admin';
2022-04-16 15:43:35 info: cookie----
2022-04-16 15:44:04 info: [0mPOST /login [32m200[0m 73079.239 ms - 232[0m
2022-04-16 18:32:18 info: =================================
2022-04-16 18:32:18 info: ======= ENV: development =======
2022-04-16 18:32:18 info: ðŸš€ App listening on the port 8000
2022-04-16 18:32:18 info: =================================
2022-04-16 18:32:18 info: 1ms Executed (default): SELECT 1+1 AS result
2022-04-16 18:32:18 info: 3ms Executed (default): CREATE TABLE IF NOT EXISTS `users` (`id` INTEGER auto_increment , `username` VARCHAR(45) NOT NULL UNIQUE, `email` VARCHAR(45) NOT NULL UNIQUE, `password` VARCHAR(255) NOT NULL, `created_at` DATETIME NOT NULL, `updated_at` DATETIME NOT NULL, PRIMARY KEY (`id`)) ENGINE=InnoDB DEFAULT CHARSET=utf8mb4 COLLATE utf8mb4_general_ci;
2022-04-16 18:32:18 info: 5ms Executed (default): SHOW INDEX FROM `users`
2022-04-16 18:39:40 info: =================================
2022-04-16 18:39:40 info: ======= ENV: development =======
2022-04-16 18:39:40 info: ðŸš€ App listening on the port 8000
2022-04-16 18:39:40 info: =================================
2022-04-16 18:39:40 info: 2ms Executed (default): SELECT 1+1 AS result
2022-04-16 18:39:40 info: 4ms Executed (default): CREATE TABLE IF NOT EXISTS `users` (`id` INTEGER auto_increment , `username` VARCHAR(45) NOT NULL UNIQUE, `email` VARCHAR(45) NOT NULL UNIQUE, `password` VARCHAR(255) NOT NULL, `created_at` DATETIME NOT NULL, `updated_at` DATETIME NOT NULL, PRIMARY KEY (`id`)) ENGINE=InnoDB DEFAULT CHARSET=utf8mb4 COLLATE utf8mb4_general_ci;
2022-04-16 18:39:40 info: 7ms Executed (default): SHOW INDEX FROM `users`
2022-04-16 18:41:46 info: =================================
2022-04-16 18:41:46 info: ======= ENV: development =======
2022-04-16 18:41:46 info: ðŸš€ App listening on the port 8000
2022-04-16 18:41:46 info: =================================
2022-04-16 18:41:46 info: 4ms Executed (default): SELECT 1+1 AS result
2022-04-16 18:41:46 info: 7ms Executed (default): CREATE TABLE IF NOT EXISTS `users` (`id` INTEGER auto_increment , `username` VARCHAR(45) NOT NULL UNIQUE, `email` VARCHAR(45) NOT NULL UNIQUE, `password` VARCHAR(255) NOT NULL, `created_at` DATETIME NOT NULL, `updated_at` DATETIME NOT NULL, PRIMARY KEY (`id`)) ENGINE=InnoDB DEFAULT CHARSET=utf8mb4 COLLATE utf8mb4_general_ci;
2022-04-16 18:41:46 info: 12ms Executed (default): SHOW INDEX FROM `users`
2022-04-16 19:47:41 info: 1ms Executed (default): SELECT 1+1 AS result
2022-04-16 19:47:41 info: 3ms Executed (default): CREATE TABLE IF NOT EXISTS `users` (`id` INTEGER auto_increment , `username` VARCHAR(45) NOT NULL UNIQUE, `email` VARCHAR(45) NOT NULL UNIQUE, `password` VARCHAR(255) NOT NULL, `created_at` DATETIME NOT NULL, `updated_at` DATETIME NOT NULL, PRIMARY KEY (`id`)) ENGINE=InnoDB DEFAULT CHARSET=utf8mb4 COLLATE utf8mb4_general_ci;
2022-04-16 19:47:41 info: 5ms Executed (default): SHOW INDEX FROM `users`
2022-04-16 19:48:56 info: 1ms Executed (default): SELECT 1+1 AS result
2022-04-16 19:48:56 info: 2ms Executed (default): CREATE TABLE IF NOT EXISTS `users` (`id` INTEGER auto_increment , `username` VARCHAR(45) NOT NULL UNIQUE, `email` VARCHAR(45) NOT NULL UNIQUE, `password` VARCHAR(255) NOT NULL, `created_at` DATETIME NOT NULL, `updated_at` DATETIME NOT NULL, PRIMARY KEY (`id`)) ENGINE=InnoDB DEFAULT CHARSET=utf8mb4 COLLATE utf8mb4_general_ci;
2022-04-16 19:48:56 info: 3ms Executed (default): SHOW INDEX FROM `users`
2022-04-16 19:49:58 info: 1ms Executed (default): SELECT 1+1 AS result
2022-04-16 19:49:58 info: 3ms Executed (default): CREATE TABLE IF NOT EXISTS `users` (`id` INTEGER auto_increment , `username` VARCHAR(45) NOT NULL UNIQUE, `email` VARCHAR(45) NOT NULL UNIQUE, `password` VARCHAR(255) NOT NULL, `created_at` DATETIME NOT NULL, `updated_at` DATETIME NOT NULL, PRIMARY KEY (`id`)) ENGINE=InnoDB DEFAULT CHARSET=utf8mb4 COLLATE utf8mb4_general_ci;
2022-04-16 19:49:58 info: 4ms Executed (default): SHOW INDEX FROM `users`
2022-04-16 19:51:19 info: 3ms Executed (default): SELECT 1+1 AS result
2022-04-16 19:51:19 info: 7ms Executed (default): CREATE TABLE IF NOT EXISTS `users` (`id` INTEGER auto_increment , `username` VARCHAR(45) NOT NULL UNIQUE, `email` VARCHAR(45) NOT NULL UNIQUE, `password` VARCHAR(255) NOT NULL, `created_at` DATETIME NOT NULL, `updated_at` DATETIME NOT NULL, PRIMARY KEY (`id`)) ENGINE=InnoDB DEFAULT CHARSET=utf8mb4 COLLATE utf8mb4_general_ci;
2022-04-16 19:51:19 info: 12ms Executed (default): SHOW INDEX FROM `users`
2022-04-16 19:52:35 info: 0ms Executed (default): SELECT 1+1 AS result
2022-04-16 19:52:35 info: 2ms Executed (default): CREATE TABLE IF NOT EXISTS `users` (`id` INTEGER auto_increment , `username` VARCHAR(45) NOT NULL UNIQUE, `email` VARCHAR(45) NOT NULL UNIQUE, `password` VARCHAR(255) NOT NULL, `created_at` DATETIME NOT NULL, `updated_at` DATETIME NOT NULL, PRIMARY KEY (`id`)) ENGINE=InnoDB DEFAULT CHARSET=utf8mb4 COLLATE utf8mb4_general_ci;
2022-04-16 19:52:35 info: 7ms Executed (default): SHOW INDEX FROM `users`
2022-04-16 19:54:30 info: 0ms Executed (default): SELECT 1+1 AS result
2022-04-16 19:54:30 info: 3ms Executed (default): CREATE TABLE IF NOT EXISTS `users` (`id` INTEGER auto_increment , `username` VARCHAR(45) NOT NULL UNIQUE, `email` VARCHAR(45) NOT NULL UNIQUE, `password` VARCHAR(255) NOT NULL, `created_at` DATETIME NOT NULL, `updated_at` DATETIME NOT NULL, PRIMARY KEY (`id`)) ENGINE=InnoDB DEFAULT CHARSET=utf8mb4 COLLATE utf8mb4_general_ci;
2022-04-16 19:54:30 info: 4ms Executed (default): SHOW INDEX FROM `users`
2022-04-16 19:58:21 info: 1ms Executed (default): SELECT 1+1 AS result
2022-04-16 19:58:21 info: 10ms Executed (default): CREATE TABLE IF NOT EXISTS `users` (`id` INTEGER auto_increment , `username` VARCHAR(45) NOT NULL UNIQUE, `email` VARCHAR(45) NOT NULL UNIQUE, `password` VARCHAR(255) NOT NULL, `created_at` DATETIME NOT NULL, `updated_at` DATETIME NOT NULL, PRIMARY KEY (`id`)) ENGINE=InnoDB DEFAULT CHARSET=utf8mb4 COLLATE utf8mb4_general_ci;
2022-04-16 19:58:21 info: 15ms Executed (default): SHOW INDEX FROM `users`
2022-04-16 19:59:50 info: =================================
2022-04-16 19:59:50 info: ======= ENV: development =======
2022-04-16 19:59:50 info: ðŸš€ App listening on the port 8000
2022-04-16 19:59:50 info: =================================
2022-04-16 19:59:50 info: 1ms Executed (default): SELECT 1+1 AS result
2022-04-16 19:59:50 info: 2ms Executed (default): CREATE TABLE IF NOT EXISTS `users` (`id` INTEGER auto_increment , `username` VARCHAR(45) NOT NULL UNIQUE, `email` VARCHAR(45) NOT NULL UNIQUE, `password` VARCHAR(255) NOT NULL, `created_at` DATETIME NOT NULL, `updated_at` DATETIME NOT NULL, PRIMARY KEY (`id`)) ENGINE=InnoDB DEFAULT CHARSET=utf8mb4 COLLATE utf8mb4_general_ci;
2022-04-16 19:59:50 info: 4ms Executed (default): SHOW INDEX FROM `users`
2022-04-16 20:00:20 error: [POST] /login >> StatusCode:: 401, Message:: Tokenèº«ä»½æ— æ•ˆ!
2022-04-16 20:00:20 info: [0mPOST /login [33m401[0m 29.372 ms - 32[0m
2022-04-16 20:00:36 info: 1ms Executed (default): SELECT 1+1 AS result
2022-04-16 20:00:36 info: 2ms Executed (default): CREATE TABLE IF NOT EXISTS `users` (`id` INTEGER auto_increment , `username` VARCHAR(45) NOT NULL UNIQUE, `email` VARCHAR(45) NOT NULL UNIQUE, `password` VARCHAR(255) NOT NULL, `created_at` DATETIME NOT NULL, `updated_at` DATETIME NOT NULL, PRIMARY KEY (`id`)) ENGINE=InnoDB DEFAULT CHARSET=utf8mb4 COLLATE utf8mb4_general_ci;
2022-04-16 20:00:36 info: 3ms Executed (default): SHOW INDEX FROM `users`
2022-04-16 20:02:11 info: 1ms Executed (default): SELECT 1+1 AS result
2022-04-16 20:02:11 info: 2ms Executed (default): CREATE TABLE IF NOT EXISTS `users` (`id` INTEGER auto_increment , `username` VARCHAR(45) NOT NULL UNIQUE, `email` VARCHAR(45) NOT NULL UNIQUE, `password` VARCHAR(255) NOT NULL, `created_at` DATETIME NOT NULL, `updated_at` DATETIME NOT NULL, PRIMARY KEY (`id`)) ENGINE=InnoDB DEFAULT CHARSET=utf8mb4 COLLATE utf8mb4_general_ci;
2022-04-16 20:02:11 info: 3ms Executed (default): SHOW INDEX FROM `users`
2022-04-16 20:02:42 info: 1ms Executed (default): SELECT 1+1 AS result
2022-04-16 20:02:42 info: 2ms Executed (default): CREATE TABLE IF NOT EXISTS `users` (`id` INTEGER auto_increment , `username` VARCHAR(45) NOT NULL UNIQUE, `email` VARCHAR(45) NOT NULL UNIQUE, `password` VARCHAR(255) NOT NULL, `created_at` DATETIME NOT NULL, `updated_at` DATETIME NOT NULL, PRIMARY KEY (`id`)) ENGINE=InnoDB DEFAULT CHARSET=utf8mb4 COLLATE utf8mb4_general_ci;
2022-04-16 20:02:42 info: 4ms Executed (default): SHOW INDEX FROM `users`
2022-04-16 20:02:55 info: 1ms Executed (default): SELECT 1+1 AS result
2022-04-16 20:02:55 info: 2ms Executed (default): CREATE TABLE IF NOT EXISTS `users` (`id` INTEGER auto_increment , `username` VARCHAR(45) NOT NULL UNIQUE, `email` VARCHAR(45) NOT NULL UNIQUE, `password` VARCHAR(255) NOT NULL, `created_at` DATETIME NOT NULL, `updated_at` DATETIME NOT NULL, PRIMARY KEY (`id`)) ENGINE=InnoDB DEFAULT CHARSET=utf8mb4 COLLATE utf8mb4_general_ci;
2022-04-16 20:02:55 info: 3ms Executed (default): SHOW INDEX FROM `users`
2022-04-16 20:03:33 info: =================================
2022-04-16 20:03:33 info: ======= ENV: development =======
2022-04-16 20:03:33 info: ðŸš€ App listening on the port 8000
2022-04-16 20:03:33 info: =================================
2022-04-16 20:03:33 info: 1ms Executed (default): SELECT 1+1 AS result
2022-04-16 20:03:33 info: 2ms Executed (default): CREATE TABLE IF NOT EXISTS `users` (`id` INTEGER auto_increment , `username` VARCHAR(45) NOT NULL UNIQUE, `email` VARCHAR(45) NOT NULL UNIQUE, `password` VARCHAR(255) NOT NULL, `created_at` DATETIME NOT NULL, `updated_at` DATETIME NOT NULL, PRIMARY KEY (`id`)) ENGINE=InnoDB DEFAULT CHARSET=utf8mb4 COLLATE utf8mb4_general_ci;
2022-04-16 20:03:33 info: 3ms Executed (default): SHOW INDEX FROM `users`
2022-04-16 20:03:42 info: 1ms Executed (default): SELECT 1+1 AS result
2022-04-16 20:03:42 info: 2ms Executed (default): CREATE TABLE IF NOT EXISTS `users` (`id` INTEGER auto_increment , `username` VARCHAR(45) NOT NULL UNIQUE, `email` VARCHAR(45) NOT NULL UNIQUE, `password` VARCHAR(255) NOT NULL, `created_at` DATETIME NOT NULL, `updated_at` DATETIME NOT NULL, PRIMARY KEY (`id`)) ENGINE=InnoDB DEFAULT CHARSET=utf8mb4 COLLATE utf8mb4_general_ci;
2022-04-16 20:03:42 info: 4ms Executed (default): SHOW INDEX FROM `users`
2022-04-16 20:04:01 info: 1ms Executed (default): SELECT 1+1 AS result
2022-04-16 20:04:01 info: 2ms Executed (default): CREATE TABLE IF NOT EXISTS `users` (`id` INTEGER auto_increment , `username` VARCHAR(45) NOT NULL UNIQUE, `email` VARCHAR(45) NOT NULL UNIQUE, `password` VARCHAR(255) NOT NULL, `created_at` DATETIME NOT NULL, `updated_at` DATETIME NOT NULL, PRIMARY KEY (`id`)) ENGINE=InnoDB DEFAULT CHARSET=utf8mb4 COLLATE utf8mb4_general_ci;
2022-04-16 20:04:01 info: 4ms Executed (default): SHOW INDEX FROM `users`
2022-04-16 20:06:41 info: =================================
2022-04-16 20:06:41 info: ======= ENV: development =======
2022-04-16 20:06:41 info: ðŸš€ App listening on the port 8000
2022-04-16 20:06:41 info: =================================
2022-04-16 20:06:41 info: 1ms Executed (default): SELECT 1+1 AS result
2022-04-16 20:06:41 info: 2ms Executed (default): CREATE TABLE IF NOT EXISTS `users` (`id` INTEGER auto_increment , `username` VARCHAR(45) NOT NULL UNIQUE, `email` VARCHAR(45) NOT NULL UNIQUE, `password` VARCHAR(255) NOT NULL, `created_at` DATETIME NOT NULL, `updated_at` DATETIME NOT NULL, PRIMARY KEY (`id`)) ENGINE=InnoDB DEFAULT CHARSET=utf8mb4 COLLATE utf8mb4_general_ci;
2022-04-16 20:06:41 info: 3ms Executed (default): SHOW INDEX FROM `users`
2022-04-16 20:06:56 error: [POST] /login >> StatusCode:: 401, Message:: No authorization token was found
2022-04-16 20:06:56 info: [0mPOST /login [33m401[0m 26.223 ms - 46[0m
2022-04-16 20:10:02 info: 1ms Executed (default): SELECT 1+1 AS result
2022-04-16 20:10:02 info: 3ms Executed (default): CREATE TABLE IF NOT EXISTS `users` (`id` INTEGER auto_increment , `username` VARCHAR(45) NOT NULL UNIQUE, `email` VARCHAR(45) NOT NULL UNIQUE, `password` VARCHAR(255) NOT NULL, `created_at` DATETIME NOT NULL, `updated_at` DATETIME NOT NULL, PRIMARY KEY (`id`)) ENGINE=InnoDB DEFAULT CHARSET=utf8mb4 COLLATE utf8mb4_general_ci;
2022-04-16 20:10:02 info: 3ms Executed (default): SHOW INDEX FROM `users`
2022-04-16 20:10:34 info: =================================
2022-04-16 20:10:34 info: ======= ENV: development =======
2022-04-16 20:10:34 info: ðŸš€ App listening on the port 8000
2022-04-16 20:10:34 info: =================================
2022-04-16 20:10:34 info: 2ms Executed (default): SELECT 1+1 AS result
2022-04-16 20:10:34 info: 3ms Executed (default): CREATE TABLE IF NOT EXISTS `users` (`id` INTEGER auto_increment , `username` VARCHAR(45) NOT NULL UNIQUE, `email` VARCHAR(45) NOT NULL UNIQUE, `password` VARCHAR(255) NOT NULL, `created_at` DATETIME NOT NULL, `updated_at` DATETIME NOT NULL, PRIMARY KEY (`id`)) ENGINE=InnoDB DEFAULT CHARSET=utf8mb4 COLLATE utf8mb4_general_ci;
2022-04-16 20:10:34 info: 4ms Executed (default): SHOW INDEX FROM `users`
2022-04-16 20:10:37 info: =================================
2022-04-16 20:10:37 info: ======= ENV: development =======
2022-04-16 20:10:37 info: ðŸš€ App listening on the port 8000
2022-04-16 20:10:37 info: =================================
2022-04-16 20:10:38 info: 1ms Executed (default): SELECT 1+1 AS result
2022-04-16 20:10:38 info: 2ms Executed (default): CREATE TABLE IF NOT EXISTS `users` (`id` INTEGER auto_increment , `username` VARCHAR(45) NOT NULL UNIQUE, `email` VARCHAR(45) NOT NULL UNIQUE, `password` VARCHAR(255) NOT NULL, `created_at` DATETIME NOT NULL, `updated_at` DATETIME NOT NULL, PRIMARY KEY (`id`)) ENGINE=InnoDB DEFAULT CHARSET=utf8mb4 COLLATE utf8mb4_general_ci;
2022-04-16 20:10:38 info: 3ms Executed (default): SHOW INDEX FROM `users`
2022-04-16 20:12:33 error: [POST] /login >> StatusCode:: 400, Message:: username must be a string, password must be a string
2022-04-16 20:12:33 info: [0mPOST /login [33m400[0m 30.019 ms - 66[0m
2022-04-16 20:12:54 info: 4ms Executed (default): SELECT `id`, `username`, `email`, `password`, `created_at` AS `createdAt`, `updated_at` AS `updatedAt` FROM `users` AS `UserModel` WHERE `UserModel`.`username` = 'admin';
2022-04-16 20:12:54 info: [0mPOST /login [32m200[0m 78.426 ms - 232[0m
2022-04-16 20:14:02 info: =================================
2022-04-16 20:14:02 info: ======= ENV: development =======
2022-04-16 20:14:02 info: ðŸš€ App listening on the port 8000
2022-04-16 20:14:02 info: =================================
2022-04-16 20:14:02 info: 2ms Executed (default): SELECT 1+1 AS result
2022-04-16 20:14:02 info: 4ms Executed (default): CREATE TABLE IF NOT EXISTS `users` (`id` INTEGER auto_increment , `username` VARCHAR(45) NOT NULL UNIQUE, `email` VARCHAR(45) NOT NULL UNIQUE, `password` VARCHAR(255) NOT NULL, `created_at` DATETIME NOT NULL, `updated_at` DATETIME NOT NULL, PRIMARY KEY (`id`)) ENGINE=InnoDB DEFAULT CHARSET=utf8mb4 COLLATE utf8mb4_general_ci;
2022-04-16 20:14:02 info: 8ms Executed (default): SHOW INDEX FROM `users`
2022-04-16 20:14:04 info: 2ms Executed (default): SELECT `id`, `username`, `email`, `password`, `created_at` AS `createdAt`, `updated_at` AS `updatedAt` FROM `users` AS `UserModel` WHERE `UserModel`.`username` = 'admin';
2022-04-16 20:14:48 info: [0mPOST /login [32m200[0m 44081.260 ms - 239[0m
2022-04-16 20:15:30 info: =================================
2022-04-16 20:15:30 info: ======= ENV: development =======
2022-04-16 20:15:30 info: ðŸš€ App listening on the port 8000
2022-04-16 20:15:30 info: =================================
2022-04-16 20:15:30 info: 1ms Executed (default): SELECT 1+1 AS result
2022-04-16 20:15:30 info: 4ms Executed (default): CREATE TABLE IF NOT EXISTS `users` (`id` INTEGER auto_increment , `username` VARCHAR(45) NOT NULL UNIQUE, `email` VARCHAR(45) NOT NULL UNIQUE, `password` VARCHAR(255) NOT NULL, `created_at` DATETIME NOT NULL, `updated_at` DATETIME NOT NULL, PRIMARY KEY (`id`)) ENGINE=InnoDB DEFAULT CHARSET=utf8mb4 COLLATE utf8mb4_general_ci;
2022-04-16 20:15:30 info: 3ms Executed (default): SHOW INDEX FROM `users`
2022-04-16 20:15:31 info: 4ms Executed (default): SELECT `id`, `username`, `email`, `password`, `created_at` AS `createdAt`, `updated_at` AS `updatedAt` FROM `users` AS `UserModel` WHERE `UserModel`.`username` = 'admin';
2022-04-16 20:15:31 info: [0mPOST /login [32m200[0m 131.644 ms - 872[0m
2022-04-16 20:16:37 info: =================================
2022-04-16 20:16:37 info: ======= ENV: development =======
2022-04-16 20:16:37 info: ðŸš€ App listening on the port 8000
2022-04-16 20:16:37 info: =================================
2022-04-16 20:16:37 info: 2ms Executed (default): SELECT 1+1 AS result
2022-04-16 20:16:37 info: 5ms Executed (default): CREATE TABLE IF NOT EXISTS `users` (`id` INTEGER auto_increment , `username` VARCHAR(45) NOT NULL UNIQUE, `email` VARCHAR(45) NOT NULL UNIQUE, `password` VARCHAR(255) NOT NULL, `created_at` DATETIME NOT NULL, `updated_at` DATETIME NOT NULL, PRIMARY KEY (`id`)) ENGINE=InnoDB DEFAULT CHARSET=utf8mb4 COLLATE utf8mb4_general_ci;
2022-04-16 20:16:37 info: 4ms Executed (default): SHOW INDEX FROM `users`
2022-04-16 20:16:39 info: 2ms Executed (default): SELECT `id`, `username`, `email`, `password`, `created_at` AS `createdAt`, `updated_at` AS `updatedAt` FROM `users` AS `UserModel` WHERE `UserModel`.`username` = 'admin';
2022-04-16 20:16:39 info: [object SequelizeInstance:UserModel]
2022-04-16 20:16:39 info: [0mPOST /login [32m200[0m 146.567 ms - 872[0m
2022-04-16 20:17:04 info: =================================
2022-04-16 20:17:04 info: ======= ENV: development =======
2022-04-16 20:17:04 info: ðŸš€ App listening on the port 8000
2022-04-16 20:17:04 info: =================================
2022-04-16 20:17:04 info: 2ms Executed (default): SELECT 1+1 AS result
2022-04-16 20:17:04 info: 4ms Executed (default): CREATE TABLE IF NOT EXISTS `users` (`id` INTEGER auto_increment , `username` VARCHAR(45) NOT NULL UNIQUE, `email` VARCHAR(45) NOT NULL UNIQUE, `password` VARCHAR(255) NOT NULL, `created_at` DATETIME NOT NULL, `updated_at` DATETIME NOT NULL, PRIMARY KEY (`id`)) ENGINE=InnoDB DEFAULT CHARSET=utf8mb4 COLLATE utf8mb4_general_ci;
2022-04-16 20:17:04 info: 4ms Executed (default): SHOW INDEX FROM `users`
2022-04-16 20:17:05 info: 2ms Executed (default): SELECT `id`, `username`, `email`, `password`, `created_at` AS `createdAt`, `updated_at` AS `updatedAt` FROM `users` AS `UserModel` WHERE `UserModel`.`username` = 'admin';
2022-04-16 20:17:05 info: 111
2022-04-16 20:17:05 info: [0mPOST /login [32m200[0m 141.938 ms - 872[0m
2022-04-16 20:17:19 info: =================================
2022-04-16 20:17:19 info: ======= ENV: development =======
2022-04-16 20:17:19 info: ðŸš€ App listening on the port 8000
2022-04-16 20:17:19 info: =================================
2022-04-16 20:17:19 info: 2ms Executed (default): SELECT 1+1 AS result
2022-04-16 20:17:19 info: 2ms Executed (default): CREATE TABLE IF NOT EXISTS `users` (`id` INTEGER auto_increment , `username` VARCHAR(45) NOT NULL UNIQUE, `email` VARCHAR(45) NOT NULL UNIQUE, `password` VARCHAR(255) NOT NULL, `created_at` DATETIME NOT NULL, `updated_at` DATETIME NOT NULL, PRIMARY KEY (`id`)) ENGINE=InnoDB DEFAULT CHARSET=utf8mb4 COLLATE utf8mb4_general_ci;
2022-04-16 20:17:19 info: 3ms Executed (default): SHOW INDEX FROM `users`
2022-04-16 20:17:21 info: 1ms Executed (default): SELECT `id`, `username`, `email`, `password`, `created_at` AS `createdAt`, `updated_at` AS `updatedAt` FROM `users` AS `UserModel` WHERE `UserModel`.`username` = 'admin';
2022-04-16 20:17:21 info: 111
2022-04-16 20:17:21 info: [0mPOST /login [32m200[0m 98.232 ms - 872[0m
2022-04-16 20:17:23 info: 1ms Executed (default): SELECT `id`, `username`, `email`, `password`, `created_at` AS `createdAt`, `updated_at` AS `updatedAt` FROM `users` AS `UserModel` WHERE `UserModel`.`username` = 'admin';
2022-04-16 20:17:23 info: 111
2022-04-16 20:17:23 info: [0mPOST /login [32m200[0m 70.192 ms - 872[0m
2022-04-16 20:17:24 info: 1ms Executed (default): SELECT `id`, `username`, `email`, `password`, `created_at` AS `createdAt`, `updated_at` AS `updatedAt` FROM `users` AS `UserModel` WHERE `UserModel`.`username` = 'admin';
2022-04-16 20:17:24 info: 111
2022-04-16 20:17:24 info: [0mPOST /login [32m200[0m 67.259 ms - 872[0m
2022-04-16 20:17:26 info: 1ms Executed (default): SELECT `id`, `username`, `email`, `password`, `created_at` AS `createdAt`, `updated_at` AS `updatedAt` FROM `users` AS `UserModel` WHERE `UserModel`.`username` = 'admin';
2022-04-16 20:17:26 info: 111
2022-04-16 20:17:26 info: [0mPOST /login [32m200[0m 63.856 ms - 872[0m
2022-04-16 20:18:35 info: =================================
2022-04-16 20:18:35 info: ======= ENV: development =======
2022-04-16 20:18:35 info: ðŸš€ App listening on the port 8000
2022-04-16 20:18:35 info: =================================
2022-04-16 20:18:35 info: 1ms Executed (default): SELECT 1+1 AS result
2022-04-16 20:18:35 info: 2ms Executed (default): CREATE TABLE IF NOT EXISTS `users` (`id` INTEGER auto_increment , `username` VARCHAR(45) NOT NULL UNIQUE, `email` VARCHAR(45) NOT NULL UNIQUE, `password` VARCHAR(255) NOT NULL, `created_at` DATETIME NOT NULL, `updated_at` DATETIME NOT NULL, PRIMARY KEY (`id`)) ENGINE=InnoDB DEFAULT CHARSET=utf8mb4 COLLATE utf8mb4_general_ci;
2022-04-16 20:18:35 info: 3ms Executed (default): SHOW INDEX FROM `users`
2022-04-16 20:18:44 info: =================================
2022-04-16 20:18:44 info: ======= ENV: development =======
2022-04-16 20:18:44 info: ðŸš€ App listening on the port 8000
2022-04-16 20:18:44 info: =================================
2022-04-16 20:18:44 info: 1ms Executed (default): SELECT 1+1 AS result
2022-04-16 20:18:44 info: 2ms Executed (default): CREATE TABLE IF NOT EXISTS `users` (`id` INTEGER auto_increment , `username` VARCHAR(45) NOT NULL UNIQUE, `email` VARCHAR(45) NOT NULL UNIQUE, `password` VARCHAR(255) NOT NULL, `created_at` DATETIME NOT NULL, `updated_at` DATETIME NOT NULL, PRIMARY KEY (`id`)) ENGINE=InnoDB DEFAULT CHARSET=utf8mb4 COLLATE utf8mb4_general_ci;
2022-04-16 20:18:44 info: 3ms Executed (default): SHOW INDEX FROM `users`
2022-04-16 20:18:48 info: 1ms Executed (default): SELECT `id`, `username`, `email`, `password`, `created_at` AS `createdAt`, `updated_at` AS `updatedAt` FROM `users` AS `UserModel` WHERE `UserModel`.`username` = 'admin';
2022-04-16 20:18:48 info: [0mPOST /login [32m200[0m 113.625 ms - 261[0m
2022-04-16 20:19:00 info: =================================
2022-04-16 20:19:00 info: ======= ENV: development =======
2022-04-16 20:19:00 info: ðŸš€ App listening on the port 8000
2022-04-16 20:19:00 info: =================================
2022-04-16 20:19:00 info: 1ms Executed (default): SELECT 1+1 AS result
2022-04-16 20:19:00 info: 2ms Executed (default): CREATE TABLE IF NOT EXISTS `users` (`id` INTEGER auto_increment , `username` VARCHAR(45) NOT NULL UNIQUE, `email` VARCHAR(45) NOT NULL UNIQUE, `password` VARCHAR(255) NOT NULL, `created_at` DATETIME NOT NULL, `updated_at` DATETIME NOT NULL, PRIMARY KEY (`id`)) ENGINE=InnoDB DEFAULT CHARSET=utf8mb4 COLLATE utf8mb4_general_ci;
2022-04-16 20:19:00 info: 3ms Executed (default): SHOW INDEX FROM `users`
2022-04-16 20:19:15 info: =================================
2022-04-16 20:19:15 info: ======= ENV: development =======
2022-04-16 20:19:15 info: ðŸš€ App listening on the port 8000
2022-04-16 20:19:15 info: =================================
2022-04-16 20:19:15 info: 1ms Executed (default): SELECT 1+1 AS result
2022-04-16 20:19:15 info: 2ms Executed (default): CREATE TABLE IF NOT EXISTS `users` (`id` INTEGER auto_increment , `username` VARCHAR(45) NOT NULL UNIQUE, `email` VARCHAR(45) NOT NULL UNIQUE, `password` VARCHAR(255) NOT NULL, `created_at` DATETIME NOT NULL, `updated_at` DATETIME NOT NULL, PRIMARY KEY (`id`)) ENGINE=InnoDB DEFAULT CHARSET=utf8mb4 COLLATE utf8mb4_general_ci;
2022-04-16 20:19:15 info: 2ms Executed (default): SHOW INDEX FROM `users`
2022-04-16 20:19:25 info: =================================
2022-04-16 20:19:25 info: ======= ENV: development =======
2022-04-16 20:19:25 info: ðŸš€ App listening on the port 8000
2022-04-16 20:19:25 info: =================================
2022-04-16 20:19:25 info: 2ms Executed (default): SELECT 1+1 AS result
2022-04-16 20:19:25 info: 24ms Executed (default): CREATE TABLE IF NOT EXISTS `users` (`id` INTEGER auto_increment , `username` VARCHAR(45) NOT NULL UNIQUE, `email` VARCHAR(45) NOT NULL UNIQUE, `password` VARCHAR(255) NOT NULL, `created_at` DATETIME NOT NULL, `updated_at` DATETIME NOT NULL, PRIMARY KEY (`id`)) ENGINE=InnoDB DEFAULT CHARSET=utf8mb4 COLLATE utf8mb4_general_ci;
2022-04-16 20:19:25 info: 5ms Executed (default): SHOW INDEX FROM `users`
2022-04-16 20:20:26 error: [GET] /users >> StatusCode:: 401, Message:: Tokenèº«ä»½æ— æ•ˆ!
2022-04-16 20:20:26 info: [0mGET /users [33m401[0m 7.103 ms - 32[0m
2022-04-16 20:21:21 info: 1ms Executed (default): SELECT `id`, `username`, `email`, `password`, `created_at` AS `createdAt`, `updated_at` AS `updatedAt` FROM `users` AS `UserModel`;
2022-04-16 20:21:21 info: [0mGET /users [32m200[0m 13.075 ms - 236[0m
2022-04-16 20:21:50 info: 1ms Executed (default): SELECT `id`, `username`, `email`, `password`, `created_at` AS `createdAt`, `updated_at` AS `updatedAt` FROM `users` AS `UserModel`;
2022-04-16 20:21:50 info: [0mGET /users [32m200[0m 4.485 ms - 236[0m
2022-04-16 20:22:32 info: =================================
2022-04-16 20:22:32 info: ======= ENV: development =======
2022-04-16 20:22:32 info: ðŸš€ App listening on the port 8000
2022-04-16 20:22:32 info: =================================
2022-04-16 20:22:32 info: 2ms Executed (default): SELECT 1+1 AS result
2022-04-16 20:22:32 info: 4ms Executed (default): CREATE TABLE IF NOT EXISTS `users` (`id` INTEGER auto_increment , `username` VARCHAR(45) NOT NULL UNIQUE, `email` VARCHAR(45) NOT NULL UNIQUE, `password` VARCHAR(255) NOT NULL, `created_at` DATETIME NOT NULL, `updated_at` DATETIME NOT NULL, PRIMARY KEY (`id`)) ENGINE=InnoDB DEFAULT CHARSET=utf8mb4 COLLATE utf8mb4_general_ci;
2022-04-16 20:22:32 info: 4ms Executed (default): SHOW INDEX FROM `users`
2022-04-16 20:23:17 info: 14ms Executed (default): SELECT `id`, `username`, `email`, `password`, `created_at` AS `createdAt`, `updated_at` AS `updatedAt` FROM `users` AS `UserModel`;
2022-04-16 20:23:17 info: [0mGET /users [32m200[0m 41993.419 ms - 236[0m
2022-04-16 20:23:51 info: 2ms Executed (default): SELECT `id`, `username`, `email`, `password`, `created_at` AS `createdAt`, `updated_at` AS `updatedAt` FROM `users` AS `UserModel`;
2022-04-16 20:23:51 info: [0mGET /users [32m200[0m 28094.590 ms - 236[0m
2022-04-16 20:24:22 error: [GET] /users >> StatusCode:: 401, Message:: Tokenèº«ä»½æ— æ•ˆ!
2022-04-16 20:24:22 info: [0mGET /users [33m401[0m 11662.174 ms - 32[0m
2022-04-16 20:24:45 info: 1ms Executed (default): SELECT `id`, `username`, `email`, `password`, `created_at` AS `createdAt`, `updated_at` AS `updatedAt` FROM `users` AS `UserModel`;
2022-04-16 20:24:45 info: [0mGET /users [32m200[0m 12.253 ms - 236[0m
2022-04-16 20:26:26 info: =================================
2022-04-16 20:26:26 info: ======= ENV: development =======
2022-04-16 20:26:26 info: ðŸš€ App listening on the port 8000
2022-04-16 20:26:26 info: =================================
2022-04-16 20:26:27 info: 2ms Executed (default): SELECT 1+1 AS result
2022-04-16 20:26:27 info: 4ms Executed (default): CREATE TABLE IF NOT EXISTS `users` (`id` INTEGER auto_increment , `username` VARCHAR(45) NOT NULL UNIQUE, `email` VARCHAR(45) NOT NULL UNIQUE, `password` VARCHAR(255) NOT NULL, `created_at` DATETIME NOT NULL, `updated_at` DATETIME NOT NULL, PRIMARY KEY (`id`)) ENGINE=InnoDB DEFAULT CHARSET=utf8mb4 COLLATE utf8mb4_general_ci;
2022-04-16 20:26:27 info: 3ms Executed (default): SHOW INDEX FROM `users`
2022-04-16 20:28:30 info: =================================
2022-04-16 20:28:30 info: ======= ENV: development =======
2022-04-16 20:28:30 info: ðŸš€ App listening on the port 8000
2022-04-16 20:28:30 info: =================================
2022-04-16 20:28:30 info: 1ms Executed (default): SELECT 1+1 AS result
2022-04-16 20:28:30 info: 3ms Executed (default): CREATE TABLE IF NOT EXISTS `users` (`id` INTEGER auto_increment , `username` VARCHAR(45) NOT NULL UNIQUE, `email` VARCHAR(45) NOT NULL UNIQUE, `password` VARCHAR(255) NOT NULL, `created_at` DATETIME NOT NULL, `updated_at` DATETIME NOT NULL, PRIMARY KEY (`id`)) ENGINE=InnoDB DEFAULT CHARSET=utf8mb4 COLLATE utf8mb4_general_ci;
2022-04-16 20:28:30 info: 4ms Executed (default): SHOW INDEX FROM `users`
2022-04-16 20:28:56 info: =================================
2022-04-16 20:28:56 info: ======= ENV: development =======
2022-04-16 20:28:56 info: ðŸš€ App listening on the port 8000
2022-04-16 20:28:56 info: =================================
2022-04-16 20:28:56 info: 1ms Executed (default): SELECT 1+1 AS result
2022-04-16 20:28:56 info: 3ms Executed (default): CREATE TABLE IF NOT EXISTS `users` (`id` INTEGER auto_increment , `username` VARCHAR(45) NOT NULL UNIQUE, `email` VARCHAR(45) NOT NULL UNIQUE, `password` VARCHAR(255) NOT NULL, `created_at` DATETIME NOT NULL, `updated_at` DATETIME NOT NULL, PRIMARY KEY (`id`)) ENGINE=InnoDB DEFAULT CHARSET=utf8mb4 COLLATE utf8mb4_general_ci;
2022-04-16 20:28:56 info: 3ms Executed (default): SHOW INDEX FROM `users`
2022-04-16 20:29:16 info: =================================
2022-04-16 20:29:16 info: ======= ENV: development =======
2022-04-16 20:29:16 info: ðŸš€ App listening on the port 8000
2022-04-16 20:29:16 info: =================================
2022-04-16 20:29:16 info: 2ms Executed (default): SELECT 1+1 AS result
2022-04-16 20:29:16 info: 5ms Executed (default): CREATE TABLE IF NOT EXISTS `users` (`id` INTEGER auto_increment , `username` VARCHAR(45) NOT NULL UNIQUE, `email` VARCHAR(45) NOT NULL UNIQUE, `password` VARCHAR(255) NOT NULL, `created_at` DATETIME NOT NULL, `updated_at` DATETIME NOT NULL, PRIMARY KEY (`id`)) ENGINE=InnoDB DEFAULT CHARSET=utf8mb4 COLLATE utf8mb4_general_ci;
2022-04-16 20:29:16 info: 4ms Executed (default): SHOW INDEX FROM `users`
2022-04-16 20:29:46 info: 2ms Executed (default): SELECT `id`, `username`, `email`, `created_at` AS `createdAt`, `updated_at` AS `updatedAt` FROM `users` AS `UserModel` ORDER BY `UserModel`.`id` DESC;
2022-04-16 20:29:46 info: [0mGET /users [32m200[0m 23.684 ms - 162[0m
2022-04-16 20:49:37 info: =================================
2022-04-16 20:49:37 info: ======= ENV: development =======
2022-04-16 20:49:37 info: ðŸš€ App listening on the port 8000
2022-04-16 20:49:37 info: =================================
2022-04-16 20:49:37 info: 2ms Executed (default): SELECT 1+1 AS result
2022-04-16 20:49:37 info: 4ms Executed (default): CREATE TABLE IF NOT EXISTS `users` (`id` INTEGER auto_increment , `username` VARCHAR(45) NOT NULL UNIQUE, `email` VARCHAR(45) NOT NULL UNIQUE, `password` VARCHAR(255) NOT NULL, `created_at` DATETIME NOT NULL, `updated_at` DATETIME NOT NULL, PRIMARY KEY (`id`)) ENGINE=InnoDB DEFAULT CHARSET=utf8mb4 COLLATE utf8mb4_general_ci;
2022-04-16 20:49:37 info: 4ms Executed (default): SHOW INDEX FROM `users`
2022-04-16 20:50:05 info: =================================
2022-04-16 20:50:05 info: ======= ENV: development =======
2022-04-16 20:50:05 info: ðŸš€ App listening on the port 8000
2022-04-16 20:50:05 info: =================================
2022-04-16 20:50:05 info: 3ms Executed (default): SELECT 1+1 AS result
2022-04-16 20:50:05 info: 4ms Executed (default): CREATE TABLE IF NOT EXISTS `users` (`id` INTEGER auto_increment , `username` VARCHAR(45) NOT NULL UNIQUE, `email` VARCHAR(45) NOT NULL UNIQUE, `password` VARCHAR(255) NOT NULL, `created_at` DATETIME NOT NULL, `updated_at` DATETIME NOT NULL, PRIMARY KEY (`id`)) ENGINE=InnoDB DEFAULT CHARSET=utf8mb4 COLLATE utf8mb4_general_ci;
2022-04-16 20:50:05 info: 8ms Executed (default): SHOW INDEX FROM `users`
2022-04-16 20:50:30 info: =================================
2022-04-16 20:50:30 info: ======= ENV: development =======
2022-04-16 20:50:30 info: ðŸš€ App listening on the port 8000
2022-04-16 20:50:30 info: =================================
2022-04-16 20:50:30 info: 4ms Executed (default): SELECT 1+1 AS result
2022-04-16 20:50:30 info: 6ms Executed (default): CREATE TABLE IF NOT EXISTS `users` (`id` INTEGER auto_increment , `username` VARCHAR(45) NOT NULL UNIQUE, `email` VARCHAR(45) NOT NULL UNIQUE, `password` VARCHAR(255) NOT NULL, `created_at` DATETIME NOT NULL, `updated_at` DATETIME NOT NULL, PRIMARY KEY (`id`)) ENGINE=InnoDB DEFAULT CHARSET=utf8mb4 COLLATE utf8mb4_general_ci;
2022-04-16 20:50:30 info: 6ms Executed (default): SHOW INDEX FROM `users`
2022-04-16 20:50:56 info: =================================
2022-04-16 20:50:56 info: ======= ENV: development =======
2022-04-16 20:50:56 info: ðŸš€ App listening on the port 8000
2022-04-16 20:50:56 info: =================================
2022-04-16 20:50:56 info: 2ms Executed (default): SELECT 1+1 AS result
2022-04-16 20:50:56 info: 5ms Executed (default): CREATE TABLE IF NOT EXISTS `users` (`id` INTEGER auto_increment , `username` VARCHAR(45) NOT NULL UNIQUE, `email` VARCHAR(45) NOT NULL UNIQUE, `password` VARCHAR(255) NOT NULL, `created_at` DATETIME NOT NULL, `updated_at` DATETIME NOT NULL, PRIMARY KEY (`id`)) ENGINE=InnoDB DEFAULT CHARSET=utf8mb4 COLLATE utf8mb4_general_ci;
2022-04-16 20:50:56 info: 6ms Executed (default): SHOW INDEX FROM `users`
2022-04-16 20:51:57 info: =================================
2022-04-16 20:51:57 info: ======= ENV: development =======
2022-04-16 20:51:57 info: ðŸš€ App listening on the port 8000
2022-04-16 20:51:57 info: =================================
2022-04-16 20:51:58 info: 8ms Executed (default): SELECT 1+1 AS result
2022-04-16 20:51:58 info: 6ms Executed (default): CREATE TABLE IF NOT EXISTS `users` (`id` INTEGER auto_increment , `username` VARCHAR(45) NOT NULL UNIQUE, `email` VARCHAR(45) NOT NULL UNIQUE, `password` VARCHAR(255) NOT NULL, `created_at` DATETIME NOT NULL, `updated_at` DATETIME NOT NULL, PRIMARY KEY (`id`)) ENGINE=InnoDB DEFAULT CHARSET=utf8mb4 COLLATE utf8mb4_general_ci;
2022-04-16 20:51:58 info: 10ms Executed (default): SHOW INDEX FROM `users`
2022-04-16 20:53:17 info: =================================
2022-04-16 20:53:17 info: ======= ENV: development =======
2022-04-16 20:53:17 info: ðŸš€ App listening on the port 8000
2022-04-16 20:53:17 info: =================================
2022-04-16 20:53:17 info: 2ms Executed (default): SELECT 1+1 AS result
2022-04-16 20:53:17 info: 5ms Executed (default): CREATE TABLE IF NOT EXISTS `users` (`id` INTEGER auto_increment , `username` VARCHAR(45) NOT NULL UNIQUE, `email` VARCHAR(45) NOT NULL UNIQUE, `password` VARCHAR(255) NOT NULL, `created_at` DATETIME NOT NULL, `updated_at` DATETIME NOT NULL, PRIMARY KEY (`id`)) ENGINE=InnoDB DEFAULT CHARSET=utf8mb4 COLLATE utf8mb4_general_ci;
2022-04-16 20:53:17 info: 6ms Executed (default): SHOW INDEX FROM `users`
2022-04-16 23:12:21 info: 3ms Executed (default): SELECT 1+1 AS result
2022-04-16 23:12:21 info: 12ms Executed (default): CREATE TABLE IF NOT EXISTS `users` (`id` INTEGER auto_increment , `username` VARCHAR(45) NOT NULL UNIQUE, `email` VARCHAR(45) NOT NULL UNIQUE, `password` VARCHAR(255) NOT NULL, `created_at` DATETIME NOT NULL, `updated_at` DATETIME NOT NULL, PRIMARY KEY (`id`)) ENGINE=InnoDB DEFAULT CHARSET=utf8mb4 COLLATE utf8mb4_general_ci;
2022-04-16 23:12:21 info: 11ms Executed (default): SHOW INDEX FROM `users`
2022-04-16 23:13:11 info: =================================
2022-04-16 23:13:11 info: ======= ENV: development =======
2022-04-16 23:13:11 info: ðŸš€ App listening on the port 8000
2022-04-16 23:13:11 info: =================================
2022-04-16 23:13:11 info: 4ms Executed (default): SELECT 1+1 AS result
2022-04-16 23:13:11 info: 4ms Executed (default): CREATE TABLE IF NOT EXISTS `users` (`id` INTEGER auto_increment , `username` VARCHAR(45) NOT NULL UNIQUE, `email` VARCHAR(45) NOT NULL UNIQUE, `password` VARCHAR(255) NOT NULL, `created_at` DATETIME NOT NULL, `updated_at` DATETIME NOT NULL, PRIMARY KEY (`id`)) ENGINE=InnoDB DEFAULT CHARSET=utf8mb4 COLLATE utf8mb4_general_ci;
2022-04-16 23:13:11 info: 7ms Executed (default): SHOW INDEX FROM `users`
2022-04-16 23:13:31 error: [GET] / >> StatusCode:: 401, Message:: Tokenèº«ä»½æ— æ•ˆ!
2022-04-16 23:13:31 info: [0mGET / [33m401[0m 13.937 ms - 32[0m
2022-04-16 23:13:32 error: [GET] /favicon.ico >> StatusCode:: 401, Message:: Tokenèº«ä»½æ— æ•ˆ!
2022-04-16 23:13:32 info: [0mGET /favicon.ico [33m401[0m 7.672 ms - 32[0m
2022-04-16 23:26:10 error: [POST] /login >> StatusCode:: 401, Message:: Tokenèº«ä»½æ— æ•ˆ!
2022-04-16 23:26:10 info: [0mPOST /login?username=admin&password=Admin%40123 [33m401[0m 4.331 ms - 32[0m
2022-04-16 23:26:36 error: [POST] /login >> StatusCode:: 401, Message:: Tokenèº«ä»½æ— æ•ˆ!
2022-04-16 23:26:36 info: [0mPOST /login?username=admin&password=Admin%40123 [33m401[0m 6.581 ms - 32[0m
2022-04-16 23:28:27 error: [POST] /login >> StatusCode:: 401, Message:: Tokenèº«ä»½æ— æ•ˆ!
2022-04-16 23:28:27 info: [0mPOST /login?username=admin&password=Admin%40123 [33m401[0m 7.948 ms - 32[0m
2022-04-16 23:28:35 error: [POST] /login >> StatusCode:: 401, Message:: Tokenèº«ä»½æ— æ•ˆ!
2022-04-16 23:28:35 info: [0mPOST /login?username=admin&password=Admin%40123 [33m401[0m 3.061 ms - 32[0m
2022-04-16 23:32:17 info: 2ms Executed (default): SELECT 1+1 AS result
2022-04-16 23:32:39 info: =================================
2022-04-16 23:32:39 info: ======= ENV: development =======
2022-04-16 23:32:39 info: ðŸš€ App listening on the port 8000
2022-04-16 23:32:39 info: =================================
2022-04-16 23:32:39 info: 3ms Executed (default): SELECT 1+1 AS result
2022-04-16 23:32:39 info: 4ms Executed (default): CREATE TABLE IF NOT EXISTS `users` (`id` INTEGER auto_increment , `username` VARCHAR(45) NOT NULL UNIQUE, `email` VARCHAR(45) NOT NULL UNIQUE, `password` VARCHAR(255) NOT NULL, `created_at` DATETIME NOT NULL, `updated_at` DATETIME NOT NULL, PRIMARY KEY (`id`)) ENGINE=InnoDB DEFAULT CHARSET=utf8mb4 COLLATE utf8mb4_general_ci;
2022-04-16 23:32:39 info: 8ms Executed (default): SHOW INDEX FROM `users`
2022-04-16 23:33:20 info: =================================
2022-04-16 23:33:20 info: ======= ENV: development =======
2022-04-16 23:33:20 info: ðŸš€ App listening on the port 8000
2022-04-16 23:33:20 info: =================================
2022-04-16 23:33:20 info: 2ms Executed (default): SELECT 1+1 AS result
2022-04-16 23:33:20 info: 4ms Executed (default): CREATE TABLE IF NOT EXISTS `users` (`id` INTEGER auto_increment , `username` VARCHAR(45) NOT NULL UNIQUE, `email` VARCHAR(45) NOT NULL UNIQUE, `password` VARCHAR(255) NOT NULL, `created_at` DATETIME NOT NULL, `updated_at` DATETIME NOT NULL, PRIMARY KEY (`id`)) ENGINE=InnoDB DEFAULT CHARSET=utf8mb4 COLLATE utf8mb4_general_ci;
2022-04-16 23:33:20 info: 10ms Executed (default): SHOW INDEX FROM `users`
2022-04-16 23:34:21 info: =================================
2022-04-16 23:34:21 info: ======= ENV: development =======
2022-04-16 23:34:21 info: ðŸš€ App listening on the port 8000
2022-04-16 23:34:21 info: =================================
2022-04-16 23:34:22 info: 5ms Executed (default): SELECT 1+1 AS result
2022-04-16 23:34:22 info: 7ms Executed (default): CREATE TABLE IF NOT EXISTS `users` (`id` INTEGER auto_increment , `username` VARCHAR(45) NOT NULL UNIQUE, `email` VARCHAR(45) NOT NULL UNIQUE, `password` VARCHAR(255) NOT NULL, `created_at` DATETIME NOT NULL, `updated_at` DATETIME NOT NULL, PRIMARY KEY (`id`)) ENGINE=InnoDB DEFAULT CHARSET=utf8mb4 COLLATE utf8mb4_general_ci;
2022-04-16 23:34:22 info: 9ms Executed (default): SHOW INDEX FROM `users`
2022-04-16 23:35:13 error: [POST] /login >> StatusCode:: 401, Message:: Tokenèº«ä»½æ— æ•ˆ!
2022-04-16 23:35:13 info: [0mPOST /login?username=admin&password=Admin%40123 [33m401[0m 15.933 ms - 51[0m
2022-04-16 23:35:40 info: 7ms Executed (default): SELECT `id`, `username`, `email`, `password`, `created_at` AS `createdAt`, `updated_at` AS `updatedAt` FROM `users` AS `UserModel` WHERE `UserModel`.`username` = 'admin';
2022-04-16 23:35:40 error: [POST] /login >> StatusCode:: 409, Message:: ç”¨æˆ·åæˆ–å¯†ç ä¸åŒ¹é…
2022-04-16 23:35:40 info: [0mPOST /login [33m409[0m 254.252 ms - 60[0m
2022-04-16 23:35:49 info: 2ms Executed (default): SELECT `id`, `username`, `email`, `password`, `created_at` AS `createdAt`, `updated_at` AS `updatedAt` FROM `users` AS `UserModel` WHERE `UserModel`.`username` = 'admin';
2022-04-16 23:35:49 info: [0mPOST /login [32m200[0m 99.358 ms - 282[0m
2022-04-16 23:37:11 info: =================================
2022-04-16 23:37:11 info: ======= ENV: development =======
2022-04-16 23:37:11 info: ðŸš€ App listening on the port 8000
2022-04-16 23:37:11 info: =================================
2022-04-16 23:37:12 info: 3ms Executed (default): SELECT 1+1 AS result
2022-04-16 23:37:12 info: 5ms Executed (default): CREATE TABLE IF NOT EXISTS `users` (`id` INTEGER auto_increment , `username` VARCHAR(45) NOT NULL UNIQUE, `email` VARCHAR(45) NOT NULL UNIQUE, `password` VARCHAR(255) NOT NULL, `created_at` DATETIME NOT NULL, `updated_at` DATETIME NOT NULL, PRIMARY KEY (`id`)) ENGINE=InnoDB DEFAULT CHARSET=utf8mb4 COLLATE utf8mb4_general_ci;
2022-04-16 23:37:12 info: 11ms Executed (default): SHOW INDEX FROM `users`
2022-04-16 23:37:52 info: 3ms Executed (default): SELECT `id`, `username`, `email`, `password`, `created_at` AS `createdAt`, `updated_at` AS `updatedAt` FROM `users` AS `UserModel` WHERE `UserModel`.`username` = 'admin';
2022-04-16 23:37:52 error: [POST] /login >> StatusCode:: 409, Message:: ç”¨æˆ·åæˆ–å¯†ç ä¸åŒ¹é…
2022-04-16 23:37:53 info: [0mPOST /login [33m409[0m 257.223 ms - 60[0m
2022-04-16 23:38:08 info: 3ms Executed (default): SELECT `id`, `username`, `email`, `password`, `created_at` AS `createdAt`, `updated_at` AS `updatedAt` FROM `users` AS `UserModel` WHERE `UserModel`.`username` = 'admin';
2022-04-16 23:38:08 info: [0mPOST /login [32m200[0m 125.943 ms - 283[0m
2022-04-16 23:38:09 info: [0mGET /youlai-admin/api/v1/users/me [33m404[0m 7.635 ms - 167[0m
2022-04-16 23:38:22 info: 1ms Executed (default): SELECT `id`, `username`, `email`, `password`, `created_at` AS `createdAt`, `updated_at` AS `updatedAt` FROM `users` AS `UserModel` WHERE `UserModel`.`username` = 'admin';
2022-04-16 23:38:23 error: [POST] /login >> StatusCode:: 409, Message:: ç”¨æˆ·åæˆ–å¯†ç ä¸åŒ¹é…
2022-04-16 23:38:23 info: [0mPOST /login [33m409[0m 156.740 ms - 60[0m
2022-04-16 23:39:13 info: 2ms Executed (default): SELECT `id`, `username`, `email`, `password`, `created_at` AS `createdAt`, `updated_at` AS `updatedAt` FROM `users` AS `UserModel` WHERE `UserModel`.`username` = 'admin';
2022-04-16 23:39:13 error: [POST] /login >> StatusCode:: 409, Message:: ç”¨æˆ·åæˆ–å¯†ç ä¸åŒ¹é…
2022-04-16 23:39:13 info: [0mPOST /login [33m409[0m 109.917 ms - 60[0m
2022-04-16 23:39:39 info: 2ms Executed (default): SELECT `id`, `username`, `email`, `password`, `created_at` AS `createdAt`, `updated_at` AS `updatedAt` FROM `users` AS `UserModel` WHERE `UserModel`.`username` = 'admin';
2022-04-16 23:39:39 error: [POST] /login >> StatusCode:: 409, Message:: ç”¨æˆ·åæˆ–å¯†ç ä¸åŒ¹é…
2022-04-16 23:39:39 info: [0mPOST /login [33m409[0m 105.458 ms - 60[0m
2022-04-16 23:40:33 info: =================================
2022-04-16 23:40:33 info: ======= ENV: development =======
2022-04-16 23:40:33 info: ðŸš€ App listening on the port 8000
2022-04-16 23:40:33 info: =================================
2022-04-16 23:40:33 info: 3ms Executed (default): SELECT 1+1 AS result
2022-04-16 23:40:33 info: 3ms Executed (default): CREATE TABLE IF NOT EXISTS `users` (`id` INTEGER auto_increment , `username` VARCHAR(45) NOT NULL UNIQUE, `email` VARCHAR(45) NOT NULL UNIQUE, `password` VARCHAR(255) NOT NULL, `created_at` DATETIME NOT NULL, `updated_at` DATETIME NOT NULL, PRIMARY KEY (`id`)) ENGINE=InnoDB DEFAULT CHARSET=utf8mb4 COLLATE utf8mb4_general_ci;
2022-04-16 23:40:33 info: 9ms Executed (default): SHOW INDEX FROM `users`
2022-04-16 23:40:35 info: 3ms Executed (default): SELECT `id`, `username`, `email`, `password`, `created_at` AS `createdAt`, `updated_at` AS `updatedAt` FROM `users` AS `UserModel` WHERE `UserModel`.`username` = 'admin';
2022-04-16 23:40:35 error: [POST] /login >> StatusCode:: 409, Message:: ç”¨æˆ·åæˆ–å¯†ç ä¸åŒ¹é…
2022-04-16 23:40:35 info: [0mPOST /login [33m409[0m 221.015 ms - 51[0m
2022-04-16 23:49:02 info: =================================
2022-04-16 23:49:02 info: ======= ENV: development =======
2022-04-16 23:49:02 info: ðŸš€ App listening on the port 8000
2022-04-16 23:49:02 info: =================================
2022-04-16 23:49:02 info: 4ms Executed (default): SELECT 1+1 AS result
2022-04-16 23:49:02 info: 7ms Executed (default): CREATE TABLE IF NOT EXISTS `users` (`id` INTEGER auto_increment , `username` VARCHAR(45) NOT NULL UNIQUE, `email` VARCHAR(45) NOT NULL UNIQUE, `password` VARCHAR(255) NOT NULL, `created_at` DATETIME NOT NULL, `updated_at` DATETIME NOT NULL, PRIMARY KEY (`id`)) ENGINE=InnoDB DEFAULT CHARSET=utf8mb4 COLLATE utf8mb4_general_ci;
2022-04-16 23:49:02 info: 10ms Executed (default): SHOW INDEX FROM `users`
2022-04-16 23:49:28 info: =================================
2022-04-16 23:49:28 info: ======= ENV: development =======
2022-04-16 23:49:28 info: ðŸš€ App listening on the port 8000
2022-04-16 23:49:29 info: =================================
2022-04-16 23:49:29 info: 3ms Executed (default): SELECT 1+1 AS result
2022-04-16 23:49:29 info: 5ms Executed (default): CREATE TABLE IF NOT EXISTS `users` (`id` INTEGER auto_increment , `username` VARCHAR(45) NOT NULL UNIQUE, `email` VARCHAR(45) NOT NULL UNIQUE, `password` VARCHAR(255) NOT NULL, `created_at` DATETIME NOT NULL, `updated_at` DATETIME NOT NULL, PRIMARY KEY (`id`)) ENGINE=InnoDB DEFAULT CHARSET=utf8mb4 COLLATE utf8mb4_general_ci;
2022-04-16 23:49:29 info: 9ms Executed (default): SHOW INDEX FROM `users`
2022-04-16 23:49:43 info: =================================
2022-04-16 23:49:43 info: ======= ENV: development =======
2022-04-16 23:49:43 info: ðŸš€ App listening on the port 8000
2022-04-16 23:49:43 info: =================================
2022-04-16 23:49:43 info: 2ms Executed (default): SELECT 1+1 AS result
2022-04-16 23:49:43 info: 4ms Executed (default): CREATE TABLE IF NOT EXISTS `users` (`id` INTEGER auto_increment , `username` VARCHAR(45) NOT NULL UNIQUE, `email` VARCHAR(45) NOT NULL UNIQUE, `password` VARCHAR(255) NOT NULL, `created_at` DATETIME NOT NULL, `updated_at` DATETIME NOT NULL, PRIMARY KEY (`id`)) ENGINE=InnoDB DEFAULT CHARSET=utf8mb4 COLLATE utf8mb4_general_ci;
2022-04-16 23:49:43 info: 5ms Executed (default): SHOW INDEX FROM `users`
2022-04-16 23:52:27 info: =================================
2022-04-16 23:52:27 info: ======= ENV: development =======
2022-04-16 23:52:27 info: ðŸš€ App listening on the port 8000
2022-04-16 23:52:27 info: =================================
2022-04-16 23:52:27 info: 2ms Executed (default): SELECT 1+1 AS result
2022-04-16 23:52:27 info: 4ms Executed (default): CREATE TABLE IF NOT EXISTS `users` (`id` INTEGER auto_increment , `username` VARCHAR(45) NOT NULL UNIQUE, `email` VARCHAR(45) NOT NULL UNIQUE, `password` VARCHAR(255) NOT NULL, `created_at` DATETIME NOT NULL, `updated_at` DATETIME NOT NULL, PRIMARY KEY (`id`)) ENGINE=InnoDB DEFAULT CHARSET=utf8mb4 COLLATE utf8mb4_general_ci;
2022-04-16 23:52:27 info: 7ms Executed (default): SHOW INDEX FROM `users`
2022-04-16 23:52:51 info: =================================
2022-04-16 23:52:51 info: ======= ENV: development =======
2022-04-16 23:52:51 info: ðŸš€ App listening on the port 8000
2022-04-16 23:52:51 info: =================================
2022-04-16 23:52:51 info: 2ms Executed (default): SELECT 1+1 AS result
2022-04-16 23:52:51 info: 3ms Executed (default): CREATE TABLE IF NOT EXISTS `users` (`id` INTEGER auto_increment , `username` VARCHAR(45) NOT NULL UNIQUE, `email` VARCHAR(45) NOT NULL UNIQUE, `password` VARCHAR(255) NOT NULL, `created_at` DATETIME NOT NULL, `updated_at` DATETIME NOT NULL, PRIMARY KEY (`id`)) ENGINE=InnoDB DEFAULT CHARSET=utf8mb4 COLLATE utf8mb4_general_ci;
2022-04-16 23:52:51 info: 7ms Executed (default): SHOW INDEX FROM `users`
2022-04-16 23:54:22 info: =================================
2022-04-16 23:54:22 info: ======= ENV: development =======
2022-04-16 23:54:22 info: ðŸš€ App listening on the port 8000
2022-04-16 23:54:22 info: =================================
2022-04-16 23:54:23 info: 3ms Executed (default): SELECT 1+1 AS result
2022-04-16 23:54:23 info: 6ms Executed (default): CREATE TABLE IF NOT EXISTS `users` (`id` INTEGER auto_increment , `username` VARCHAR(45) NOT NULL UNIQUE, `email` VARCHAR(45) NOT NULL UNIQUE, `password` VARCHAR(255) NOT NULL, `created_at` DATETIME NOT NULL, `updated_at` DATETIME NOT NULL, PRIMARY KEY (`id`)) ENGINE=InnoDB DEFAULT CHARSET=utf8mb4 COLLATE utf8mb4_general_ci;
2022-04-16 23:54:23 info: 8ms Executed (default): SHOW INDEX FROM `users`
2022-04-16 23:55:10 info: =================================
2022-04-16 23:55:10 info: ======= ENV: development =======
2022-04-16 23:55:10 info: ðŸš€ App listening on the port 8000
2022-04-16 23:55:10 info: =================================
2022-04-16 23:55:10 info: 3ms Executed (default): SELECT 1+1 AS result
2022-04-16 23:55:10 info: 4ms Executed (default): CREATE TABLE IF NOT EXISTS `users` (`id` INTEGER auto_increment , `username` VARCHAR(45) NOT NULL UNIQUE, `email` VARCHAR(45) NOT NULL UNIQUE, `password` VARCHAR(255) NOT NULL, `created_at` DATETIME NOT NULL, `updated_at` DATETIME NOT NULL, PRIMARY KEY (`id`)) ENGINE=InnoDB DEFAULT CHARSET=utf8mb4 COLLATE utf8mb4_general_ci;
2022-04-16 23:55:10 info: 8ms Executed (default): SHOW INDEX FROM `users`
2022-04-16 23:56:23 info: =================================
2022-04-16 23:56:23 info: ======= ENV: development =======
2022-04-16 23:56:23 info: ðŸš€ App listening on the port 8000
2022-04-16 23:56:23 info: =================================
2022-04-16 23:56:23 info: 2ms Executed (default): SELECT 1+1 AS result
2022-04-16 23:56:23 info: 3ms Executed (default): CREATE TABLE IF NOT EXISTS `users` (`id` INTEGER auto_increment , `username` VARCHAR(45) NOT NULL UNIQUE, `email` VARCHAR(45) NOT NULL UNIQUE, `password` VARCHAR(255) NOT NULL, `created_at` DATETIME NOT NULL, `updated_at` DATETIME NOT NULL, PRIMARY KEY (`id`)) ENGINE=InnoDB DEFAULT CHARSET=utf8mb4 COLLATE utf8mb4_general_ci;
2022-04-16 23:56:23 info: 6ms Executed (default): SHOW INDEX FROM `users`
2022-04-16 23:59:24 info: 9ms Executed (default): SELECT `id`, `username`, `email`, `password`, `created_at` AS `createdAt`, `updated_at` AS `updatedAt` FROM `users` AS `UserModel` WHERE `UserModel`.`username` = 'admin';
2022-04-16 23:59:24 info: [0mPOST /login [0m-[0m - ms - -[0m
2022-04-16 23:59:26 info: 16ms Executed (default): SELECT `id`, `username`, `email`, `password`, `created_at` AS `createdAt`, `updated_at` AS `updatedAt` FROM `users` AS `UserModel` WHERE `UserModel`.`username` = 'admin';
2022-04-16 23:59:27 info: [0mPOST /login [32m200[0m 2252.229 ms - 283[0m
2022-04-16 23:59:56 info: =================================
2022-04-16 23:59:56 info: ======= ENV: development =======
2022-04-16 23:59:56 info: ðŸš€ App listening on the port 8000
2022-04-16 23:59:56 info: =================================
2022-04-16 23:59:57 info: 4ms Executed (default): SELECT 1+1 AS result
2022-04-16 23:59:57 info: 4ms Executed (default): CREATE TABLE IF NOT EXISTS `users` (`id` INTEGER auto_increment , `username` VARCHAR(45) NOT NULL UNIQUE, `email` VARCHAR(45) NOT NULL UNIQUE, `password` VARCHAR(255) NOT NULL, `created_at` DATETIME NOT NULL, `updated_at` DATETIME NOT NULL, PRIMARY KEY (`id`)) ENGINE=InnoDB DEFAULT CHARSET=utf8mb4 COLLATE utf8mb4_general_ci;
2022-04-16 23:59:57 info: 11ms Executed (default): SHOW INDEX FROM `users`
