2022-04-14 00:01:42 info: =================================
2022-04-14 00:01:42 info: ======= ENV: development =======
2022-04-14 00:01:42 info: 🚀 App listening on the port 3000
2022-04-14 00:01:42 info: =================================
2022-04-14 00:02:09 info: =================================
2022-04-14 00:02:09 info: ======= ENV: development =======
2022-04-14 00:02:09 info: 🚀 App listening on the port 3000
2022-04-14 00:02:09 info: =================================
2022-04-14 00:03:27 info: =================================
2022-04-14 00:03:27 info: ======= ENV: development =======
2022-04-14 00:03:27 info: 🚀 App listening on the port 3000
2022-04-14 00:03:27 info: =================================
2022-04-14 00:03:27 info: 2ms Executed (default): SELECT 1+1 AS result
2022-04-14 00:03:27 info: 35ms Executed (default): CREATE TABLE IF NOT EXISTS `users` (`id` INTEGER auto_increment , `email` VARCHAR(45) NOT NULL, `password` VARCHAR(255) NOT NULL, `created_at` DATETIME NOT NULL, `updated_at` DATETIME NOT NULL, PRIMARY KEY (`id`)) ENGINE=InnoDB DEFAULT CHARSET=utf8mb4 COLLATE utf8mb4_general_ci;
2022-04-14 00:03:27 info: 14ms Executed (default): SHOW INDEX FROM `users`
2022-04-14 00:03:54 info: 6ms Executed (default): SELECT `id`, `email`, `password`, `created_at` AS `createdAt`, `updated_at` AS `updatedAt` FROM `users` AS `UserModel`;
2022-04-14 00:03:54 info: [0mGET /users [32m200[0m 27.579 ms - 31[0m
2022-04-14 00:03:55 info: [0mGET /favicon.ico [33m404[0m 3.918 ms - 150[0m
2022-04-14 00:04:34 info: =================================
2022-04-14 00:04:34 info: ======= ENV: development =======
2022-04-14 00:04:34 info: 🚀 App listening on the port 3000
2022-04-14 00:04:34 info: =================================
2022-04-14 00:04:35 info: 3ms Executed (default): SELECT 1+1 AS result
2022-04-14 00:04:35 info: 4ms Executed (default): CREATE TABLE IF NOT EXISTS `users` (`id` INTEGER auto_increment , `email` VARCHAR(45) NOT NULL, `password` VARCHAR(255) NOT NULL, `created_at` DATETIME NOT NULL, `updated_at` DATETIME NOT NULL, PRIMARY KEY (`id`)) ENGINE=InnoDB DEFAULT CHARSET=utf8mb4 COLLATE utf8mb4_general_ci;
2022-04-14 00:04:35 info: 9ms Executed (default): SHOW INDEX FROM `users`
2022-04-14 00:04:55 info: =================================
2022-04-14 00:04:55 info: ======= ENV: development =======
2022-04-14 00:04:55 info: 🚀 App listening on the port 3000
2022-04-14 00:04:55 info: =================================
2022-04-14 00:04:55 info: 1ms Executed (default): SELECT 1+1 AS result
2022-04-14 00:04:55 info: 2ms Executed (default): CREATE TABLE IF NOT EXISTS `users` (`id` INTEGER auto_increment , `email` VARCHAR(45) NOT NULL, `password` VARCHAR(255) NOT NULL, `created_at` DATETIME NOT NULL, `updated_at` DATETIME NOT NULL, PRIMARY KEY (`id`)) ENGINE=InnoDB DEFAULT CHARSET=utf8mb4 COLLATE utf8mb4_general_ci;
2022-04-14 00:04:55 info: 4ms Executed (default): SHOW INDEX FROM `users`
2022-04-14 00:05:12 info: =================================
2022-04-14 00:05:12 info: ======= ENV: development =======
2022-04-14 00:05:12 info: 🚀 App listening on the port 3000
2022-04-14 00:05:12 info: =================================
2022-04-14 00:05:13 info: 2ms Executed (default): SELECT 1+1 AS result
2022-04-14 00:05:13 info: 3ms Executed (default): CREATE TABLE IF NOT EXISTS `users` (`id` INTEGER auto_increment , `email` VARCHAR(45) NOT NULL, `password` VARCHAR(255) NOT NULL, `created_at` DATETIME NOT NULL, `updated_at` DATETIME NOT NULL, PRIMARY KEY (`id`)) ENGINE=InnoDB DEFAULT CHARSET=utf8mb4 COLLATE utf8mb4_general_ci;
2022-04-14 00:05:13 info: 5ms Executed (default): SHOW INDEX FROM `users`
2022-04-14 00:05:29 info: =================================
2022-04-14 00:05:29 info: ======= ENV: development =======
2022-04-14 00:05:29 info: 🚀 App listening on the port 3000
2022-04-14 00:05:29 info: =================================
2022-04-14 00:05:29 info: 1ms Executed (default): SELECT 1+1 AS result
2022-04-14 00:05:29 info: 2ms Executed (default): CREATE TABLE IF NOT EXISTS `users` (`id` INTEGER auto_increment , `email` VARCHAR(45) NOT NULL, `password` VARCHAR(255) NOT NULL, `created_at` DATETIME NOT NULL, `updated_at` DATETIME NOT NULL, PRIMARY KEY (`id`)) ENGINE=InnoDB DEFAULT CHARSET=utf8mb4 COLLATE utf8mb4_general_ci;
2022-04-14 00:05:29 info: 4ms Executed (default): SHOW INDEX FROM `users`
2022-04-14 00:05:55 info: =================================
2022-04-14 00:05:55 info: ======= ENV: development =======
2022-04-14 00:05:55 info: 🚀 App listening on the port 3000
2022-04-14 00:05:55 info: =================================
2022-04-14 00:05:55 info: 2ms Executed (default): SELECT 1+1 AS result
2022-04-14 00:05:55 info: 5ms Executed (default): CREATE TABLE IF NOT EXISTS `users` (`id` INTEGER auto_increment , `email` VARCHAR(45) NOT NULL, `password` VARCHAR(255) NOT NULL, `created_at` DATETIME NOT NULL, `updated_at` DATETIME NOT NULL, PRIMARY KEY (`id`)) ENGINE=InnoDB DEFAULT CHARSET=utf8mb4 COLLATE utf8mb4_general_ci;
2022-04-14 00:05:55 info: 7ms Executed (default): SHOW INDEX FROM `users`
2022-04-14 00:07:11 info: =================================
2022-04-14 00:07:11 info: ======= ENV: development =======
2022-04-14 00:07:11 info: 🚀 App listening on the port 3000
2022-04-14 00:07:11 info: =================================
2022-04-14 00:07:11 info: 3ms Executed (default): SELECT 1+1 AS result
2022-04-14 00:07:11 info: 5ms Executed (default): CREATE TABLE IF NOT EXISTS `users` (`id` INTEGER auto_increment , `email` VARCHAR(45) NOT NULL, `password` VARCHAR(255) NOT NULL, `created_at` DATETIME NOT NULL, `updated_at` DATETIME NOT NULL, PRIMARY KEY (`id`)) ENGINE=InnoDB DEFAULT CHARSET=utf8mb4 COLLATE utf8mb4_general_ci;
2022-04-14 00:07:11 info: 6ms Executed (default): SHOW INDEX FROM `users`
2022-04-14 00:08:11 info: =================================
2022-04-14 00:08:11 info: ======= ENV: development =======
2022-04-14 00:08:11 info: 🚀 App listening on the port 3000
2022-04-14 00:08:11 info: =================================
2022-04-14 00:08:11 info: 3ms Executed (default): SELECT 1+1 AS result
2022-04-14 00:08:11 info: 5ms Executed (default): CREATE TABLE IF NOT EXISTS `users` (`id` INTEGER auto_increment , `email` VARCHAR(45) NOT NULL, `password` VARCHAR(255) NOT NULL, `created_at` DATETIME NOT NULL, `updated_at` DATETIME NOT NULL, PRIMARY KEY (`id`)) ENGINE=InnoDB DEFAULT CHARSET=utf8mb4 COLLATE utf8mb4_general_ci;
2022-04-14 00:08:11 info: 8ms Executed (default): SHOW INDEX FROM `users`
2022-04-14 00:08:27 info: =================================
2022-04-14 00:08:27 info: ======= ENV: development =======
2022-04-14 00:08:27 info: 🚀 App listening on the port 3000
2022-04-14 00:08:27 info: =================================
2022-04-14 00:08:28 info: 4ms Executed (default): SELECT 1+1 AS result
2022-04-14 00:08:28 info: 6ms Executed (default): CREATE TABLE IF NOT EXISTS `users` (`id` INTEGER auto_increment , `email` VARCHAR(45) NOT NULL, `password` VARCHAR(255) NOT NULL, `created_at` DATETIME NOT NULL, `updated_at` DATETIME NOT NULL, PRIMARY KEY (`id`)) ENGINE=InnoDB DEFAULT CHARSET=utf8mb4 COLLATE utf8mb4_general_ci;
2022-04-14 00:08:28 info: 11ms Executed (default): SHOW INDEX FROM `users`
2022-04-14 00:09:00 info: =================================
2022-04-14 00:09:00 info: ======= ENV: development =======
2022-04-14 00:09:00 info: 🚀 App listening on the port 3000
2022-04-14 00:09:00 info: =================================
2022-04-14 00:09:00 info: 2ms Executed (default): SELECT 1+1 AS result
2022-04-14 00:09:00 info: 5ms Executed (default): CREATE TABLE IF NOT EXISTS `users` (`id` INTEGER auto_increment , `email` VARCHAR(45) NOT NULL, `password` VARCHAR(255) NOT NULL, `created_at` DATETIME NOT NULL, `updated_at` DATETIME NOT NULL, PRIMARY KEY (`id`)) ENGINE=InnoDB DEFAULT CHARSET=utf8mb4 COLLATE utf8mb4_general_ci;
2022-04-14 00:09:00 info: 9ms Executed (default): SHOW INDEX FROM `users`
2022-04-14 00:10:08 info: =================================
2022-04-14 00:10:08 info: ======= ENV: development =======
2022-04-14 00:10:08 info: 🚀 App listening on the port 3000
2022-04-14 00:10:08 info: =================================
2022-04-14 00:10:08 info: 3ms Executed (default): SELECT 1+1 AS result
2022-04-14 00:10:08 info: 5ms Executed (default): CREATE TABLE IF NOT EXISTS `users` (`id` INTEGER auto_increment , `email` VARCHAR(45) NOT NULL, `password` VARCHAR(255) NOT NULL, `created_at` DATETIME NOT NULL, `updated_at` DATETIME NOT NULL, PRIMARY KEY (`id`)) ENGINE=InnoDB DEFAULT CHARSET=utf8mb4 COLLATE utf8mb4_general_ci;
2022-04-14 00:10:08 info: 7ms Executed (default): SHOW INDEX FROM `users`
2022-04-14 00:11:59 info: =================================
2022-04-14 00:11:59 info: ======= ENV: development =======
2022-04-14 00:11:59 info: 🚀 App listening on the port 3000
2022-04-14 00:11:59 info: =================================
2022-04-14 00:11:59 info: 3ms Executed (default): SELECT 1+1 AS result
2022-04-14 00:11:59 info: 5ms Executed (default): CREATE TABLE IF NOT EXISTS `users` (`id` INTEGER auto_increment , `email` VARCHAR(45) NOT NULL, `password` VARCHAR(255) NOT NULL, `created_at` DATETIME NOT NULL, `updated_at` DATETIME NOT NULL, PRIMARY KEY (`id`)) ENGINE=InnoDB DEFAULT CHARSET=utf8mb4 COLLATE utf8mb4_general_ci;
2022-04-14 00:11:59 info: 7ms Executed (default): SHOW INDEX FROM `users`
2022-04-14 00:12:59 info: =================================
2022-04-14 00:12:59 info: ======= ENV: development =======
2022-04-14 00:12:59 info: 🚀 App listening on the port 3000
2022-04-14 00:12:59 info: =================================
2022-04-14 00:12:59 info: 2ms Executed (default): SELECT 1+1 AS result
2022-04-14 00:12:59 info: 4ms Executed (default): CREATE TABLE IF NOT EXISTS `users` (`id` INTEGER auto_increment , `email` VARCHAR(45) NOT NULL, `password` VARCHAR(255) NOT NULL, `created_at` DATETIME NOT NULL, `updated_at` DATETIME NOT NULL, PRIMARY KEY (`id`)) ENGINE=InnoDB DEFAULT CHARSET=utf8mb4 COLLATE utf8mb4_general_ci;
2022-04-14 00:12:59 info: 8ms Executed (default): SHOW INDEX FROM `users`
2022-04-14 00:15:03 info: =================================
2022-04-14 00:15:03 info: ======= ENV: development =======
2022-04-14 00:15:03 info: 🚀 App listening on the port 3000
2022-04-14 00:15:03 info: =================================
2022-04-14 00:15:04 info: 2ms Executed (default): SELECT 1+1 AS result
2022-04-14 00:15:04 info: 4ms Executed (default): CREATE TABLE IF NOT EXISTS `users` (`id` INTEGER auto_increment , `email` VARCHAR(45) NOT NULL, `password` VARCHAR(255) NOT NULL, `created_at` DATETIME NOT NULL, `updated_at` DATETIME NOT NULL, PRIMARY KEY (`id`)) ENGINE=InnoDB DEFAULT CHARSET=utf8mb4 COLLATE utf8mb4_general_ci;
2022-04-14 00:15:04 info: 5ms Executed (default): SHOW INDEX FROM `users`
2022-04-14 00:16:04 info: =================================
2022-04-14 00:16:04 info: ======= ENV: development =======
2022-04-14 00:16:04 info: 🚀 App listening on the port 3000
2022-04-14 00:16:04 info: =================================
2022-04-14 00:16:04 info: 6ms Executed (default): SELECT 1+1 AS result
2022-04-14 00:16:04 info: 9ms Executed (default): CREATE TABLE IF NOT EXISTS `users` (`id` INTEGER auto_increment , `email` VARCHAR(45) NOT NULL, `password` VARCHAR(255) NOT NULL, `created_at` DATETIME NOT NULL, `updated_at` DATETIME NOT NULL, PRIMARY KEY (`id`)) ENGINE=InnoDB DEFAULT CHARSET=utf8mb4 COLLATE utf8mb4_general_ci;
2022-04-14 00:16:04 info: 11ms Executed (default): SHOW INDEX FROM `users`
2022-04-14 00:16:26 info: =================================
2022-04-14 00:16:26 info: ======= ENV: development =======
2022-04-14 00:16:26 info: 🚀 App listening on the port 3000
2022-04-14 00:16:26 info: =================================
2022-04-14 00:16:26 info: 3ms Executed (default): SELECT 1+1 AS result
2022-04-14 00:16:26 info: 5ms Executed (default): CREATE TABLE IF NOT EXISTS `users` (`id` INTEGER auto_increment , `email` VARCHAR(45) NOT NULL, `password` VARCHAR(255) NOT NULL, `created_at` DATETIME NOT NULL, `updated_at` DATETIME NOT NULL, PRIMARY KEY (`id`)) ENGINE=InnoDB DEFAULT CHARSET=utf8mb4 COLLATE utf8mb4_general_ci;
2022-04-14 00:16:26 info: 7ms Executed (default): SHOW INDEX FROM `users`
2022-04-14 00:17:03 info: [0mGET /api-docs [36m301[0m 14.755 ms - 183[0m
2022-04-14 00:17:03 info: [0mGET /api-docs/ [32m200[0m 9.848 ms - -[0m
2022-04-14 00:17:03 info: [0mGET /api-docs/swagger-ui-init.js [32m200[0m 1.190 ms - -[0m
2022-04-14 00:17:03 info: [0mGET /api-docs/swagger-ui.css [32m200[0m 16.745 ms - -[0m
2022-04-14 00:17:03 info: [0mGET /api-docs/swagger-ui-standalone-preset.js [32m200[0m 17.013 ms - -[0m
2022-04-14 00:17:03 info: [0mGET /api-docs/swagger-ui-bundle.js [32m200[0m 19.345 ms - -[0m
2022-04-14 00:17:05 info: [0mGET /api-docs/favicon-32x32.png [32m200[0m 1.750 ms - 628[0m
2022-04-14 22:45:40 info: =================================
2022-04-14 22:45:40 info: ======= ENV: development =======
2022-04-14 22:45:40 info: 🚀 App listening on the port 3000
2022-04-14 22:45:40 info: =================================
2022-04-14 22:46:46 info: [0mGET /js/runtime~main.1649938710732.js [33m404[0m 8.126 ms - 171[0m
2022-04-14 22:46:46 info: [0mGET /js/vendors-node_modules_ant-design_icons_es_icons_LockOutlined_js-node_modules_ant-design_icons_-984693.1649938710732.js [33m404[0m 2.675 ms - 259[0m
2022-04-14 22:46:46 info: [0mGET /js/main.1649938710732.js [33m404[0m 1.444 ms - 163[0m
2022-04-14 22:46:47 info: [0mGET /asiainfo.ico [33m404[0m 0.583 ms - 151[0m
2022-04-14 22:50:05 info: =================================
2022-04-14 22:50:05 info: ======= ENV: development =======
2022-04-14 22:50:05 info: 🚀 App listening on the port 3000
2022-04-14 22:50:05 info: =================================
2022-04-14 22:50:05 info: 1ms Executed (default): SELECT 1+1 AS result
2022-04-14 22:50:05 info: 11ms Executed (default): CREATE TABLE IF NOT EXISTS `users` (`id` INTEGER auto_increment , `email` VARCHAR(45) NOT NULL, `password` VARCHAR(255) NOT NULL, `created_at` DATETIME NOT NULL, `updated_at` DATETIME NOT NULL, PRIMARY KEY (`id`)) ENGINE=InnoDB DEFAULT CHARSET=utf8mb4 COLLATE utf8mb4_general_ci;
2022-04-14 22:50:05 info: 18ms Executed (default): SHOW INDEX FROM `users`
2022-04-14 22:50:24 info: [0mGET /api-docs [36m301[0m 5.327 ms - 183[0m
2022-04-14 22:50:24 info: [0mGET /api-docs/ [32m200[0m 5.112 ms - -[0m
2022-04-14 22:50:24 info: [0mGET /api-docs/swagger-ui-init.js [32m200[0m 1.125 ms - -[0m
2022-04-14 22:50:24 info: [0mGET /api-docs/swagger-ui.css [32m200[0m 5.057 ms - -[0m
2022-04-14 22:50:24 info: [0mGET /api-docs/swagger-ui-standalone-preset.js [32m200[0m 9.813 ms - -[0m
2022-04-14 22:50:24 info: [0mGET /api-docs/swagger-ui-bundle.js [32m200[0m 9.637 ms - -[0m
2022-04-14 22:50:25 info: [0mGET /api-docs/favicon-32x32.png [32m200[0m 2.457 ms - 628[0m
2022-04-14 22:53:46 info: 1ms Executed (default): SELECT 1+1 AS result
2022-04-14 22:53:55 info: 1ms Executed (default): SELECT 1+1 AS result
2022-04-14 22:54:00 info: =================================
2022-04-14 22:54:00 info: ======= ENV: development =======
2022-04-14 22:54:00 info: 🚀 App listening on the port 3000
2022-04-14 22:54:00 info: =================================
2022-04-14 22:54:00 info: 1ms Executed (default): SELECT 1+1 AS result
2022-04-14 22:54:00 info: 2ms Executed (default): CREATE TABLE IF NOT EXISTS `users` (`id` INTEGER auto_increment , `email` VARCHAR(45) NOT NULL, `password` VARCHAR(255) NOT NULL, `created_at` DATETIME NOT NULL, `updated_at` DATETIME NOT NULL, PRIMARY KEY (`id`)) ENGINE=InnoDB DEFAULT CHARSET=utf8mb4 COLLATE utf8mb4_general_ci;
2022-04-14 22:54:00 info: 3ms Executed (default): SHOW INDEX FROM `users`
2022-04-14 22:56:38 info: =================================
2022-04-14 22:56:38 info: ======= ENV: development =======
2022-04-14 22:56:38 info: 🚀 App listening on the port 3000
2022-04-14 22:56:38 info: =================================
2022-04-14 22:56:38 info: 1ms Executed (default): SELECT 1+1 AS result
2022-04-14 22:56:38 info: 3ms Executed (default): CREATE TABLE IF NOT EXISTS `users` (`id` INTEGER auto_increment , `email` VARCHAR(45) NOT NULL, `password` VARCHAR(255) NOT NULL, `created_at` DATETIME NOT NULL, `updated_at` DATETIME NOT NULL, PRIMARY KEY (`id`)) ENGINE=InnoDB DEFAULT CHARSET=utf8mb4 COLLATE utf8mb4_general_ci;
2022-04-14 22:56:38 info: 4ms Executed (default): SHOW INDEX FROM `users`
2022-04-14 22:56:43 info: =================================
2022-04-14 22:56:43 info: ======= ENV: development =======
2022-04-14 22:56:43 info: 🚀 App listening on the port 3000
2022-04-14 22:56:43 info: =================================
2022-04-14 22:56:43 info: 1ms Executed (default): SELECT 1+1 AS result
2022-04-14 22:56:43 info: 2ms Executed (default): CREATE TABLE IF NOT EXISTS `users` (`id` INTEGER auto_increment , `email` VARCHAR(45) NOT NULL, `password` VARCHAR(255) NOT NULL, `created_at` DATETIME NOT NULL, `updated_at` DATETIME NOT NULL, PRIMARY KEY (`id`)) ENGINE=InnoDB DEFAULT CHARSET=utf8mb4 COLLATE utf8mb4_general_ci;
2022-04-14 22:56:43 info: 3ms Executed (default): SHOW INDEX FROM `users`
2022-04-14 22:59:25 info: [0mGET / [32m200[0m 9.011 ms - 2[0m
2022-04-14 22:59:26 info: [0mGET /favicon.ico [33m404[0m 3.371 ms - 150[0m
2022-04-14 23:00:00 info: [0mGET / [36m304[0m 1.174 ms - -[0m
2022-04-14 23:00:03 info: [0mGET / [36m304[0m 0.461 ms - -[0m
2022-04-14 23:00:06 info: [0mGET /api-docs/ [36m304[0m 3.591 ms - -[0m
2022-04-14 23:00:06 info: [0mGET /api-docs/swagger-ui-init.js [36m304[0m 0.697 ms - -[0m
2022-04-14 23:00:06 info: [0mGET /api-docs/swagger-ui.css [36m304[0m 8.105 ms - -[0m
2022-04-14 23:00:06 info: [0mGET /api-docs/swagger-ui-bundle.js [36m304[0m 7.047 ms - -[0m
2022-04-14 23:00:06 info: [0mGET /api-docs/swagger-ui-standalone-preset.js [36m304[0m 6.328 ms - -[0m
2022-04-14 23:00:07 info: [0mGET /api-docs/favicon-32x32.png [36m304[0m 2.381 ms - -[0m
2022-04-14 23:00:35 info: [0mGET / [36m304[0m 0.850 ms - -[0m
2022-04-14 23:02:05 info: [0mGET / [36m304[0m 0.907 ms - -[0m
2022-04-14 23:04:35 info: [0mGET / [36m304[0m 0.920 ms - -[0m
2022-04-14 23:06:23 info: [0mGET / [36m304[0m 0.783 ms - -[0m
2022-04-14 23:26:42 info: =================================
2022-04-14 23:26:42 info: ======= ENV: development =======
2022-04-14 23:26:42 info: 🚀 App listening on the port 3000
2022-04-14 23:26:42 info: =================================
2022-04-14 23:26:42 info: 1ms Executed (default): SELECT 1+1 AS result
2022-04-14 23:26:42 info: 2ms Executed (default): CREATE TABLE IF NOT EXISTS `users` (`id` INTEGER auto_increment , `email` VARCHAR(45) NOT NULL, `password` VARCHAR(255) NOT NULL, `created_at` DATETIME NOT NULL, `updated_at` DATETIME NOT NULL, PRIMARY KEY (`id`)) ENGINE=InnoDB DEFAULT CHARSET=utf8mb4 COLLATE utf8mb4_general_ci;
2022-04-14 23:26:42 info: 3ms Executed (default): SHOW INDEX FROM `users`
2022-04-14 23:28:23 info: =================================
2022-04-14 23:28:23 info: ======= ENV: development =======
2022-04-14 23:28:23 info: 🚀 App listening on the port 8000
2022-04-14 23:28:23 info: =================================
2022-04-14 23:28:23 info: 1ms Executed (default): SELECT 1+1 AS result
2022-04-14 23:28:23 info: 2ms Executed (default): CREATE TABLE IF NOT EXISTS `users` (`id` INTEGER auto_increment , `email` VARCHAR(45) NOT NULL, `password` VARCHAR(255) NOT NULL, `created_at` DATETIME NOT NULL, `updated_at` DATETIME NOT NULL, PRIMARY KEY (`id`)) ENGINE=InnoDB DEFAULT CHARSET=utf8mb4 COLLATE utf8mb4_general_ci;
2022-04-14 23:28:23 info: 3ms Executed (default): SHOW INDEX FROM `users`
2022-04-14 23:28:38 info: [0mGET / [32m200[0m 4.834 ms - 2[0m
2022-04-14 23:28:39 info: [0mGET /favicon.ico [33m404[0m 3.238 ms - 150[0m
2022-04-14 23:31:11 error: [POST] /login >> StatusCode:: 400, Message:: email must be an email
2022-04-14 23:31:11 info: [0mPOST /login [33m400[0m 37.044 ms - 36[0m
2022-04-14 23:32:02 info: 1ms Executed (default): SELECT `id`, `email`, `password`, `created_at` AS `createdAt`, `updated_at` AS `updatedAt` FROM `users` AS `UserModel` WHERE `UserModel`.`email` = 'admin@123.com' LIMIT 1;
2022-04-14 23:32:02 error: [POST] /login >> StatusCode:: 409, Message:: You're password not matching
2022-04-14 23:32:02 info: [0mPOST /login [33m409[0m 79.908 ms - 42[0m
2022-04-14 23:32:37 info: 1ms Executed (default): SELECT `id`, `email`, `password`, `created_at` AS `createdAt`, `updated_at` AS `updatedAt` FROM `users` AS `UserModel` WHERE `UserModel`.`email` = 'admin@123.com' LIMIT 1;
2022-04-14 23:32:37 info: [0mPOST /login [32m200[0m 68.601 ms - 211[0m
2022-04-14 23:32:58 info: =================================
2022-04-14 23:32:58 info: ======= ENV: development =======
2022-04-14 23:32:58 info: 🚀 App listening on the port 8000
2022-04-14 23:32:58 info: =================================
2022-04-14 23:32:58 info: 1ms Executed (default): SELECT 1+1 AS result
2022-04-14 23:32:58 info: 3ms Executed (default): CREATE TABLE IF NOT EXISTS `users` (`id` INTEGER auto_increment , `email` VARCHAR(45) NOT NULL, `password` VARCHAR(255) NOT NULL, `created_at` DATETIME NOT NULL, `updated_at` DATETIME NOT NULL, PRIMARY KEY (`id`)) ENGINE=InnoDB DEFAULT CHARSET=utf8mb4 COLLATE utf8mb4_general_ci;
2022-04-14 23:32:58 info: 3ms Executed (default): SHOW INDEX FROM `users`
2022-04-14 23:38:51 info: =================================
2022-04-14 23:38:51 info: ======= ENV: development =======
2022-04-14 23:38:51 info: 🚀 App listening on the port 8000
2022-04-14 23:38:51 info: =================================
2022-04-14 23:38:51 info: 2ms Executed (default): SELECT 1+1 AS result
2022-04-14 23:38:51 info: 3ms Executed (default): CREATE TABLE IF NOT EXISTS `users` (`id` INTEGER auto_increment , `user_id` VARCHAR(45) NOT NULL, `email` VARCHAR(45) NOT NULL, `password` VARCHAR(255) NOT NULL, `created_at` DATETIME NOT NULL, `updated_at` DATETIME NOT NULL, PRIMARY KEY (`id`)) ENGINE=InnoDB DEFAULT CHARSET=utf8mb4 COLLATE utf8mb4_general_ci;
2022-04-14 23:38:51 info: 5ms Executed (default): SHOW INDEX FROM `users`
2022-04-14 23:39:17 info: =================================
2022-04-14 23:39:17 info: ======= ENV: development =======
2022-04-14 23:39:17 info: 🚀 App listening on the port 8000
2022-04-14 23:39:17 info: =================================
2022-04-14 23:39:17 info: 1ms Executed (default): SELECT 1+1 AS result
2022-04-14 23:39:17 info: 2ms Executed (default): CREATE TABLE IF NOT EXISTS `users` (`id` INTEGER auto_increment , `user_id` VARCHAR(45) NOT NULL, `email` VARCHAR(45) NOT NULL, `password` VARCHAR(255) NOT NULL, `created_at` DATETIME NOT NULL, `updated_at` DATETIME NOT NULL, PRIMARY KEY (`id`)) ENGINE=InnoDB DEFAULT CHARSET=utf8mb4 COLLATE utf8mb4_general_ci;
2022-04-14 23:39:17 info: 3ms Executed (default): SHOW INDEX FROM `users`
2022-04-14 23:39:38 info: =================================
2022-04-14 23:39:38 info: ======= ENV: development =======
2022-04-14 23:39:38 info: 🚀 App listening on the port 8000
2022-04-14 23:39:38 info: =================================
2022-04-14 23:39:38 info: 2ms Executed (default): SELECT 1+1 AS result
2022-04-14 23:39:38 info: 2ms Executed (default): CREATE TABLE IF NOT EXISTS `users` (`id` INTEGER auto_increment , `user_id` VARCHAR(45) NOT NULL, `email` VARCHAR(45) NOT NULL, `password` VARCHAR(255) NOT NULL, `created_at` DATETIME NOT NULL, `updated_at` DATETIME NOT NULL, PRIMARY KEY (`id`)) ENGINE=InnoDB DEFAULT CHARSET=utf8mb4 COLLATE utf8mb4_general_ci;
2022-04-14 23:39:38 info: 4ms Executed (default): SHOW INDEX FROM `users`
2022-04-14 23:39:48 info: =================================
2022-04-14 23:39:48 info: ======= ENV: development =======
2022-04-14 23:39:48 info: 🚀 App listening on the port 8000
2022-04-14 23:39:48 info: =================================
2022-04-14 23:39:48 info: 1ms Executed (default): SELECT 1+1 AS result
2022-04-14 23:39:48 info: 2ms Executed (default): CREATE TABLE IF NOT EXISTS `users` (`id` INTEGER auto_increment , `user_id` VARCHAR(45) NOT NULL UNIQUE, `email` VARCHAR(45) NOT NULL, `password` VARCHAR(255) NOT NULL, `created_at` DATETIME NOT NULL, `updated_at` DATETIME NOT NULL, PRIMARY KEY (`id`)) ENGINE=InnoDB DEFAULT CHARSET=utf8mb4 COLLATE utf8mb4_general_ci;
2022-04-14 23:39:48 info: 3ms Executed (default): SHOW INDEX FROM `users`
2022-04-14 23:39:53 info: =================================
2022-04-14 23:39:53 info: ======= ENV: development =======
2022-04-14 23:39:53 info: 🚀 App listening on the port 8000
2022-04-14 23:39:53 info: =================================
2022-04-14 23:39:53 info: 1ms Executed (default): SELECT 1+1 AS result
2022-04-14 23:39:53 info: 2ms Executed (default): CREATE TABLE IF NOT EXISTS `users` (`id` INTEGER auto_increment , `user_id` VARCHAR(45) NOT NULL UNIQUE, `email` VARCHAR(45) NOT NULL UNIQUE, `password` VARCHAR(255) NOT NULL, `created_at` DATETIME NOT NULL, `updated_at` DATETIME NOT NULL, PRIMARY KEY (`id`)) ENGINE=InnoDB DEFAULT CHARSET=utf8mb4 COLLATE utf8mb4_general_ci;
2022-04-14 23:39:53 info: 3ms Executed (default): SHOW INDEX FROM `users`
2022-04-14 23:40:08 info: =================================
2022-04-14 23:40:08 info: ======= ENV: development =======
2022-04-14 23:40:08 info: 🚀 App listening on the port 8000
2022-04-14 23:40:08 info: =================================
2022-04-14 23:40:09 info: 1ms Executed (default): SELECT 1+1 AS result
2022-04-14 23:40:09 info: 2ms Executed (default): CREATE TABLE IF NOT EXISTS `users` (`id` INTEGER auto_increment , `user_id` VARCHAR(45) NOT NULL UNIQUE, `email` VARCHAR(45) NOT NULL UNIQUE, `password` VARCHAR(255) NOT NULL, `created_at` DATETIME NOT NULL, `updated_at` DATETIME NOT NULL, PRIMARY KEY (`id`)) ENGINE=InnoDB DEFAULT CHARSET=utf8mb4 COLLATE utf8mb4_general_ci;
2022-04-14 23:40:09 info: 3ms Executed (default): SHOW INDEX FROM `users`
2022-04-14 23:40:27 info: =================================
2022-04-14 23:40:27 info: ======= ENV: development =======
2022-04-14 23:40:27 info: 🚀 App listening on the port 8000
2022-04-14 23:40:27 info: =================================
2022-04-14 23:40:27 info: 1ms Executed (default): SELECT 1+1 AS result
2022-04-14 23:40:27 info: 40ms Executed (default): CREATE TABLE IF NOT EXISTS `users` (`id` INTEGER auto_increment , `user_id` VARCHAR(45) NOT NULL UNIQUE, `email` VARCHAR(45) NOT NULL UNIQUE, `password` VARCHAR(255) NOT NULL, `created_at` DATETIME NOT NULL, `updated_at` DATETIME NOT NULL, PRIMARY KEY (`id`)) ENGINE=InnoDB DEFAULT CHARSET=utf8mb4 COLLATE utf8mb4_general_ci;
2022-04-14 23:40:27 info: 13ms Executed (default): SHOW INDEX FROM `users`
2022-04-14 23:42:38 info: =================================
2022-04-14 23:42:38 info: ======= ENV: development =======
2022-04-14 23:42:38 info: 🚀 App listening on the port 8000
2022-04-14 23:42:38 info: =================================
2022-04-14 23:42:38 info: 1ms Executed (default): SELECT 1+1 AS result
2022-04-14 23:42:38 info: 3ms Executed (default): CREATE TABLE IF NOT EXISTS `users` (`id` INTEGER auto_increment , `user_id` VARCHAR(45) NOT NULL UNIQUE, `email` VARCHAR(45) NOT NULL UNIQUE, `password` VARCHAR(255) NOT NULL, `created_at` DATETIME NOT NULL, `updated_at` DATETIME NOT NULL, PRIMARY KEY (`id`)) ENGINE=InnoDB DEFAULT CHARSET=utf8mb4 COLLATE utf8mb4_general_ci;
2022-04-14 23:42:38 info: 4ms Executed (default): SHOW INDEX FROM `users`
2022-04-14 23:43:53 info: =================================
2022-04-14 23:43:53 info: ======= ENV: development =======
2022-04-14 23:43:53 info: 🚀 App listening on the port 8000
2022-04-14 23:43:53 info: =================================
2022-04-14 23:43:53 info: 1ms Executed (default): SELECT 1+1 AS result
2022-04-14 23:43:53 info: 2ms Executed (default): CREATE TABLE IF NOT EXISTS `users` (`id` INTEGER auto_increment , `user_id` VARCHAR(45) NOT NULL UNIQUE, `email` VARCHAR(45) NOT NULL UNIQUE, `password` VARCHAR(255) NOT NULL, `created_at` DATETIME NOT NULL, `updated_at` DATETIME NOT NULL, PRIMARY KEY (`id`)) ENGINE=InnoDB DEFAULT CHARSET=utf8mb4 COLLATE utf8mb4_general_ci;
2022-04-14 23:43:53 info: 3ms Executed (default): SHOW INDEX FROM `users`
2022-04-14 23:46:33 info: =================================
2022-04-14 23:46:33 info: ======= ENV: development =======
2022-04-14 23:46:33 info: 🚀 App listening on the port 8000
2022-04-14 23:46:33 info: =================================
2022-04-14 23:46:33 info: 1ms Executed (default): SELECT 1+1 AS result
2022-04-14 23:46:33 info: 2ms Executed (default): CREATE TABLE IF NOT EXISTS `users` (`id` INTEGER auto_increment , `user_id` VARCHAR(45) NOT NULL UNIQUE, `email` VARCHAR(45) NOT NULL UNIQUE, `password` VARCHAR(255) NOT NULL, `created_at` DATETIME NOT NULL, `updated_at` DATETIME NOT NULL, PRIMARY KEY (`id`)) ENGINE=InnoDB DEFAULT CHARSET=utf8mb4 COLLATE utf8mb4_general_ci;
2022-04-14 23:46:33 info: 3ms Executed (default): SHOW INDEX FROM `users`
2022-04-14 23:49:28 info: =================================
2022-04-14 23:49:28 info: ======= ENV: development =======
2022-04-14 23:49:28 info: 🚀 App listening on the port 8000
2022-04-14 23:49:28 info: =================================
2022-04-14 23:49:28 info: 1ms Executed (default): SELECT 1+1 AS result
2022-04-14 23:49:28 info: 3ms Executed (default): CREATE TABLE IF NOT EXISTS `users` (`id` INTEGER auto_increment , `user_id` VARCHAR(45) NOT NULL UNIQUE, `email` VARCHAR(45) NOT NULL UNIQUE, `password` VARCHAR(255) NOT NULL, `created_at` DATETIME NOT NULL, `updated_at` DATETIME NOT NULL, PRIMARY KEY (`id`)) ENGINE=InnoDB DEFAULT CHARSET=utf8mb4 COLLATE utf8mb4_general_ci;
2022-04-14 23:49:28 info: 4ms Executed (default): SHOW INDEX FROM `users`
2022-04-14 23:52:40 info: =================================
2022-04-14 23:52:40 info: ======= ENV: development =======
2022-04-14 23:52:40 info: 🚀 App listening on the port 8000
2022-04-14 23:52:40 info: =================================
2022-04-14 23:52:40 info: 2ms Executed (default): SELECT 1+1 AS result
2022-04-14 23:52:40 info: 2ms Executed (default): CREATE TABLE IF NOT EXISTS `users` (`id` INTEGER auto_increment , `user_id` VARCHAR(45) NOT NULL UNIQUE, `email` VARCHAR(45) NOT NULL UNIQUE, `password` VARCHAR(255) NOT NULL, `created_at` DATETIME NOT NULL, `updated_at` DATETIME NOT NULL, PRIMARY KEY (`id`)) ENGINE=InnoDB DEFAULT CHARSET=utf8mb4 COLLATE utf8mb4_general_ci;
2022-04-14 23:52:40 info: 3ms Executed (default): SHOW INDEX FROM `users`
2022-04-14 23:56:20 info: =================================
2022-04-14 23:56:20 info: ======= ENV: development =======
2022-04-14 23:56:20 info: 🚀 App listening on the port 8000
2022-04-14 23:56:20 info: =================================
2022-04-14 23:56:20 info: 1ms Executed (default): SELECT 1+1 AS result
2022-04-14 23:56:20 info: 2ms Executed (default): CREATE TABLE IF NOT EXISTS `users` (`id` INTEGER auto_increment , `user_id` VARCHAR(45) NOT NULL UNIQUE, `email` VARCHAR(45) NOT NULL UNIQUE, `password` VARCHAR(255) NOT NULL, `created_at` DATETIME NOT NULL, `updated_at` DATETIME NOT NULL, PRIMARY KEY (`id`)) ENGINE=InnoDB DEFAULT CHARSET=utf8mb4 COLLATE utf8mb4_general_ci;
2022-04-14 23:56:20 info: 4ms Executed (default): SHOW INDEX FROM `users`
2022-04-14 23:56:55 info: =================================
2022-04-14 23:56:55 info: ======= ENV: development =======
2022-04-14 23:56:55 info: 🚀 App listening on the port 8000
2022-04-14 23:56:55 info: =================================
2022-04-14 23:56:55 info: 1ms Executed (default): SELECT 1+1 AS result
2022-04-14 23:56:55 info: 3ms Executed (default): CREATE TABLE IF NOT EXISTS `users` (`id` INTEGER auto_increment , `user_id` VARCHAR(45) NOT NULL UNIQUE, `email` VARCHAR(45) NOT NULL UNIQUE, `password` VARCHAR(255) NOT NULL, `created_at` DATETIME NOT NULL, `updated_at` DATETIME NOT NULL, PRIMARY KEY (`id`)) ENGINE=InnoDB DEFAULT CHARSET=utf8mb4 COLLATE utf8mb4_general_ci;
2022-04-14 23:56:55 info: 3ms Executed (default): SHOW INDEX FROM `users`
2022-04-14 23:57:04 info: =================================
2022-04-14 23:57:04 info: ======= ENV: development =======
2022-04-14 23:57:04 info: 🚀 App listening on the port 8000
2022-04-14 23:57:04 info: =================================
2022-04-14 23:57:04 info: 1ms Executed (default): SELECT 1+1 AS result
2022-04-14 23:57:04 info: 3ms Executed (default): CREATE TABLE IF NOT EXISTS `users` (`id` INTEGER auto_increment , `user_id` VARCHAR(45) NOT NULL UNIQUE, `email` VARCHAR(45) NOT NULL UNIQUE, `password` VARCHAR(255) NOT NULL, `created_at` DATETIME NOT NULL, `updated_at` DATETIME NOT NULL, PRIMARY KEY (`id`)) ENGINE=InnoDB DEFAULT CHARSET=utf8mb4 COLLATE utf8mb4_general_ci;
2022-04-14 23:57:04 info: 3ms Executed (default): SHOW INDEX FROM `users`
2022-04-14 23:58:55 info: 1ms Executed (default): SELECT 1+1 AS result
2022-04-14 23:59:34 info: =================================
2022-04-14 23:59:34 info: ======= ENV: development =======
2022-04-14 23:59:34 info: 🚀 App listening on the port 8000
2022-04-14 23:59:34 info: =================================
2022-04-14 23:59:34 info: 1ms Executed (default): SELECT 1+1 AS result
2022-04-14 23:59:34 info: 3ms Executed (default): CREATE TABLE IF NOT EXISTS `users` (`id` INTEGER auto_increment , `user_id` VARCHAR(45) NOT NULL UNIQUE, `email` VARCHAR(45) NOT NULL UNIQUE, `password` VARCHAR(255) NOT NULL, `created_at` DATETIME NOT NULL, `updated_at` DATETIME NOT NULL, PRIMARY KEY (`id`)) ENGINE=InnoDB DEFAULT CHARSET=utf8mb4 COLLATE utf8mb4_general_ci;
2022-04-14 23:59:34 info: 2ms Executed (default): SHOW INDEX FROM `users`
2022-04-14 23:59:41 info: =================================
2022-04-14 23:59:41 info: ======= ENV: development =======
2022-04-14 23:59:41 info: 🚀 App listening on the port 8000
2022-04-14 23:59:41 info: =================================
2022-04-14 23:59:41 info: 1ms Executed (default): SELECT 1+1 AS result
2022-04-14 23:59:41 info: 2ms Executed (default): CREATE TABLE IF NOT EXISTS `users` (`id` INTEGER auto_increment , `user_id` VARCHAR(45) NOT NULL UNIQUE, `email` VARCHAR(45) NOT NULL UNIQUE, `password` VARCHAR(255) NOT NULL, `created_at` DATETIME NOT NULL, `updated_at` DATETIME NOT NULL, PRIMARY KEY (`id`)) ENGINE=InnoDB DEFAULT CHARSET=utf8mb4 COLLATE utf8mb4_general_ci;
2022-04-14 23:59:41 info: 2ms Executed (default): SHOW INDEX FROM `users`
